[4.484s] Invoking command in '/home/strohmo/autonomous-system/build/tensorrt_cone_detect': CMAKE_PREFIX_PATH=/home/strohmo/autonomous-system/install/depthai_ros_driver:/home/strohmo/autonomous-system/install/depthai_bridge:/home/strohmo/autonomous-system/install/oak_cone_detect_interfaces:/home/strohmo/autonomous-system/install/depthai_ros_msgs:/home/strohmo/autonomous-system/install/descriptions:/home/strohmo/autonomous-system/install/depthai-ros LD_LIBRARY_PATH=/home/strohmo/autonomous-system/install/depthai_ros_driver/lib:/home/strohmo/autonomous-system/install/depthai_bridge/lib:/home/strohmo/autonomous-system/install/oak_cone_detect_interfaces/lib:/home/strohmo/autonomous-system/install/depthai_ros_msgs/lib:/opt/ros/humble/opt/rviz_ogre_vendor/lib:/opt/ros/humble/lib/x86_64-linux-gnu:/opt/ros/humble/lib:/usr/local/cuda/lib64:/opt/onnxruntime/lib PYTHONPATH=/home/strohmo/autonomous-system/build/tensorrt_cone_detect/prefix_override:/usr/lib/python3/dist-packages/colcon_core/task/python/colcon_distutils_commands:/home/strohmo/autonomous-system/install/tensorrt_cone_detect/lib/python3.10/site-packages:${PYTHONPATH} /usr/bin/python3 -W ignore:setup.py install is deprecated -W ignore:easy_install command is deprecated setup.py develop --editable --build-directory /home/strohmo/autonomous-system/build/tensorrt_cone_detect/build --no-deps symlink_data
[5.422s] running develop
[5.996s] running egg_info
[5.997s] creating tensorrt_cone_detect.egg-info
[5.998s] writing tensorrt_cone_detect.egg-info/PKG-INFO
[6.000s] writing dependency_links to tensorrt_cone_detect.egg-info/dependency_links.txt
[6.000s] writing entry points to tensorrt_cone_detect.egg-info/entry_points.txt
[6.001s] writing requirements to tensorrt_cone_detect.egg-info/requires.txt
[6.001s] writing top-level names to tensorrt_cone_detect.egg-info/top_level.txt
[6.002s] writing manifest file 'tensorrt_cone_detect.egg-info/SOURCES.txt'
[6.004s] reading manifest file 'tensorrt_cone_detect.egg-info/SOURCES.txt'
[6.005s] writing manifest file 'tensorrt_cone_detect.egg-info/SOURCES.txt'
[6.012s] running build_ext
[6.015s] Creating /home/strohmo/autonomous-system/install/tensorrt_cone_detect/lib/python3.10/site-packages/tensorrt-cone-detect.egg-link (link to .)
[6.015s] Installing depth_node script to /home/strohmo/autonomous-system/install/tensorrt_cone_detect/lib/tensorrt_cone_detect
[6.016s] Installing detection_node script to /home/strohmo/autonomous-system/install/tensorrt_cone_detect/lib/tensorrt_cone_detect
[6.018s] Installing imu_viz_node script to /home/strohmo/autonomous-system/install/tensorrt_cone_detect/lib/tensorrt_cone_detect
[6.019s] Installing multi_node_main script to /home/strohmo/autonomous-system/install/tensorrt_cone_detect/lib/tensorrt_cone_detect
[6.020s] Installing pathfinding_node script to /home/strohmo/autonomous-system/install/tensorrt_cone_detect/lib/tensorrt_cone_detect
[6.024s] 
[6.026s] Installed /home/strohmo/autonomous-system/build/tensorrt_cone_detect
[6.026s] running symlink_data
[6.029s] symbolically linking /home/strohmo/autonomous-system/build/tensorrt_cone_detect/package.xml -> /home/strohmo/autonomous-system/install/tensorrt_cone_detect/share/tensorrt_cone_detect
[6.030s] creating /home/strohmo/autonomous-system/install/tensorrt_cone_detect/share/tensorrt_cone_detect/launch
[6.034s] symbolically linking /home/strohmo/autonomous-system/build/tensorrt_cone_detect/launch/detection_node.launch.py -> /home/strohmo/autonomous-system/install/tensorrt_cone_detect/share/tensorrt_cone_detect/launch
[6.034s] creating /home/strohmo/autonomous-system/install/tensorrt_cone_detect/share/tensorrt_cone_detect/config
[6.035s] symbolically linking /home/strohmo/autonomous-system/build/tensorrt_cone_detect/config/oak_camera.yaml -> /home/strohmo/autonomous-system/install/tensorrt_cone_detect/share/tensorrt_cone_detect/config
[6.035s] creating /home/strohmo/autonomous-system/install/tensorrt_cone_detect/share/tensorrt_cone_detect/resource
[6.035s] symbolically linking /home/strohmo/autonomous-system/build/tensorrt_cone_detect/resource/best.pt -> /home/strohmo/autonomous-system/install/tensorrt_cone_detect/share/tensorrt_cone_detect/resource
[6.035s] symbolically linking /home/strohmo/autonomous-system/build/tensorrt_cone_detect/resource/best416.onnx -> /home/strohmo/autonomous-system/install/tensorrt_cone_detect/share/tensorrt_cone_detect/resource
[6.035s] symbolically linking /home/strohmo/autonomous-system/build/tensorrt_cone_detect/resource/best640.onnx -> /home/strohmo/autonomous-system/install/tensorrt_cone_detect/share/tensorrt_cone_detect/resource
[6.035s] symbolically linking /home/strohmo/autonomous-system/build/tensorrt_cone_detect/resource/v11n_416x416.onnx -> /home/strohmo/autonomous-system/install/tensorrt_cone_detect/share/tensorrt_cone_detect/resource
[6.227s] Invoked command in '/home/strohmo/autonomous-system/build/tensorrt_cone_detect' returned '0': CMAKE_PREFIX_PATH=/home/strohmo/autonomous-system/install/depthai_ros_driver:/home/strohmo/autonomous-system/install/depthai_bridge:/home/strohmo/autonomous-system/install/oak_cone_detect_interfaces:/home/strohmo/autonomous-system/install/depthai_ros_msgs:/home/strohmo/autonomous-system/install/descriptions:/home/strohmo/autonomous-system/install/depthai-ros LD_LIBRARY_PATH=/home/strohmo/autonomous-system/install/depthai_ros_driver/lib:/home/strohmo/autonomous-system/install/depthai_bridge/lib:/home/strohmo/autonomous-system/install/oak_cone_detect_interfaces/lib:/home/strohmo/autonomous-system/install/depthai_ros_msgs/lib:/opt/ros/humble/opt/rviz_ogre_vendor/lib:/opt/ros/humble/lib/x86_64-linux-gnu:/opt/ros/humble/lib:/usr/local/cuda/lib64:/opt/onnxruntime/lib PYTHONPATH=/home/strohmo/autonomous-system/build/tensorrt_cone_detect/prefix_override:/usr/lib/python3/dist-packages/colcon_core/task/python/colcon_distutils_commands:/home/strohmo/autonomous-system/install/tensorrt_cone_detect/lib/python3.10/site-packages:${PYTHONPATH} /usr/bin/python3 -W ignore:setup.py install is deprecated -W ignore:easy_install command is deprecated setup.py develop --editable --build-directory /home/strohmo/autonomous-system/build/tensorrt_cone_detect/build --no-deps symlink_data
