[4.556s] Invoking command in '/home/strohmo/autonomous-system/build/random_cone_detect': CMAKE_PREFIX_PATH=/home/strohmo/autonomous-system/install/depthai_ros_driver:/home/strohmo/autonomous-system/install/depthai_bridge:/home/strohmo/autonomous-system/install/oak_cone_detect_interfaces:/home/strohmo/autonomous-system/install/depthai_ros_msgs:/home/strohmo/autonomous-system/install/descriptions:/home/strohmo/autonomous-system/install/depthai-ros LD_LIBRARY_PATH=/home/strohmo/autonomous-system/install/depthai_ros_driver/lib:/home/strohmo/autonomous-system/install/depthai_bridge/lib:/home/strohmo/autonomous-system/install/oak_cone_detect_interfaces/lib:/home/strohmo/autonomous-system/install/depthai_ros_msgs/lib:/opt/ros/humble/opt/rviz_ogre_vendor/lib:/opt/ros/humble/lib/x86_64-linux-gnu:/opt/ros/humble/lib:/usr/local/cuda/lib64:/opt/onnxruntime/lib PYTHONPATH=/home/strohmo/autonomous-system/build/random_cone_detect/prefix_override:/usr/lib/python3/dist-packages/colcon_core/task/python/colcon_distutils_commands:/home/strohmo/autonomous-system/install/random_cone_detect/lib/python3.10/site-packages:${PYTHONPATH} /usr/bin/python3 -W ignore:setup.py install is deprecated -W ignore:easy_install command is deprecated setup.py develop --editable --build-directory /home/strohmo/autonomous-system/build/random_cone_detect/build --no-deps symlink_data
[5.506s] running develop
[6.148s] running egg_info
[6.151s] creating random_cone_detect.egg-info
[6.151s] writing random_cone_detect.egg-info/PKG-INFO
[6.152s] writing dependency_links to random_cone_detect.egg-info/dependency_links.txt
[6.152s] writing entry points to random_cone_detect.egg-info/entry_points.txt
[6.152s] writing requirements to random_cone_detect.egg-info/requires.txt
[6.152s] writing top-level names to random_cone_detect.egg-info/top_level.txt
[6.152s] writing manifest file 'random_cone_detect.egg-info/SOURCES.txt'
[6.157s] reading manifest file 'random_cone_detect.egg-info/SOURCES.txt'
[6.157s] writing manifest file 'random_cone_detect.egg-info/SOURCES.txt'
[6.168s] running build_ext
[6.175s] Creating /home/strohmo/autonomous-system/install/random_cone_detect/lib/python3.10/site-packages/random-cone-detect.egg-link (link to .)
[6.182s] Installing depth_node script to /home/strohmo/autonomous-system/install/random_cone_detect/lib/random_cone_detect
[6.182s] Installing detection_node script to /home/strohmo/autonomous-system/install/random_cone_detect/lib/random_cone_detect
[6.183s] Installing imu_viz_node script to /home/strohmo/autonomous-system/install/random_cone_detect/lib/random_cone_detect
[6.185s] Installing multi_node_main script to /home/strohmo/autonomous-system/install/random_cone_detect/lib/random_cone_detect
[6.186s] Installing pathfinding_node script to /home/strohmo/autonomous-system/install/random_cone_detect/lib/random_cone_detect
[6.187s] Installing track_publisher_node script to /home/strohmo/autonomous-system/install/random_cone_detect/lib/random_cone_detect
[6.188s] 
[6.190s] Installed /home/strohmo/autonomous-system/build/random_cone_detect
[6.190s] running symlink_data
[6.191s] symbolically linking /home/strohmo/autonomous-system/build/random_cone_detect/package.xml -> /home/strohmo/autonomous-system/install/random_cone_detect/share/random_cone_detect
[6.191s] creating /home/strohmo/autonomous-system/install/random_cone_detect/share/random_cone_detect/launch
[6.191s] symbolically linking /home/strohmo/autonomous-system/build/random_cone_detect/launch/detection_node.launch.py -> /home/strohmo/autonomous-system/install/random_cone_detect/share/random_cone_detect/launch
[6.192s] creating /home/strohmo/autonomous-system/install/random_cone_detect/share/random_cone_detect/config
[6.192s] symbolically linking /home/strohmo/autonomous-system/build/random_cone_detect/config/oak_camera.yaml -> /home/strohmo/autonomous-system/install/random_cone_detect/share/random_cone_detect/config
[6.193s] creating /home/strohmo/autonomous-system/install/random_cone_detect/share/random_cone_detect/resource
[6.199s] symbolically linking /home/strohmo/autonomous-system/build/random_cone_detect/resource/best.pt -> /home/strohmo/autonomous-system/install/random_cone_detect/share/random_cone_detect/resource
[6.199s] symbolically linking /home/strohmo/autonomous-system/build/random_cone_detect/resource/best416.onnx -> /home/strohmo/autonomous-system/install/random_cone_detect/share/random_cone_detect/resource
[6.201s] symbolically linking /home/strohmo/autonomous-system/build/random_cone_detect/resource/cone_set2.json -> /home/strohmo/autonomous-system/install/random_cone_detect/share/random_cone_detect/resource
[6.207s] symbolically linking /home/strohmo/autonomous-system/build/random_cone_detect/resource/best640.onnx -> /home/strohmo/autonomous-system/install/random_cone_detect/share/random_cone_detect/resource
[6.207s] symbolically linking /home/strohmo/autonomous-system/build/random_cone_detect/resource/cone_set1.json -> /home/strohmo/autonomous-system/install/random_cone_detect/share/random_cone_detect/resource
[6.208s] symbolically linking /home/strohmo/autonomous-system/build/random_cone_detect/resource/v11n_416x416.onnx -> /home/strohmo/autonomous-system/install/random_cone_detect/share/random_cone_detect/resource
[6.321s] Invoked command in '/home/strohmo/autonomous-system/build/random_cone_detect' returned '0': CMAKE_PREFIX_PATH=/home/strohmo/autonomous-system/install/depthai_ros_driver:/home/strohmo/autonomous-system/install/depthai_bridge:/home/strohmo/autonomous-system/install/oak_cone_detect_interfaces:/home/strohmo/autonomous-system/install/depthai_ros_msgs:/home/strohmo/autonomous-system/install/descriptions:/home/strohmo/autonomous-system/install/depthai-ros LD_LIBRARY_PATH=/home/strohmo/autonomous-system/install/depthai_ros_driver/lib:/home/strohmo/autonomous-system/install/depthai_bridge/lib:/home/strohmo/autonomous-system/install/oak_cone_detect_interfaces/lib:/home/strohmo/autonomous-system/install/depthai_ros_msgs/lib:/opt/ros/humble/opt/rviz_ogre_vendor/lib:/opt/ros/humble/lib/x86_64-linux-gnu:/opt/ros/humble/lib:/usr/local/cuda/lib64:/opt/onnxruntime/lib PYTHONPATH=/home/strohmo/autonomous-system/build/random_cone_detect/prefix_override:/usr/lib/python3/dist-packages/colcon_core/task/python/colcon_distutils_commands:/home/strohmo/autonomous-system/install/random_cone_detect/lib/python3.10/site-packages:${PYTHONPATH} /usr/bin/python3 -W ignore:setup.py install is deprecated -W ignore:easy_install command is deprecated setup.py develop --editable --build-directory /home/strohmo/autonomous-system/build/random_cone_detect/build --no-deps symlink_data
