[0.021s] Invoking command in '/home/strohmo/autonomous-system/build/depthai_bridge': CMAKE_PREFIX_PATH=/home/strohmo/autonomous-system/install/depthai_ros_msgs:/home/strohmo/autonomous-system/install/oak_cone_detect_interfaces:/home/strohmo/autonomous-system/install/descriptions:/home/strohmo/autonomous-system/install/depthai-ros:/home/strohmo/autonomous-system/install/depthai_ros_driver:/home/strohmo/autonomous-system/install/depthai_bridge:/home/strohmo/autonomous-system/install/tensorrt_cone_detect:/home/strohmo/autonomous-system/install/random_cone_detect:/home/strohmo/autonomous-system/install/pytorch_cone_detect:/home/strohmo/autonomous-system/install/onnx_cone_detect:/home/strohmo/autonomous-system/install/array_cone_detect:/opt/ros/humble LD_LIBRARY_PATH=/home/strohmo/autonomous-system/install/depthai_ros_msgs/lib:/home/strohmo/autonomous-system/install/oak_cone_detect_interfaces/lib:/home/strohmo/autonomous-system/install/depthai_ros_driver/lib:/home/strohmo/autonomous-system/install/depthai_bridge/lib:/opt/ros/humble/opt/rviz_ogre_vendor/lib:/opt/ros/humble/lib/x86_64-linux-gnu:/opt/ros/humble/lib:/usr/local/cuda/lib64:/opt/onnxruntime/lib /usr/bin/cmake /home/strohmo/autonomous-system/src/drivers/depthai-ros/depthai_bridge -DCMAKE_BUILD_TYPE=Debug -DAMENT_CMAKE_SYMLINK_INSTALL=1 -DCMAKE_INSTALL_PREFIX=/home/strohmo/autonomous-system/install/depthai_bridge
[0.154s] -- The CXX compiler identification is GNU 11.4.0
[0.259s] -- The C compiler identification is GNU 11.4.0
[0.277s] -- Detecting CXX compiler ABI info
[0.455s] -- Detecting CXX compiler ABI info - done
[0.476s] -- Check for working CXX compiler: /usr/bin/c++ - skipped
[0.478s] -- Detecting CXX compile features
[0.478s] -- Detecting CXX compile features - done
[0.485s] -- Detecting C compiler ABI info
[0.630s] -- Detecting C compiler ABI info - done
[0.646s] -- Check for working C compiler: /usr/bin/cc - skipped
[0.646s] -- Detecting C compile features
[0.647s] -- Detecting C compile features - done
[0.665s] -- ------------------------------------------
[0.666s] -- Depthai Bridge is being built using AMENT.
[0.666s] -- ------------------------------------------
[0.669s] -- Found camera_info_manager: 3.1.11 (/opt/ros/humble/share/camera_info_manager/cmake)
[1.005s] -- Found Python3: /usr/local/python/current/bin/python3 (found version "3.10.12") found components: Interpreter 
[1.152s] -- Override CMake install command with custom implementation using symlinks instead of copying resources
[1.321s] -- Found rosidl_generator_c: 3.1.6 (/opt/ros/humble/share/rosidl_generator_c/cmake)
[1.335s] -- Found rosidl_adapter: 3.1.6 (/opt/ros/humble/share/rosidl_adapter/cmake)
[1.355s] -- Found rosidl_generator_cpp: 3.1.6 (/opt/ros/humble/share/rosidl_generator_cpp/cmake)
[1.387s] -- Using all available rosidl_typesupport_c: rosidl_typesupport_fastrtps_c;rosidl_typesupport_introspection_c
[1.423s] -- Using all available rosidl_typesupport_cpp: rosidl_typesupport_fastrtps_cpp;rosidl_typesupport_introspection_cpp
[1.529s] -- Found rmw_implementation_cmake: 6.1.2 (/opt/ros/humble/share/rmw_implementation_cmake/cmake)
[1.535s] -- Found rmw_fastrtps_cpp: 6.2.7 (/opt/ros/humble/share/rmw_fastrtps_cpp/cmake)
[1.746s] -- Found OpenSSL: /usr/lib/x86_64-linux-gnu/libcrypto.so (found version "3.0.2")  
[1.818s] -- Found FastRTPS: /opt/ros/humble/include  
[1.919s] -- Using RMW implementation 'rmw_fastrtps_cpp' as default
[1.942s] -- Looking for pthread.h
[2.096s] -- Looking for pthread.h - found
[2.096s] -- Performing Test CMAKE_HAVE_LIBC_PTHREAD
[2.246s] -- Performing Test CMAKE_HAVE_LIBC_PTHREAD - Success
[2.248s] -- Found Threads: TRUE  
[2.453s] -- Found cv_bridge: 3.2.1 (/opt/ros/humble/share/cv_bridge/cmake)
[2.461s] -- Found depthai_ros_msgs: 2.9.0 (/home/strohmo/autonomous-system/install/depthai_ros_msgs/share/depthai_ros_msgs/cmake)
[2.566s] -- Found image_transport: 3.1.11 (/opt/ros/humble/share/image_transport/cmake)
[2.659s] -- Found stereo_msgs: 4.8.0 (/opt/ros/humble/share/stereo_msgs/cmake)
[2.701s] -- Found tf2_ros: 0.25.12 (/opt/ros/humble/share/tf2_ros/cmake)
[2.886s] -- Found tf2_geometry_msgs: 0.25.12 (/opt/ros/humble/share/tf2_geometry_msgs/cmake)
[2.924s] -- Found eigen3_cmake_module: 0.1.1 (/opt/ros/humble/share/eigen3_cmake_module/cmake)
[2.929s] -- Found Eigen3: TRUE (found version "3.4.0") 
[2.929s] -- Ensuring Eigen3 include directory is part of orocos-kdl CMake target
[2.945s] -- --------------------------humble ---
[2.945s] -- humble
[3.102s] -- Configuring done
[3.148s] -- Generating done
[3.157s] -- Build files have been written to: /home/strohmo/autonomous-system/build/depthai_bridge
[3.190s] Invoked command in '/home/strohmo/autonomous-system/build/depthai_bridge' returned '0': CMAKE_PREFIX_PATH=/home/strohmo/autonomous-system/install/depthai_ros_msgs:/home/strohmo/autonomous-system/install/oak_cone_detect_interfaces:/home/strohmo/autonomous-system/install/descriptions:/home/strohmo/autonomous-system/install/depthai-ros:/home/strohmo/autonomous-system/install/depthai_ros_driver:/home/strohmo/autonomous-system/install/depthai_bridge:/home/strohmo/autonomous-system/install/tensorrt_cone_detect:/home/strohmo/autonomous-system/install/random_cone_detect:/home/strohmo/autonomous-system/install/pytorch_cone_detect:/home/strohmo/autonomous-system/install/onnx_cone_detect:/home/strohmo/autonomous-system/install/array_cone_detect:/opt/ros/humble LD_LIBRARY_PATH=/home/strohmo/autonomous-system/install/depthai_ros_msgs/lib:/home/strohmo/autonomous-system/install/oak_cone_detect_interfaces/lib:/home/strohmo/autonomous-system/install/depthai_ros_driver/lib:/home/strohmo/autonomous-system/install/depthai_bridge/lib:/opt/ros/humble/opt/rviz_ogre_vendor/lib:/opt/ros/humble/lib/x86_64-linux-gnu:/opt/ros/humble/lib:/usr/local/cuda/lib64:/opt/onnxruntime/lib /usr/bin/cmake /home/strohmo/autonomous-system/src/drivers/depthai-ros/depthai_bridge -DCMAKE_BUILD_TYPE=Debug -DAMENT_CMAKE_SYMLINK_INSTALL=1 -DCMAKE_INSTALL_PREFIX=/home/strohmo/autonomous-system/install/depthai_bridge
[3.195s] Invoking command in '/home/strohmo/autonomous-system/build/depthai_bridge': CMAKE_PREFIX_PATH=/home/strohmo/autonomous-system/install/depthai_ros_msgs:/home/strohmo/autonomous-system/install/oak_cone_detect_interfaces:/home/strohmo/autonomous-system/install/descriptions:/home/strohmo/autonomous-system/install/depthai-ros:/home/strohmo/autonomous-system/install/depthai_ros_driver:/home/strohmo/autonomous-system/install/depthai_bridge:/home/strohmo/autonomous-system/install/tensorrt_cone_detect:/home/strohmo/autonomous-system/install/random_cone_detect:/home/strohmo/autonomous-system/install/pytorch_cone_detect:/home/strohmo/autonomous-system/install/onnx_cone_detect:/home/strohmo/autonomous-system/install/array_cone_detect:/opt/ros/humble LD_LIBRARY_PATH=/home/strohmo/autonomous-system/install/depthai_ros_msgs/lib:/home/strohmo/autonomous-system/install/oak_cone_detect_interfaces/lib:/home/strohmo/autonomous-system/install/depthai_ros_driver/lib:/home/strohmo/autonomous-system/install/depthai_bridge/lib:/opt/ros/humble/opt/rviz_ogre_vendor/lib:/opt/ros/humble/lib/x86_64-linux-gnu:/opt/ros/humble/lib:/usr/local/cuda/lib64:/opt/onnxruntime/lib /usr/bin/cmake --build /home/strohmo/autonomous-system/build/depthai_bridge -- -j8 -l8
[3.300s] [ 10%] [32mBuilding CXX object CMakeFiles/depthai_bridge.dir/src/ImgDetectionConverter.cpp.o[0m
[3.301s] [ 30%] [32mBuilding CXX object CMakeFiles/depthai_bridge.dir/src/ImageConverter.cpp.o[0m
[3.301s] [ 30%] [32mBuilding CXX object CMakeFiles/depthai_bridge.dir/src/DisparityConverter.cpp.o[0m
[4.320s] [ 40%] [32mBuilding CXX object CMakeFiles/depthai_bridge.dir/src/TrackSpatialDetectionConverter.cpp.o[0m
[5.342s] [ 50%] [32mBuilding CXX object CMakeFiles/depthai_bridge.dir/src/TrackDetectionConverter.cpp.o[0m
[6.371s] [ 60%] [32mBuilding CXX object CMakeFiles/depthai_bridge.dir/src/TFPublisher.cpp.o[0m
[7.415s] [ 70%] [32mBuilding CXX object CMakeFiles/depthai_bridge.dir/src/SpatialDetectionConverter.cpp.o[0m
[8.467s] [ 80%] [32mBuilding CXX object CMakeFiles/depthai_bridge.dir/src/ImuConverter.cpp.o[0m
[42.790s] [ 90%] [32mBuilding CXX object CMakeFiles/depthai_bridge.dir/src/TrackedFeaturesConverter.cpp.o[0m
[52.604s] [100%] [32m[1mLinking CXX shared library libdepthai_bridge.so[0m
[54.288s] [100%] Built target depthai_bridge
[54.311s] Invoked command in '/home/strohmo/autonomous-system/build/depthai_bridge' returned '0': CMAKE_PREFIX_PATH=/home/strohmo/autonomous-system/install/depthai_ros_msgs:/home/strohmo/autonomous-system/install/oak_cone_detect_interfaces:/home/strohmo/autonomous-system/install/descriptions:/home/strohmo/autonomous-system/install/depthai-ros:/home/strohmo/autonomous-system/install/depthai_ros_driver:/home/strohmo/autonomous-system/install/depthai_bridge:/home/strohmo/autonomous-system/install/tensorrt_cone_detect:/home/strohmo/autonomous-system/install/random_cone_detect:/home/strohmo/autonomous-system/install/pytorch_cone_detect:/home/strohmo/autonomous-system/install/onnx_cone_detect:/home/strohmo/autonomous-system/install/array_cone_detect:/opt/ros/humble LD_LIBRARY_PATH=/home/strohmo/autonomous-system/install/depthai_ros_msgs/lib:/home/strohmo/autonomous-system/install/oak_cone_detect_interfaces/lib:/home/strohmo/autonomous-system/install/depthai_ros_driver/lib:/home/strohmo/autonomous-system/install/depthai_bridge/lib:/opt/ros/humble/opt/rviz_ogre_vendor/lib:/opt/ros/humble/lib/x86_64-linux-gnu:/opt/ros/humble/lib:/usr/local/cuda/lib64:/opt/onnxruntime/lib /usr/bin/cmake --build /home/strohmo/autonomous-system/build/depthai_bridge -- -j8 -l8
[54.317s] Invoking command in '/home/strohmo/autonomous-system/build/depthai_bridge': CMAKE_PREFIX_PATH=/home/strohmo/autonomous-system/install/depthai_ros_msgs:/home/strohmo/autonomous-system/install/oak_cone_detect_interfaces:/home/strohmo/autonomous-system/install/descriptions:/home/strohmo/autonomous-system/install/depthai-ros:/home/strohmo/autonomous-system/install/depthai_ros_driver:/home/strohmo/autonomous-system/install/depthai_bridge:/home/strohmo/autonomous-system/install/tensorrt_cone_detect:/home/strohmo/autonomous-system/install/random_cone_detect:/home/strohmo/autonomous-system/install/pytorch_cone_detect:/home/strohmo/autonomous-system/install/onnx_cone_detect:/home/strohmo/autonomous-system/install/array_cone_detect:/opt/ros/humble LD_LIBRARY_PATH=/home/strohmo/autonomous-system/install/depthai_ros_msgs/lib:/home/strohmo/autonomous-system/install/oak_cone_detect_interfaces/lib:/home/strohmo/autonomous-system/install/depthai_ros_driver/lib:/home/strohmo/autonomous-system/install/depthai_bridge/lib:/opt/ros/humble/opt/rviz_ogre_vendor/lib:/opt/ros/humble/lib/x86_64-linux-gnu:/opt/ros/humble/lib:/usr/local/cuda/lib64:/opt/onnxruntime/lib /usr/bin/cmake --install /home/strohmo/autonomous-system/build/depthai_bridge
[54.332s] -- Install configuration: "Debug"
[54.333s] -- Execute custom install script
[54.334s] -- Symlinking: /home/strohmo/autonomous-system/install/depthai_bridge/share/depthai_bridge/environment/library_path.sh
[54.354s] -- Symlinking: /home/strohmo/autonomous-system/install/depthai_bridge/share/depthai_bridge/environment/library_path.dsv
[54.374s] -- Symlinking: /home/strohmo/autonomous-system/install/depthai_bridge/include//depthai_bridge/BridgePublisher.hpp
[54.395s] -- Symlinking: /home/strohmo/autonomous-system/install/depthai_bridge/include//depthai_bridge/DisparityConverter.hpp
[54.415s] -- Symlinking: /home/strohmo/autonomous-system/install/depthai_bridge/include//depthai_bridge/ImageConverter.hpp
[54.434s] -- Symlinking: /home/strohmo/autonomous-system/install/depthai_bridge/include//depthai_bridge/ImgDetectionConverter.hpp
[54.455s] -- Symlinking: /home/strohmo/autonomous-system/install/depthai_bridge/include//depthai_bridge/ImuConverter.hpp
[54.473s] -- Symlinking: /home/strohmo/autonomous-system/install/depthai_bridge/include//depthai_bridge/SpatialDetectionConverter.hpp
[54.492s] -- Symlinking: /home/strohmo/autonomous-system/install/depthai_bridge/include//depthai_bridge/TFPublisher.hpp
[54.515s] -- Symlinking: /home/strohmo/autonomous-system/install/depthai_bridge/include//depthai_bridge/TrackDetectionConverter.hpp
[54.536s] -- Symlinking: /home/strohmo/autonomous-system/install/depthai_bridge/include//depthai_bridge/TrackSpatialDetectionConverter.hpp
[54.556s] -- Symlinking: /home/strohmo/autonomous-system/install/depthai_bridge/include//depthai_bridge/TrackedFeaturesConverter.hpp
[54.575s] -- Symlinking: /home/strohmo/autonomous-system/install/depthai_bridge/include//depthai_bridge/depthaiUtility.hpp
[54.600s] -- Symlinking: /home/strohmo/autonomous-system/install/depthai_bridge/share/depthai_bridge/rviz/pointCloud.rviz
[54.621s] -- Symlinking: /home/strohmo/autonomous-system/install/depthai_bridge/share/ament_index/resource_index/package_run_dependencies/depthai_bridge
[54.641s] -- Symlinking: /home/strohmo/autonomous-system/install/depthai_bridge/share/ament_index/resource_index/parent_prefix_path/depthai_bridge
[54.661s] -- Symlinking: /home/strohmo/autonomous-system/install/depthai_bridge/share/depthai_bridge/environment/ament_prefix_path.sh
[54.686s] -- Symlinking: /home/strohmo/autonomous-system/install/depthai_bridge/share/depthai_bridge/environment/ament_prefix_path.dsv
[54.706s] -- Symlinking: /home/strohmo/autonomous-system/install/depthai_bridge/share/depthai_bridge/environment/path.sh
[54.728s] -- Symlinking: /home/strohmo/autonomous-system/install/depthai_bridge/share/depthai_bridge/environment/path.dsv
[54.751s] -- Symlinking: /home/strohmo/autonomous-system/install/depthai_bridge/share/depthai_bridge/local_setup.bash
[54.772s] -- Symlinking: /home/strohmo/autonomous-system/install/depthai_bridge/share/depthai_bridge/local_setup.sh
[54.792s] -- Symlinking: /home/strohmo/autonomous-system/install/depthai_bridge/share/depthai_bridge/local_setup.zsh
[54.814s] -- Symlinking: /home/strohmo/autonomous-system/install/depthai_bridge/share/depthai_bridge/local_setup.dsv
[54.837s] -- Symlinking: /home/strohmo/autonomous-system/install/depthai_bridge/share/depthai_bridge/package.dsv
[54.859s] -- Symlinking: /home/strohmo/autonomous-system/install/depthai_bridge/share/ament_index/resource_index/packages/depthai_bridge
[54.882s] -- Symlinking: /home/strohmo/autonomous-system/install/depthai_bridge/share/depthai_bridge/cmake/ament_cmake_export_targets-extras.cmake
[54.902s] -- Symlinking: /home/strohmo/autonomous-system/install/depthai_bridge/share/depthai_bridge/cmake/ament_cmake_export_include_directories-extras.cmake
[54.923s] -- Symlinking: /home/strohmo/autonomous-system/install/depthai_bridge/share/depthai_bridge/cmake/ament_cmake_export_libraries-extras.cmake
[54.942s] -- Symlinking: /home/strohmo/autonomous-system/install/depthai_bridge/share/depthai_bridge/cmake/ament_cmake_export_dependencies-extras.cmake
[54.960s] -- Symlinking: /home/strohmo/autonomous-system/install/depthai_bridge/share/depthai_bridge/cmake/depthai_bridgeConfig.cmake
[54.987s] -- Symlinking: /home/strohmo/autonomous-system/install/depthai_bridge/share/depthai_bridge/cmake/depthai_bridgeConfig-version.cmake
[55.007s] -- Symlinking: /home/strohmo/autonomous-system/install/depthai_bridge/share/depthai_bridge/package.xml
[55.030s] -- Installing: /home/strohmo/autonomous-system/install/depthai_bridge/lib/libdepthai_bridge.so
[55.046s] -- Set runtime path of "/home/strohmo/autonomous-system/install/depthai_bridge/lib/libdepthai_bridge.so" to ""
[55.047s] -- Installing: /home/strohmo/autonomous-system/install/depthai_bridge/share/depthai_bridge/cmake/depthai_bridgeTargets.cmake
[55.048s] -- Installing: /home/strohmo/autonomous-system/install/depthai_bridge/share/depthai_bridge/cmake/depthai_bridgeTargets-debug.cmake
[55.049s] -- Installing: /home/strohmo/autonomous-system/install/depthai_bridge/share/depthai_bridge/cmake/depthai_bridgeTargetsExport.cmake
[55.049s] -- Installing: /home/strohmo/autonomous-system/install/depthai_bridge/share/depthai_bridge/cmake/depthai_bridgeTargetsExport-debug.cmake
[55.054s] Invoked command in '/home/strohmo/autonomous-system/build/depthai_bridge' returned '0': CMAKE_PREFIX_PATH=/home/strohmo/autonomous-system/install/depthai_ros_msgs:/home/strohmo/autonomous-system/install/oak_cone_detect_interfaces:/home/strohmo/autonomous-system/install/descriptions:/home/strohmo/autonomous-system/install/depthai-ros:/home/strohmo/autonomous-system/install/depthai_ros_driver:/home/strohmo/autonomous-system/install/depthai_bridge:/home/strohmo/autonomous-system/install/tensorrt_cone_detect:/home/strohmo/autonomous-system/install/random_cone_detect:/home/strohmo/autonomous-system/install/pytorch_cone_detect:/home/strohmo/autonomous-system/install/onnx_cone_detect:/home/strohmo/autonomous-system/install/array_cone_detect:/opt/ros/humble LD_LIBRARY_PATH=/home/strohmo/autonomous-system/install/depthai_ros_msgs/lib:/home/strohmo/autonomous-system/install/oak_cone_detect_interfaces/lib:/home/strohmo/autonomous-system/install/depthai_ros_driver/lib:/home/strohmo/autonomous-system/install/depthai_bridge/lib:/opt/ros/humble/opt/rviz_ogre_vendor/lib:/opt/ros/humble/lib/x86_64-linux-gnu:/opt/ros/humble/lib:/usr/local/cuda/lib64:/opt/onnxruntime/lib /usr/bin/cmake --install /home/strohmo/autonomous-system/build/depthai_bridge
