[0.043s] Invoking command in '/home/strohmo/autonomous-system/build/descriptions': CMAKE_PREFIX_PATH=${CMAKE_PREFIX_PATH}:/home/strohmo/autonomous-system/install/tensorrt_cone_detect:/home/strohmo/autonomous-system/install/random_cone_detect:/home/strohmo/autonomous-system/install/pytorch_cone_detect:/home/strohmo/autonomous-system/install/onnx_cone_detect:/home/strohmo/autonomous-system/install/array_cone_detect:/opt/ros/humble /usr/bin/cmake /home/strohmo/autonomous-system/src/subsystems/descriptions -DCMAKE_BUILD_TYPE=Debug -DAMENT_CMAKE_SYMLINK_INSTALL=1 -DCMAKE_INSTALL_PREFIX=/home/strohmo/autonomous-system/install/descriptions
[0.201s] -- The C compiler identification is GNU 11.4.0
[0.346s] -- The CXX compiler identification is GNU 11.4.0
[0.373s] -- Detecting C compiler ABI info
[0.556s] -- Detecting C compiler ABI info - done
[0.577s] -- Check for working C compiler: /usr/bin/cc - skipped
[0.577s] -- Detecting C compile features
[0.582s] -- Detecting C compile features - done
[0.591s] -- Detecting CXX compiler ABI info
[0.801s] -- Detecting CXX compiler ABI info - done
[0.821s] -- Check for working CXX compiler: /usr/bin/c++ - skipped
[0.821s] -- Detecting CXX compile features
[0.822s] -- Detecting CXX compile features - done
[0.838s] -- Found ament_cmake: 1.3.11 (/opt/ros/humble/share/ament_cmake/cmake)
[1.287s] -- Found Python3: /usr/local/python/current/bin/python3 (found version "3.10.12") found components: Interpreter 
[1.493s] -- Override CMake install command with custom implementation using symlinks instead of copying resources
[1.584s] -- Found geometry_msgs: 4.8.0 (/opt/ros/humble/share/geometry_msgs/cmake)
[1.691s] -- Found rosidl_generator_c: 3.1.6 (/opt/ros/humble/share/rosidl_generator_c/cmake)
[1.708s] -- Found rosidl_adapter: 3.1.6 (/opt/ros/humble/share/rosidl_adapter/cmake)
[1.738s] -- Found rosidl_generator_cpp: 3.1.6 (/opt/ros/humble/share/rosidl_generator_cpp/cmake)
[1.781s] -- Using all available rosidl_typesupport_c: rosidl_typesupport_fastrtps_c;rosidl_typesupport_introspection_c
[1.840s] -- Using all available rosidl_typesupport_cpp: rosidl_typesupport_fastrtps_cpp;rosidl_typesupport_introspection_cpp
[1.973s] -- Found sensor_msgs: 4.8.0 (/opt/ros/humble/share/sensor_msgs/cmake)
[2.036s] -- Found tf2_ros: 0.25.12 (/opt/ros/humble/share/tf2_ros/cmake)
[2.315s] -- Found rmw_implementation_cmake: 6.1.2 (/opt/ros/humble/share/rmw_implementation_cmake/cmake)
[2.326s] -- Found rmw_fastrtps_cpp: 6.2.7 (/opt/ros/humble/share/rmw_fastrtps_cpp/cmake)
[2.606s] -- Found OpenSSL: /usr/lib/x86_64-linux-gnu/libcrypto.so (found version "3.0.2")  
[2.700s] -- Found FastRTPS: /opt/ros/humble/include  
[2.825s] -- Using RMW implementation 'rmw_fastrtps_cpp' as default
[2.856s] -- Looking for pthread.h
[3.041s] -- Looking for pthread.h - found
[3.041s] -- Performing Test CMAKE_HAVE_LIBC_PTHREAD
[3.239s] -- Performing Test CMAKE_HAVE_LIBC_PTHREAD - Success
[3.241s] -- Found Threads: TRUE  
[3.610s] -- Found tf2_geometry_msgs: 0.25.12 (/opt/ros/humble/share/tf2_geometry_msgs/cmake)
[3.661s] -- Found eigen3_cmake_module: 0.1.1 (/opt/ros/humble/share/eigen3_cmake_module/cmake)
[3.667s] -- Found Eigen3: TRUE (found version "3.4.0") 
[3.667s] -- Ensuring Eigen3 include directory is part of orocos-kdl CMake target
[3.676s] -- Found ament_lint_auto: 0.12.12 (/opt/ros/humble/share/ament_lint_auto/cmake)
[3.940s] -- Added test 'flake8' to check Python code syntax and style conventions
[3.941s] -- Added test 'lint_cmake' to check CMake code style
[3.943s] -- Added test 'pep257' to check Python code against some of the docstring style conventions in PEP 257
[3.948s] -- Added test 'xmllint' to check XML markup files
[3.954s] -- Configuring done
[3.970s] -- Generating done
[3.975s] -- Build files have been written to: /home/strohmo/autonomous-system/build/descriptions
[4.000s] Invoked command in '/home/strohmo/autonomous-system/build/descriptions' returned '0': CMAKE_PREFIX_PATH=${CMAKE_PREFIX_PATH}:/home/strohmo/autonomous-system/install/tensorrt_cone_detect:/home/strohmo/autonomous-system/install/random_cone_detect:/home/strohmo/autonomous-system/install/pytorch_cone_detect:/home/strohmo/autonomous-system/install/onnx_cone_detect:/home/strohmo/autonomous-system/install/array_cone_detect:/opt/ros/humble /usr/bin/cmake /home/strohmo/autonomous-system/src/subsystems/descriptions -DCMAKE_BUILD_TYPE=Debug -DAMENT_CMAKE_SYMLINK_INSTALL=1 -DCMAKE_INSTALL_PREFIX=/home/strohmo/autonomous-system/install/descriptions
[4.005s] Invoking command in '/home/strohmo/autonomous-system/build/descriptions': CMAKE_PREFIX_PATH=${CMAKE_PREFIX_PATH}:/home/strohmo/autonomous-system/install/tensorrt_cone_detect:/home/strohmo/autonomous-system/install/random_cone_detect:/home/strohmo/autonomous-system/install/pytorch_cone_detect:/home/strohmo/autonomous-system/install/onnx_cone_detect:/home/strohmo/autonomous-system/install/array_cone_detect:/opt/ros/humble /usr/bin/cmake --build /home/strohmo/autonomous-system/build/descriptions -- -j8 -l8
[4.108s] Invoked command in '/home/strohmo/autonomous-system/build/descriptions' returned '0': CMAKE_PREFIX_PATH=${CMAKE_PREFIX_PATH}:/home/strohmo/autonomous-system/install/tensorrt_cone_detect:/home/strohmo/autonomous-system/install/random_cone_detect:/home/strohmo/autonomous-system/install/pytorch_cone_detect:/home/strohmo/autonomous-system/install/onnx_cone_detect:/home/strohmo/autonomous-system/install/array_cone_detect:/opt/ros/humble /usr/bin/cmake --build /home/strohmo/autonomous-system/build/descriptions -- -j8 -l8
[4.131s] Invoking command in '/home/strohmo/autonomous-system/build/descriptions': CMAKE_PREFIX_PATH=${CMAKE_PREFIX_PATH}:/home/strohmo/autonomous-system/install/tensorrt_cone_detect:/home/strohmo/autonomous-system/install/random_cone_detect:/home/strohmo/autonomous-system/install/pytorch_cone_detect:/home/strohmo/autonomous-system/install/onnx_cone_detect:/home/strohmo/autonomous-system/install/array_cone_detect:/opt/ros/humble /usr/bin/cmake --install /home/strohmo/autonomous-system/build/descriptions
[4.153s] -- Install configuration: "Debug"
[4.155s] -- Execute custom install script
[4.156s] -- Symlinking: /home/strohmo/autonomous-system/install/descriptions/share/descriptions/launch/base-link.launch.py
[4.185s] -- Symlinking: /home/strohmo/autonomous-system/install/descriptions/share/descriptions/launch/ekf_localization.launch.py
[4.214s] -- Symlinking: /home/strohmo/autonomous-system/install/descriptions/share/descriptions/launch/odom.launch.py
[4.248s] -- Symlinking: /home/strohmo/autonomous-system/install/descriptions/share/descriptions/launch/robot_urdf.launch.py
[4.276s] -- Symlinking: /home/strohmo/autonomous-system/install/descriptions/share/descriptions/launch/tf_statics.launch.py
[4.304s] -- Symlinking: /home/strohmo/autonomous-system/install/descriptions/share/descriptions/urdf/nora11.urdf.xacro
[4.334s] -- Symlinking: /home/strohmo/autonomous-system/install/descriptions/share/descriptions/params/ekf_localization.yaml
[4.368s] -- Symlinking: /home/strohmo/autonomous-system/install/descriptions/share/ament_index/resource_index/package_run_dependencies/descriptions
[4.393s] -- Symlinking: /home/strohmo/autonomous-system/install/descriptions/share/ament_index/resource_index/parent_prefix_path/descriptions
[4.418s] -- Symlinking: /home/strohmo/autonomous-system/install/descriptions/share/descriptions/environment/ament_prefix_path.sh
[4.443s] -- Symlinking: /home/strohmo/autonomous-system/install/descriptions/share/descriptions/environment/ament_prefix_path.dsv
[4.475s] -- Symlinking: /home/strohmo/autonomous-system/install/descriptions/share/descriptions/environment/path.sh
[4.506s] -- Symlinking: /home/strohmo/autonomous-system/install/descriptions/share/descriptions/environment/path.dsv
[4.539s] -- Symlinking: /home/strohmo/autonomous-system/install/descriptions/share/descriptions/local_setup.bash
[4.555s] -- Symlinking: /home/strohmo/autonomous-system/install/descriptions/share/descriptions/local_setup.sh
[4.583s] -- Symlinking: /home/strohmo/autonomous-system/install/descriptions/share/descriptions/local_setup.zsh
[4.626s] -- Symlinking: /home/strohmo/autonomous-system/install/descriptions/share/descriptions/local_setup.dsv
[4.655s] -- Symlinking: /home/strohmo/autonomous-system/install/descriptions/share/descriptions/package.dsv
[4.683s] -- Symlinking: /home/strohmo/autonomous-system/install/descriptions/share/ament_index/resource_index/packages/descriptions
[4.709s] -- Symlinking: /home/strohmo/autonomous-system/install/descriptions/share/descriptions/cmake/descriptionsConfig.cmake
[4.737s] -- Symlinking: /home/strohmo/autonomous-system/install/descriptions/share/descriptions/cmake/descriptionsConfig-version.cmake
[4.767s] -- Symlinking: /home/strohmo/autonomous-system/install/descriptions/share/descriptions/package.xml
[4.794s] Invoked command in '/home/strohmo/autonomous-system/build/descriptions' returned '0': CMAKE_PREFIX_PATH=${CMAKE_PREFIX_PATH}:/home/strohmo/autonomous-system/install/tensorrt_cone_detect:/home/strohmo/autonomous-system/install/random_cone_detect:/home/strohmo/autonomous-system/install/pytorch_cone_detect:/home/strohmo/autonomous-system/install/onnx_cone_detect:/home/strohmo/autonomous-system/install/array_cone_detect:/opt/ros/humble /usr/bin/cmake --install /home/strohmo/autonomous-system/build/descriptions
