-- The CXX compiler identification is GNU 11.4.0
-- The C compiler identification is GNU 11.4.0
-- Detecting CXX compiler ABI info
-- Detecting CXX compiler ABI info - done
-- Check for working CXX compiler: /usr/bin/c++ - skipped
-- Detecting CXX compile features
-- Detecting CXX compile features - done
-- Detecting C compiler ABI info
-- Detecting C compiler ABI info - done
-- Check for working C compiler: /usr/bin/cc - skipped
-- Detecting C compile features
-- Detecting C compile features - done
-- Found ament_cmake: 1.3.11 (/opt/ros/humble/share/ament_cmake/cmake)
-- Found Python3: /usr/local/python/current/bin/python3 (found version "3.10.12") found components: Interpreter 
-- Override CMake install command with custom implementation using symlinks instead of copying resources
-- Configuring done
-- Generating done
-- Build files have been written to: /home/strohmo/autonomous-system/build/depthai-ros
-- Install configuration: "Debug"
-- Execute custom install script
-- Symlinking: /home/strohmo/autonomous-system/install/depthai-ros/share/ament_index/resource_index/package_run_dependencies/depthai-ros
-- Symlinking: /home/strohmo/autonomous-system/install/depthai-ros/share/ament_index/resource_index/parent_prefix_path/depthai-ros
-- Symlinking: /home/strohmo/autonomous-system/install/depthai-ros/share/depthai-ros/environment/ament_prefix_path.sh
-- Symlinking: /home/strohmo/autonomous-system/install/depthai-ros/share/depthai-ros/environment/ament_prefix_path.dsv
-- Symlinking: /home/strohmo/autonomous-system/install/depthai-ros/share/depthai-ros/environment/path.sh
-- Symlinking: /home/strohmo/autonomous-system/install/depthai-ros/share/depthai-ros/environment/path.dsv
-- Symlinking: /home/strohmo/autonomous-system/install/depthai-ros/share/depthai-ros/local_setup.bash
-- Symlinking: /home/strohmo/autonomous-system/install/depthai-ros/share/depthai-ros/local_setup.sh
-- Symlinking: /home/strohmo/autonomous-system/install/depthai-ros/share/depthai-ros/local_setup.zsh
-- Symlinking: /home/strohmo/autonomous-system/install/depthai-ros/share/depthai-ros/local_setup.dsv
-- Symlinking: /home/strohmo/autonomous-system/install/depthai-ros/share/depthai-ros/package.dsv
-- Symlinking: /home/strohmo/autonomous-system/install/depthai-ros/share/ament_index/resource_index/packages/depthai-ros
-- Symlinking: /home/strohmo/autonomous-system/install/depthai-ros/share/depthai-ros/cmake/depthai-rosConfig.cmake
-- Symlinking: /home/strohmo/autonomous-system/install/depthai-ros/share/depthai-ros/cmake/depthai-rosConfig-version.cmake
-- Symlinking: /home/strohmo/autonomous-system/install/depthai-ros/share/depthai-ros/package.xml
