[0.657s] Invoking command in '/home/strohmo/autonomous-system/build/depthai-ros': CMAKE_PREFIX_PATH=/home/strohmo/autonomous-system/install/depthai_ros_driver:/home/strohmo/autonomous-system/install/depthai_bridge:/home/strohmo/autonomous-system/install/depthai_ros_msgs:/home/strohmo/autonomous-system/install/oak_cone_detect_interfaces:/home/strohmo/autonomous-system/install/descriptions:/home/strohmo/autonomous-system/install/depthai-ros:/home/strohmo/autonomous-system/install/tensorrt_cone_detect:/home/strohmo/autonomous-system/install/random_cone_detect:/home/strohmo/autonomous-system/install/pytorch_cone_detect:/home/strohmo/autonomous-system/install/onnx_cone_detect:/home/strohmo/autonomous-system/install/array_cone_detect:/opt/ros/humble LD_LIBRARY_PATH=/home/strohmo/autonomous-system/install/depthai_ros_driver/lib:/home/strohmo/autonomous-system/install/depthai_bridge/lib:/home/strohmo/autonomous-system/install/depthai_ros_msgs/lib:/home/strohmo/autonomous-system/install/oak_cone_detect_interfaces/lib:/opt/ros/humble/opt/rviz_ogre_vendor/lib:/opt/ros/humble/lib/x86_64-linux-gnu:/opt/ros/humble/lib:/usr/local/cuda/lib64:/opt/onnxruntime/lib /usr/bin/cmake /home/strohmo/autonomous-system/src/drivers/depthai-ros/depthai-ros -DCMAKE_BUILD_TYPE=Debug -DAMENT_CMAKE_SYMLINK_INSTALL=1 -DCMAKE_INSTALL_PREFIX=/home/strohmo/autonomous-system/install/depthai-ros
[1.926s] -- The CXX compiler identification is GNU 11.4.0
[1.929s] -- The C compiler identification is GNU 11.4.0
[1.930s] -- Detecting CXX compiler ABI info
[1.930s] -- Detecting CXX compiler ABI info - done
[1.930s] -- Check for working CXX compiler: /usr/bin/c++ - skipped
[1.931s] -- Detecting CXX compile features
[1.933s] -- Detecting CXX compile features - done
[1.934s] -- Detecting C compiler ABI info
[1.935s] -- Detecting C compiler ABI info - done
[1.935s] -- Check for working C compiler: /usr/bin/cc - skipped
[1.935s] -- Detecting C compile features
[1.935s] -- Detecting C compile features - done
[1.936s] -- Found ament_cmake: 1.3.11 (/opt/ros/humble/share/ament_cmake/cmake)
[1.936s] -- Found Python3: /usr/local/python/current/bin/python3 (found version "3.10.12") found components: Interpreter 
[1.936s] -- Override CMake install command with custom implementation using symlinks instead of copying resources
[2.151s] -- Configuring done
[2.157s] -- Generating done
[2.164s] -- Build files have been written to: /home/strohmo/autonomous-system/build/depthai-ros
[3.138s] Invoked command in '/home/strohmo/autonomous-system/build/depthai-ros' returned '0': CMAKE_PREFIX_PATH=/home/strohmo/autonomous-system/install/depthai_ros_driver:/home/strohmo/autonomous-system/install/depthai_bridge:/home/strohmo/autonomous-system/install/depthai_ros_msgs:/home/strohmo/autonomous-system/install/oak_cone_detect_interfaces:/home/strohmo/autonomous-system/install/descriptions:/home/strohmo/autonomous-system/install/depthai-ros:/home/strohmo/autonomous-system/install/tensorrt_cone_detect:/home/strohmo/autonomous-system/install/random_cone_detect:/home/strohmo/autonomous-system/install/pytorch_cone_detect:/home/strohmo/autonomous-system/install/onnx_cone_detect:/home/strohmo/autonomous-system/install/array_cone_detect:/opt/ros/humble LD_LIBRARY_PATH=/home/strohmo/autonomous-system/install/depthai_ros_driver/lib:/home/strohmo/autonomous-system/install/depthai_bridge/lib:/home/strohmo/autonomous-system/install/depthai_ros_msgs/lib:/home/strohmo/autonomous-system/install/oak_cone_detect_interfaces/lib:/opt/ros/humble/opt/rviz_ogre_vendor/lib:/opt/ros/humble/lib/x86_64-linux-gnu:/opt/ros/humble/lib:/usr/local/cuda/lib64:/opt/onnxruntime/lib /usr/bin/cmake /home/strohmo/autonomous-system/src/drivers/depthai-ros/depthai-ros -DCMAKE_BUILD_TYPE=Debug -DAMENT_CMAKE_SYMLINK_INSTALL=1 -DCMAKE_INSTALL_PREFIX=/home/strohmo/autonomous-system/install/depthai-ros
[3.140s] Invoking command in '/home/strohmo/autonomous-system/build/depthai-ros': CMAKE_PREFIX_PATH=/home/strohmo/autonomous-system/install/depthai_ros_driver:/home/strohmo/autonomous-system/install/depthai_bridge:/home/strohmo/autonomous-system/install/depthai_ros_msgs:/home/strohmo/autonomous-system/install/oak_cone_detect_interfaces:/home/strohmo/autonomous-system/install/descriptions:/home/strohmo/autonomous-system/install/depthai-ros:/home/strohmo/autonomous-system/install/tensorrt_cone_detect:/home/strohmo/autonomous-system/install/random_cone_detect:/home/strohmo/autonomous-system/install/pytorch_cone_detect:/home/strohmo/autonomous-system/install/onnx_cone_detect:/home/strohmo/autonomous-system/install/array_cone_detect:/opt/ros/humble LD_LIBRARY_PATH=/home/strohmo/autonomous-system/install/depthai_ros_driver/lib:/home/strohmo/autonomous-system/install/depthai_bridge/lib:/home/strohmo/autonomous-system/install/depthai_ros_msgs/lib:/home/strohmo/autonomous-system/install/oak_cone_detect_interfaces/lib:/opt/ros/humble/opt/rviz_ogre_vendor/lib:/opt/ros/humble/lib/x86_64-linux-gnu:/opt/ros/humble/lib:/usr/local/cuda/lib64:/opt/onnxruntime/lib /usr/bin/cmake --build /home/strohmo/autonomous-system/build/depthai-ros -- -j8 -l8
[3.272s] Invoked command in '/home/strohmo/autonomous-system/build/depthai-ros' returned '0': CMAKE_PREFIX_PATH=/home/strohmo/autonomous-system/install/depthai_ros_driver:/home/strohmo/autonomous-system/install/depthai_bridge:/home/strohmo/autonomous-system/install/depthai_ros_msgs:/home/strohmo/autonomous-system/install/oak_cone_detect_interfaces:/home/strohmo/autonomous-system/install/descriptions:/home/strohmo/autonomous-system/install/depthai-ros:/home/strohmo/autonomous-system/install/tensorrt_cone_detect:/home/strohmo/autonomous-system/install/random_cone_detect:/home/strohmo/autonomous-system/install/pytorch_cone_detect:/home/strohmo/autonomous-system/install/onnx_cone_detect:/home/strohmo/autonomous-system/install/array_cone_detect:/opt/ros/humble LD_LIBRARY_PATH=/home/strohmo/autonomous-system/install/depthai_ros_driver/lib:/home/strohmo/autonomous-system/install/depthai_bridge/lib:/home/strohmo/autonomous-system/install/depthai_ros_msgs/lib:/home/strohmo/autonomous-system/install/oak_cone_detect_interfaces/lib:/opt/ros/humble/opt/rviz_ogre_vendor/lib:/opt/ros/humble/lib/x86_64-linux-gnu:/opt/ros/humble/lib:/usr/local/cuda/lib64:/opt/onnxruntime/lib /usr/bin/cmake --build /home/strohmo/autonomous-system/build/depthai-ros -- -j8 -l8
[3.278s] Invoking command in '/home/strohmo/autonomous-system/build/depthai-ros': CMAKE_PREFIX_PATH=/home/strohmo/autonomous-system/install/depthai_ros_driver:/home/strohmo/autonomous-system/install/depthai_bridge:/home/strohmo/autonomous-system/install/depthai_ros_msgs:/home/strohmo/autonomous-system/install/oak_cone_detect_interfaces:/home/strohmo/autonomous-system/install/descriptions:/home/strohmo/autonomous-system/install/depthai-ros:/home/strohmo/autonomous-system/install/tensorrt_cone_detect:/home/strohmo/autonomous-system/install/random_cone_detect:/home/strohmo/autonomous-system/install/pytorch_cone_detect:/home/strohmo/autonomous-system/install/onnx_cone_detect:/home/strohmo/autonomous-system/install/array_cone_detect:/opt/ros/humble LD_LIBRARY_PATH=/home/strohmo/autonomous-system/install/depthai_ros_driver/lib:/home/strohmo/autonomous-system/install/depthai_bridge/lib:/home/strohmo/autonomous-system/install/depthai_ros_msgs/lib:/home/strohmo/autonomous-system/install/oak_cone_detect_interfaces/lib:/opt/ros/humble/opt/rviz_ogre_vendor/lib:/opt/ros/humble/lib/x86_64-linux-gnu:/opt/ros/humble/lib:/usr/local/cuda/lib64:/opt/onnxruntime/lib /usr/bin/cmake --install /home/strohmo/autonomous-system/build/depthai-ros
[3.306s] -- Install configuration: "Debug"
[3.307s] -- Execute custom install script
[3.311s] -- Symlinking: /home/strohmo/autonomous-system/install/depthai-ros/share/ament_index/resource_index/package_run_dependencies/depthai-ros
[3.349s] -- Symlinking: /home/strohmo/autonomous-system/install/depthai-ros/share/ament_index/resource_index/parent_prefix_path/depthai-ros
[3.376s] -- Symlinking: /home/strohmo/autonomous-system/install/depthai-ros/share/depthai-ros/environment/ament_prefix_path.sh
[3.408s] -- Symlinking: /home/strohmo/autonomous-system/install/depthai-ros/share/depthai-ros/environment/ament_prefix_path.dsv
[3.453s] -- Symlinking: /home/strohmo/autonomous-system/install/depthai-ros/share/depthai-ros/environment/path.sh
[3.482s] -- Symlinking: /home/strohmo/autonomous-system/install/depthai-ros/share/depthai-ros/environment/path.dsv
[3.516s] -- Symlinking: /home/strohmo/autonomous-system/install/depthai-ros/share/depthai-ros/local_setup.bash
[3.550s] -- Symlinking: /home/strohmo/autonomous-system/install/depthai-ros/share/depthai-ros/local_setup.sh
[3.580s] -- Symlinking: /home/strohmo/autonomous-system/install/depthai-ros/share/depthai-ros/local_setup.zsh
[3.606s] -- Symlinking: /home/strohmo/autonomous-system/install/depthai-ros/share/depthai-ros/local_setup.dsv
[3.637s] -- Symlinking: /home/strohmo/autonomous-system/install/depthai-ros/share/depthai-ros/package.dsv
[3.671s] -- Symlinking: /home/strohmo/autonomous-system/install/depthai-ros/share/ament_index/resource_index/packages/depthai-ros
[3.701s] -- Symlinking: /home/strohmo/autonomous-system/install/depthai-ros/share/depthai-ros/cmake/depthai-rosConfig.cmake
[3.732s] -- Symlinking: /home/strohmo/autonomous-system/install/depthai-ros/share/depthai-ros/cmake/depthai-rosConfig-version.cmake
[3.767s] -- Symlinking: /home/strohmo/autonomous-system/install/depthai-ros/share/depthai-ros/package.xml
[3.808s] Invoked command in '/home/strohmo/autonomous-system/build/depthai-ros' returned '0': CMAKE_PREFIX_PATH=/home/strohmo/autonomous-system/install/depthai_ros_driver:/home/strohmo/autonomous-system/install/depthai_bridge:/home/strohmo/autonomous-system/install/depthai_ros_msgs:/home/strohmo/autonomous-system/install/oak_cone_detect_interfaces:/home/strohmo/autonomous-system/install/descriptions:/home/strohmo/autonomous-system/install/depthai-ros:/home/strohmo/autonomous-system/install/tensorrt_cone_detect:/home/strohmo/autonomous-system/install/random_cone_detect:/home/strohmo/autonomous-system/install/pytorch_cone_detect:/home/strohmo/autonomous-system/install/onnx_cone_detect:/home/strohmo/autonomous-system/install/array_cone_detect:/opt/ros/humble LD_LIBRARY_PATH=/home/strohmo/autonomous-system/install/depthai_ros_driver/lib:/home/strohmo/autonomous-system/install/depthai_bridge/lib:/home/strohmo/autonomous-system/install/depthai_ros_msgs/lib:/home/strohmo/autonomous-system/install/oak_cone_detect_interfaces/lib:/opt/ros/humble/opt/rviz_ogre_vendor/lib:/opt/ros/humble/lib/x86_64-linux-gnu:/opt/ros/humble/lib:/usr/local/cuda/lib64:/opt/onnxruntime/lib /usr/bin/cmake --install /home/strohmo/autonomous-system/build/depthai-ros
