[01m[K/home/strohmo/autonomous-system/src/drivers/depthai-ros/depthai_ros_driver/src/param_handlers/sensor_param_handler.cpp:[m[K In member function ‘[01m[Kvoid depthai_ros_driver::param_handlers::SensorParamHandler::declareParams(std::shared_ptr<dai::node::MonoCamera>, depthai_ros_driver::dai_nodes::sensor_helpers::ImageSensor, bool)[m[K’:
[01m[K/home/strohmo/autonomous-system/src/drivers/depthai-ros/depthai_ros_driver/src/param_handlers/sensor_param_handler.cpp:71:29:[m[K [01;35m[Kwarning: [m[K‘[01m[Kvoid dai::node::MonoCamera::setIsp3aFps(int)[m[K’ is deprecated: setIsp3aFps is unstable [[01;35m[K-Wdeprecated-declarations[m[K]
   71 |         [01;35m[KmonoCam->setIsp3aFps(declareAndLogParam<int>("i_isp3a_fps", 10))[m[K;
      |         [01;35m[K~~~~~~~~~~~~~~~~~~~~^~~~~~~~~~~~~~~~~~~~~~~~~~~~~~~~~~~~~~~~~~~~[m[K
In file included from [01m[K/home/strohmo/autonomous-system/src/drivers/depthai-ros/depthai_ros_driver/src/param_handlers/sensor_param_handler.cpp:6[m[K:
[01m[K/opt/ros/humble/include/depthai/pipeline/node/MonoCamera.hpp:128:52:[m[K [01;36m[Knote: [m[Kdeclared here
  128 |     [[deprecated("setIsp3aFps is unstable")]] void [01;36m[KsetIsp3aFps[m[K(int isp3aFps);
      |                                                    [01;36m[K^~~~~~~~~~~[m[K
[01m[K/home/strohmo/autonomous-system/src/drivers/depthai-ros/depthai_ros_driver/src/param_handlers/sensor_param_handler.cpp:[m[K In member function ‘[01m[Kvoid depthai_ros_driver::param_handlers::SensorParamHandler::declareParams(std::shared_ptr<dai::node::ColorCamera>, depthai_ros_driver::dai_nodes::sensor_helpers::ImageSensor, bool)[m[K’:
[01m[K/home/strohmo/autonomous-system/src/drivers/depthai-ros/depthai_ros_driver/src/param_handlers/sensor_param_handler.cpp:170:30:[m[K [01;35m[Kwarning: [m[K‘[01m[Kvoid dai::node::ColorCamera::setIsp3aFps(int)[m[K’ is deprecated: setIsp3aFps is unstable [[01;35m[K-Wdeprecated-declarations[m[K]
  170 |         [01;35m[KcolorCam->setIsp3aFps(declareAndLogParam<int>("i_isp3a_fps", 10))[m[K;
      |         [01;35m[K~~~~~~~~~~~~~~~~~~~~~^~~~~~~~~~~~~~~~~~~~~~~~~~~~~~~~~~~~~~~~~~~~[m[K
In file included from [01m[K/home/strohmo/autonomous-system/src/drivers/depthai-ros/depthai_ros_driver/src/param_handlers/sensor_param_handler.cpp:5[m[K:
[01m[K/opt/ros/humble/include/depthai/pipeline/node/ColorCamera.hpp:233:52:[m[K [01;36m[Knote: [m[Kdeclared here
  233 |     [[deprecated("setIsp3aFps is unstable")]] void [01;36m[KsetIsp3aFps[m[K(int isp3aFps);
      |                                                    [01;36m[K^~~~~~~~~~~[m[K
[01m[K/home/strohmo/autonomous-system/src/drivers/depthai-ros/depthai_ros_driver/src/param_handlers/stereo_param_handler.cpp:[m[K In constructor ‘[01m[Kdepthai_ros_driver::param_handlers::StereoParamHandler::StereoParamHandler(rclcpp::Node*, const string&)[m[K’:
[01m[K/home/strohmo/autonomous-system/src/drivers/depthai-ros/depthai_ros_driver/src/param_handlers/stereo_param_handler.cpp:14:63:[m[K [01;35m[Kwarning: [m[K‘[01m[Kdai::node::StereoDepth::PresetMode::HIGH_ACCURACY[m[K’ is deprecated: Will be removed in future releases and replaced with DEFAULT [[01;35m[K-Wdeprecated-declarations[m[K]
   14 |         {"HIGH_ACCURACY", dai::node::StereoDepth::PresetMode::[01;35m[KHIGH_ACCURACY[m[K},
      |                                                               [01;35m[K^~~~~~~~~~~~~[m[K
In file included from [01m[K/home/strohmo/autonomous-system/src/drivers/depthai-ros/depthai_ros_driver/include/depthai_ros_driver/param_handlers/stereo_param_handler.hpp:9[m[K,
                 from [01m[K/home/strohmo/autonomous-system/src/drivers/depthai-ros/depthai_ros_driver/src/param_handlers/stereo_param_handler.cpp:1[m[K:
[01m[K/opt/ros/humble/include/depthai/pipeline/node/StereoDepth.hpp:26:9:[m[K [01;36m[Knote: [m[Kdeclared here
   26 |         [01;36m[KHIGH_ACCURACY[m[K [[deprecated("Will be removed in future releases and replaced with DEFAULT")]],
      |         [01;36m[K^~~~~~~~~~~~~[m[K
[01m[K/home/strohmo/autonomous-system/src/drivers/depthai-ros/depthai_ros_driver/src/param_handlers/stereo_param_handler.cpp:14:63:[m[K [01;35m[Kwarning: [m[K‘[01m[Kdai::node::StereoDepth::PresetMode::HIGH_ACCURACY[m[K’ is deprecated: Will be removed in future releases and replaced with DEFAULT [[01;35m[K-Wdeprecated-declarations[m[K]
   14 |         {"HIGH_ACCURACY", dai::node::StereoDepth::PresetMode::[01;35m[KHIGH_ACCURACY[m[K},
      |                                                               [01;35m[K^~~~~~~~~~~~~[m[K
In file included from [01m[K/home/strohmo/autonomous-system/src/drivers/depthai-ros/depthai_ros_driver/include/depthai_ros_driver/param_handlers/stereo_param_handler.hpp:9[m[K,
                 from [01m[K/home/strohmo/autonomous-system/src/drivers/depthai-ros/depthai_ros_driver/src/param_handlers/stereo_param_handler.cpp:1[m[K:
[01m[K/opt/ros/humble/include/depthai/pipeline/node/StereoDepth.hpp:26:9:[m[K [01;36m[Knote: [m[Kdeclared here
   26 |         [01;36m[KHIGH_ACCURACY[m[K [[deprecated("Will be removed in future releases and replaced with DEFAULT")]],
      |         [01;36m[K^~~~~~~~~~~~~[m[K
[01m[K/home/strohmo/autonomous-system/src/drivers/depthai-ros/depthai_ros_driver/src/param_handlers/stereo_param_handler.cpp:15:62:[m[K [01;35m[Kwarning: [m[K‘[01m[Kdai::node::StereoDepth::PresetMode::HIGH_DENSITY[m[K’ is deprecated: Will be removed in future releases and replaced with DEFAULT [[01;35m[K-Wdeprecated-declarations[m[K]
   15 |         {"HIGH_DENSITY", dai::node::StereoDepth::PresetMode::[01;35m[KHIGH_DENSITY[m[K},
      |                                                              [01;35m[K^~~~~~~~~~~~[m[K
In file included from [01m[K/home/strohmo/autonomous-system/src/drivers/depthai-ros/depthai_ros_driver/include/depthai_ros_driver/param_handlers/stereo_param_handler.hpp:9[m[K,
                 from [01m[K/home/strohmo/autonomous-system/src/drivers/depthai-ros/depthai_ros_driver/src/param_handlers/stereo_param_handler.cpp:1[m[K:
[01m[K/opt/ros/humble/include/depthai/pipeline/node/StereoDepth.hpp:30:9:[m[K [01;36m[Knote: [m[Kdeclared here
   30 |         [01;36m[KHIGH_DENSITY[m[K [[deprecated("Will be removed in future releases and replaced with DEFAULT")]],
      |         [01;36m[K^~~~~~~~~~~~[m[K
[01m[K/home/strohmo/autonomous-system/src/drivers/depthai-ros/depthai_ros_driver/src/param_handlers/stereo_param_handler.cpp:15:62:[m[K [01;35m[Kwarning: [m[K‘[01m[Kdai::node::StereoDepth::PresetMode::HIGH_DENSITY[m[K’ is deprecated: Will be removed in future releases and replaced with DEFAULT [[01;35m[K-Wdeprecated-declarations[m[K]
   15 |         {"HIGH_DENSITY", dai::node::StereoDepth::PresetMode::[01;35m[KHIGH_DENSITY[m[K},
      |                                                              [01;35m[K^~~~~~~~~~~~[m[K
In file included from [01m[K/home/strohmo/autonomous-system/src/drivers/depthai-ros/depthai_ros_driver/include/depthai_ros_driver/param_handlers/stereo_param_handler.hpp:9[m[K,
                 from [01m[K/home/strohmo/autonomous-system/src/drivers/depthai-ros/depthai_ros_driver/src/param_handlers/stereo_param_handler.cpp:1[m[K:
[01m[K/opt/ros/humble/include/depthai/pipeline/node/StereoDepth.hpp:30:9:[m[K [01;36m[Knote: [m[Kdeclared here
   30 |         [01;36m[KHIGH_DENSITY[m[K [[deprecated("Will be removed in future releases and replaced with DEFAULT")]],
      |         [01;36m[K^~~~~~~~~~~~[m[K
[01m[K/home/strohmo/autonomous-system/src/drivers/depthai-ros/depthai_ros_driver/src/camera.cpp:[m[K In member function ‘[01m[Kvoid depthai_ros_driver::Camera::setIR()[m[K’:
[01m[K/home/strohmo/autonomous-system/src/drivers/depthai-ros/depthai_ros_driver/src/camera.cpp:255:49:[m[K [01;35m[Kwarning: [m[K‘[01m[Kbool dai::DeviceBase::setIrLaserDotProjectorBrightness(float, int)[m[K’ is deprecated: Use setIrLaserDotProjectorIntensity(float intensity) instead. [[01;35m[K-Wdeprecated-declarations[m[K]
  255 |         [01;35m[Kdevice->setIrLaserDotProjectorBrightness(ph->getParam<int>("i_laser_dot_brightness"))[m[K;
      |         [01;35m[K~~~~~~~~~~~~~~~~~~~~~~~~~~~~~~~~~~~~~~~~^~~~~~~~~~~~~~~~~~~~~~~~~~~~~~~~~~~~~~~~~~~~~[m[K
In file included from [01m[K/opt/ros/humble/include/depthai/device/Device.hpp:14[m[K,
                 from [01m[K/home/strohmo/autonomous-system/src/drivers/depthai-ros/depthai_ros_driver/src/camera.cpp:6[m[K:
[01m[K/opt/ros/humble/include/depthai/device/DeviceBase.hpp:510:90:[m[K [01;36m[Knote: [m[Kdeclared here
  510 |     [[deprecated("Use setIrLaserDotProjectorIntensity(float intensity) instead.")]] bool [01;36m[KsetIrLaserDotProjectorBrightness[m[K(float mA, int mask = -1);
      |                                                                                          [01;36m[K^~~~~~~~~~~~~~~~~~~~~~~~~~~~~~~~[m[K
[01m[K/home/strohmo/autonomous-system/src/drivers/depthai-ros/depthai_ros_driver/src/camera.cpp:256:42:[m[K [01;35m[Kwarning: [m[K‘[01m[Kbool dai::DeviceBase::setIrFloodLightBrightness(float, int)[m[K’ is deprecated: Use setIrFloodLightIntensity(float intensity) instead. [[01;35m[K-Wdeprecated-declarations[m[K]
  256 |         [01;35m[Kdevice->setIrFloodLightBrightness(ph->getParam<int>("i_floodlight_brightness"))[m[K;
      |         [01;35m[K~~~~~~~~~~~~~~~~~~~~~~~~~~~~~~~~~^~~~~~~~~~~~~~~~~~~~~~~~~~~~~~~~~~~~~~~~~~~~~~[m[K
In file included from [01m[K/opt/ros/humble/include/depthai/device/Device.hpp:14[m[K,
                 from [01m[K/home/strohmo/autonomous-system/src/drivers/depthai-ros/depthai_ros_driver/src/camera.cpp:6[m[K:
[01m[K/opt/ros/humble/include/depthai/device/DeviceBase.hpp:522:83:[m[K [01;36m[Knote: [m[Kdeclared here
  522 |     [[deprecated("Use setIrFloodLightIntensity(float intensity) instead.")]] bool [01;36m[KsetIrFloodLightBrightness[m[K(float mA, int mask = -1);
      |                                                                                   [01;36m[K^~~~~~~~~~~~~~~~~~~~~~~~~[m[K
[01m[K/home/strohmo/autonomous-system/src/drivers/depthai-ros/depthai_ros_driver/src/camera.cpp:[m[K In member function ‘[01m[Krcl_interfaces::msg::SetParametersResult depthai_ros_driver::Camera::parameterCB(const std::vector<rclcpp::Parameter>&)[m[K’:
[01m[K/home/strohmo/autonomous-system/src/drivers/depthai-ros/depthai_ros_driver/src/camera.cpp:264:57:[m[K [01;35m[Kwarning: [m[K‘[01m[Kbool dai::DeviceBase::setIrLaserDotProjectorBrightness(float, int)[m[K’ is deprecated: Use setIrLaserDotProjectorIntensity(float intensity) instead. [[01;35m[K-Wdeprecated-declarations[m[K]
  264 |                 [01;35m[Kdevice->setIrLaserDotProjectorBrightness(p.get_value<int>())[m[K;
      |                 [01;35m[K~~~~~~~~~~~~~~~~~~~~~~~~~~~~~~~~~~~~~~~~^~~~~~~~~~~~~~~~~~~~[m[K
In file included from [01m[K/opt/ros/humble/include/depthai/device/Device.hpp:14[m[K,
                 from [01m[K/home/strohmo/autonomous-system/src/drivers/depthai-ros/depthai_ros_driver/src/camera.cpp:6[m[K:
[01m[K/opt/ros/humble/include/depthai/device/DeviceBase.hpp:510:90:[m[K [01;36m[Knote: [m[Kdeclared here
  510 |     [[deprecated("Use setIrLaserDotProjectorIntensity(float intensity) instead.")]] bool [01;36m[KsetIrLaserDotProjectorBrightness[m[K(float mA, int mask = -1);
      |                                                                                          [01;36m[K^~~~~~~~~~~~~~~~~~~~~~~~~~~~~~~~[m[K
[01m[K/home/strohmo/autonomous-system/src/drivers/depthai-ros/depthai_ros_driver/src/camera.cpp:266:50:[m[K [01;35m[Kwarning: [m[K‘[01m[Kbool dai::DeviceBase::setIrFloodLightBrightness(float, int)[m[K’ is deprecated: Use setIrFloodLightIntensity(float intensity) instead. [[01;35m[K-Wdeprecated-declarations[m[K]
  266 |                 [01;35m[Kdevice->setIrFloodLightBrightness(p.get_value<int>())[m[K;
      |                 [01;35m[K~~~~~~~~~~~~~~~~~~~~~~~~~~~~~~~~~^~~~~~~~~~~~~~~~~~~~[m[K
In file included from [01m[K/opt/ros/humble/include/depthai/device/Device.hpp:14[m[K,
                 from [01m[K/home/strohmo/autonomous-system/src/drivers/depthai-ros/depthai_ros_driver/src/camera.cpp:6[m[K:
[01m[K/opt/ros/humble/include/depthai/device/DeviceBase.hpp:522:83:[m[K [01;36m[Knote: [m[Kdeclared here
  522 |     [[deprecated("Use setIrFloodLightIntensity(float intensity) instead.")]] bool [01;36m[KsetIrFloodLightBrightness[m[K(float mA, int mask = -1);
      |                                                                                   [01;36m[K^~~~~~~~~~~~~~~~~~~~~~~~~[m[K
