-- The C compiler identification is GNU 11.4.0
-- The CXX compiler identification is GNU 11.4.0
-- Detecting C compiler ABI info
-- Detecting C compiler ABI info - done
-- Check for working C compiler: /usr/bin/cc - skipped
-- Detecting C compile features
-- Detecting C compile features - done
-- Detecting CXX compiler ABI info
-- Detecting CXX compiler ABI info - done
-- Check for working CXX compiler: /usr/bin/c++ - skipped
-- Detecting CXX compile features
-- Detecting CXX compile features - done
-- Found ament_cmake_auto: 1.3.11 (/opt/ros/humble/share/ament_cmake_auto/cmake)
-- Found Python3: /usr/local/python/current/bin/python3 (found version "3.10.12") found components: Interpreter 
-- Override CMake install command with custom implementation using symlinks instead of copying resources
-- Found rosidl_generator_c: 3.1.6 (/opt/ros/humble/share/rosidl_generator_c/cmake)
-- Found rosidl_adapter: 3.1.6 (/opt/ros/humble/share/rosidl_adapter/cmake)
-- Found rosidl_generator_cpp: 3.1.6 (/opt/ros/humble/share/rosidl_generator_cpp/cmake)
-- Using all available rosidl_typesupport_c: rosidl_typesupport_fastrtps_c;rosidl_typesupport_introspection_c
-- Using all available rosidl_typesupport_cpp: rosidl_typesupport_fastrtps_cpp;rosidl_typesupport_introspection_cpp
-- Found rmw_implementation_cmake: 6.1.2 (/opt/ros/humble/share/rmw_implementation_cmake/cmake)
-- Found rmw_fastrtps_cpp: 6.2.7 (/opt/ros/humble/share/rmw_fastrtps_cpp/cmake)
-- Found OpenSSL: /usr/lib/x86_64-linux-gnu/libcrypto.so (found version "3.0.2")  
-- Found FastRTPS: /opt/ros/humble/include  
-- Using RMW implementation 'rmw_fastrtps_cpp' as default
-- Looking for pthread.h
-- Looking for pthread.h - found
-- Performing Test CMAKE_HAVE_LIBC_PTHREAD
-- Performing Test CMAKE_HAVE_LIBC_PTHREAD - Success
-- Found Threads: TRUE  
-- Found eigen3_cmake_module: 0.1.1 (/opt/ros/humble/share/eigen3_cmake_module/cmake)
-- Found Eigen3: TRUE (found version "3.4.0") 
-- Ensuring Eigen3 include directory is part of orocos-kdl CMake target
-- Configuring done
-- Generating done
-- Build files have been written to: /home/strohmo/autonomous-system/build/depthai_ros_driver
[  3%] [32mBuilding CXX object CMakeFiles/depthai_ros_driver_common.dir/src/utils.cpp.o[0m
[  7%] [32mBuilding CXX object CMakeFiles/depthai_ros_driver_common.dir/src/dai_nodes/sensors/sensor_helpers.cpp.o[0m
[ 11%] [32mBuilding CXX object CMakeFiles/depthai_ros_driver_common.dir/src/dai_nodes/base_node.cpp.o[0m
[ 15%] [32mBuilding CXX object CMakeFiles/depthai_ros_driver_common.dir/src/dai_nodes/sys_logger.cpp.o[0m
[ 19%] [32mBuilding CXX object CMakeFiles/depthai_ros_driver_common.dir/src/param_handlers/camera_param_handler.cpp.o[0m
[ 19%] Built target ament_cmake_python_symlink_depthai_ros_driver
running egg_info
creating depthai_ros_driver.egg-info
writing depthai_ros_driver.egg-info/PKG-INFO
writing dependency_links to depthai_ros_driver.egg-info/dependency_links.txt
writing top-level names to depthai_ros_driver.egg-info/top_level.txt
writing manifest file 'depthai_ros_driver.egg-info/SOURCES.txt'
reading manifest file 'depthai_ros_driver.egg-info/SOURCES.txt'
writing manifest file 'depthai_ros_driver.egg-info/SOURCES.txt'
[ 19%] Built target ament_cmake_python_build_depthai_ros_driver_egg
[ 23%] [32mBuilding CXX object CMakeFiles/depthai_ros_driver_common.dir/src/param_handlers/sensor_param_handler.cpp.o[0m
[ 26%] [32mBuilding CXX object CMakeFiles/depthai_ros_driver_common.dir/src/param_handlers/nn_param_handler.cpp.o[0m
[ 30%] [32mBuilding CXX object CMakeFiles/depthai_ros_driver_common.dir/src/param_handlers/imu_param_handler.cpp.o[0m
[01m[K/home/strohmo/autonomous-system/src/drivers/depthai-ros/depthai_ros_driver/src/param_handlers/sensor_param_handler.cpp:[m[K In member function ‘[01m[Kvoid depthai_ros_driver::param_handlers::SensorParamHandler::declareParams(std::shared_ptr<dai::node::MonoCamera>, depthai_ros_driver::dai_nodes::sensor_helpers::ImageSensor, bool)[m[K’:
[01m[K/home/strohmo/autonomous-system/src/drivers/depthai-ros/depthai_ros_driver/src/param_handlers/sensor_param_handler.cpp:71:29:[m[K [01;35m[Kwarning: [m[K‘[01m[Kvoid dai::node::MonoCamera::setIsp3aFps(int)[m[K’ is deprecated: setIsp3aFps is unstable [[01;35m[K-Wdeprecated-declarations[m[K]
   71 |         [01;35m[KmonoCam->setIsp3aFps(declareAndLogParam<int>("i_isp3a_fps", 10))[m[K;
      |         [01;35m[K~~~~~~~~~~~~~~~~~~~~^~~~~~~~~~~~~~~~~~~~~~~~~~~~~~~~~~~~~~~~~~~~[m[K
In file included from [01m[K/home/strohmo/autonomous-system/src/drivers/depthai-ros/depthai_ros_driver/src/param_handlers/sensor_param_handler.cpp:6[m[K:
[01m[K/opt/ros/humble/include/depthai/pipeline/node/MonoCamera.hpp:128:52:[m[K [01;36m[Knote: [m[Kdeclared here
  128 |     [[deprecated("setIsp3aFps is unstable")]] void [01;36m[KsetIsp3aFps[m[K(int isp3aFps);
      |                                                    [01;36m[K^~~~~~~~~~~[m[K
[01m[K/home/strohmo/autonomous-system/src/drivers/depthai-ros/depthai_ros_driver/src/param_handlers/sensor_param_handler.cpp:[m[K In member function ‘[01m[Kvoid depthai_ros_driver::param_handlers::SensorParamHandler::declareParams(std::shared_ptr<dai::node::ColorCamera>, depthai_ros_driver::dai_nodes::sensor_helpers::ImageSensor, bool)[m[K’:
[01m[K/home/strohmo/autonomous-system/src/drivers/depthai-ros/depthai_ros_driver/src/param_handlers/sensor_param_handler.cpp:170:30:[m[K [01;35m[Kwarning: [m[K‘[01m[Kvoid dai::node::ColorCamera::setIsp3aFps(int)[m[K’ is deprecated: setIsp3aFps is unstable [[01;35m[K-Wdeprecated-declarations[m[K]
  170 |         [01;35m[KcolorCam->setIsp3aFps(declareAndLogParam<int>("i_isp3a_fps", 10))[m[K;
      |         [01;35m[K~~~~~~~~~~~~~~~~~~~~~^~~~~~~~~~~~~~~~~~~~~~~~~~~~~~~~~~~~~~~~~~~~[m[K
In file included from [01m[K/home/strohmo/autonomous-system/src/drivers/depthai-ros/depthai_ros_driver/src/param_handlers/sensor_param_handler.cpp:5[m[K:
[01m[K/opt/ros/humble/include/depthai/pipeline/node/ColorCamera.hpp:233:52:[m[K [01;36m[Knote: [m[Kdeclared here
  233 |     [[deprecated("setIsp3aFps is unstable")]] void [01;36m[KsetIsp3aFps[m[K(int isp3aFps);
      |                                                    [01;36m[K^~~~~~~~~~~[m[K
[ 34%] [32mBuilding CXX object CMakeFiles/depthai_ros_driver_common.dir/src/param_handlers/stereo_param_handler.cpp.o[0m
[ 38%] [32mBuilding CXX object CMakeFiles/depthai_ros_driver_common.dir/src/param_handlers/feature_tracker_param_handler.cpp.o[0m
[01m[K/home/strohmo/autonomous-system/src/drivers/depthai-ros/depthai_ros_driver/src/param_handlers/stereo_param_handler.cpp:[m[K In constructor ‘[01m[Kdepthai_ros_driver::param_handlers::StereoParamHandler::StereoParamHandler(rclcpp::Node*, const string&)[m[K’:
[01m[K/home/strohmo/autonomous-system/src/drivers/depthai-ros/depthai_ros_driver/src/param_handlers/stereo_param_handler.cpp:14:63:[m[K [01;35m[Kwarning: [m[K‘[01m[Kdai::node::StereoDepth::PresetMode::HIGH_ACCURACY[m[K’ is deprecated: Will be removed in future releases and replaced with DEFAULT [[01;35m[K-Wdeprecated-declarations[m[K]
   14 |         {"HIGH_ACCURACY", dai::node::StereoDepth::PresetMode::[01;35m[KHIGH_ACCURACY[m[K},
      |                                                               [01;35m[K^~~~~~~~~~~~~[m[K
In file included from [01m[K/home/strohmo/autonomous-system/src/drivers/depthai-ros/depthai_ros_driver/include/depthai_ros_driver/param_handlers/stereo_param_handler.hpp:9[m[K,
                 from [01m[K/home/strohmo/autonomous-system/src/drivers/depthai-ros/depthai_ros_driver/src/param_handlers/stereo_param_handler.cpp:1[m[K:
[01m[K/opt/ros/humble/include/depthai/pipeline/node/StereoDepth.hpp:26:9:[m[K [01;36m[Knote: [m[Kdeclared here
   26 |         [01;36m[KHIGH_ACCURACY[m[K [[deprecated("Will be removed in future releases and replaced with DEFAULT")]],
      |         [01;36m[K^~~~~~~~~~~~~[m[K
[01m[K/home/strohmo/autonomous-system/src/drivers/depthai-ros/depthai_ros_driver/src/param_handlers/stereo_param_handler.cpp:14:63:[m[K [01;35m[Kwarning: [m[K‘[01m[Kdai::node::StereoDepth::PresetMode::HIGH_ACCURACY[m[K’ is deprecated: Will be removed in future releases and replaced with DEFAULT [[01;35m[K-Wdeprecated-declarations[m[K]
   14 |         {"HIGH_ACCURACY", dai::node::StereoDepth::PresetMode::[01;35m[KHIGH_ACCURACY[m[K},
      |                                                               [01;35m[K^~~~~~~~~~~~~[m[K
In file included from [01m[K/home/strohmo/autonomous-system/src/drivers/depthai-ros/depthai_ros_driver/include/depthai_ros_driver/param_handlers/stereo_param_handler.hpp:9[m[K,
                 from [01m[K/home/strohmo/autonomous-system/src/drivers/depthai-ros/depthai_ros_driver/src/param_handlers/stereo_param_handler.cpp:1[m[K:
[01m[K/opt/ros/humble/include/depthai/pipeline/node/StereoDepth.hpp:26:9:[m[K [01;36m[Knote: [m[Kdeclared here
   26 |         [01;36m[KHIGH_ACCURACY[m[K [[deprecated("Will be removed in future releases and replaced with DEFAULT")]],
      |         [01;36m[K^~~~~~~~~~~~~[m[K
[01m[K/home/strohmo/autonomous-system/src/drivers/depthai-ros/depthai_ros_driver/src/param_handlers/stereo_param_handler.cpp:15:62:[m[K [01;35m[Kwarning: [m[K‘[01m[Kdai::node::StereoDepth::PresetMode::HIGH_DENSITY[m[K’ is deprecated: Will be removed in future releases and replaced with DEFAULT [[01;35m[K-Wdeprecated-declarations[m[K]
   15 |         {"HIGH_DENSITY", dai::node::StereoDepth::PresetMode::[01;35m[KHIGH_DENSITY[m[K},
      |                                                              [01;35m[K^~~~~~~~~~~~[m[K
In file included from [01m[K/home/strohmo/autonomous-system/src/drivers/depthai-ros/depthai_ros_driver/include/depthai_ros_driver/param_handlers/stereo_param_handler.hpp:9[m[K,
                 from [01m[K/home/strohmo/autonomous-system/src/drivers/depthai-ros/depthai_ros_driver/src/param_handlers/stereo_param_handler.cpp:1[m[K:
[01m[K/opt/ros/humble/include/depthai/pipeline/node/StereoDepth.hpp:30:9:[m[K [01;36m[Knote: [m[Kdeclared here
   30 |         [01;36m[KHIGH_DENSITY[m[K [[deprecated("Will be removed in future releases and replaced with DEFAULT")]],
      |         [01;36m[K^~~~~~~~~~~~[m[K
[01m[K/home/strohmo/autonomous-system/src/drivers/depthai-ros/depthai_ros_driver/src/param_handlers/stereo_param_handler.cpp:15:62:[m[K [01;35m[Kwarning: [m[K‘[01m[Kdai::node::StereoDepth::PresetMode::HIGH_DENSITY[m[K’ is deprecated: Will be removed in future releases and replaced with DEFAULT [[01;35m[K-Wdeprecated-declarations[m[K]
   15 |         {"HIGH_DENSITY", dai::node::StereoDepth::PresetMode::[01;35m[KHIGH_DENSITY[m[K},
      |                                                              [01;35m[K^~~~~~~~~~~~[m[K
In file included from [01m[K/home/strohmo/autonomous-system/src/drivers/depthai-ros/depthai_ros_driver/include/depthai_ros_driver/param_handlers/stereo_param_handler.hpp:9[m[K,
                 from [01m[K/home/strohmo/autonomous-system/src/drivers/depthai-ros/depthai_ros_driver/src/param_handlers/stereo_param_handler.cpp:1[m[K:
[01m[K/opt/ros/humble/include/depthai/pipeline/node/StereoDepth.hpp:30:9:[m[K [01;36m[Knote: [m[Kdeclared here
   30 |         [01;36m[KHIGH_DENSITY[m[K [[deprecated("Will be removed in future releases and replaced with DEFAULT")]],
      |         [01;36m[K^~~~~~~~~~~~[m[K
[ 42%] [32m[1mLinking CXX shared library libdepthai_ros_driver_common.so[0m
[ 42%] Built target depthai_ros_driver_common
[ 50%] [32mBuilding CXX object CMakeFiles/depthai_ros_driver_nn_nodes.dir/src/dai_nodes/nn/nn_wrapper.cpp.o[0m
[ 50%] [32mBuilding CXX object CMakeFiles/depthai_ros_driver_sensor_nodes.dir/src/dai_nodes/sensors/imu.cpp.o[0m
[ 53%] [32mBuilding CXX object CMakeFiles/depthai_ros_driver_nn_nodes.dir/src/dai_nodes/nn/segmentation.cpp.o[0m
[ 57%] [32mBuilding CXX object CMakeFiles/depthai_ros_driver_sensor_nodes.dir/src/dai_nodes/sensors/mono.cpp.o[0m
[ 61%] [32mBuilding CXX object CMakeFiles/depthai_ros_driver_sensor_nodes.dir/src/dai_nodes/sensors/rgb.cpp.o[0m
[ 65%] [32mBuilding CXX object CMakeFiles/depthai_ros_driver_nn_nodes.dir/src/dai_nodes/nn/spatial_nn_wrapper.cpp.o[0m
[ 69%] [32mBuilding CXX object CMakeFiles/depthai_ros_driver_sensor_nodes.dir/src/dai_nodes/sensors/feature_tracker.cpp.o[0m
[ 73%] [32mBuilding CXX object CMakeFiles/depthai_ros_driver_sensor_nodes.dir/src/dai_nodes/sensors/sensor_wrapper.cpp.o[0m
[ 76%] [32m[1mLinking CXX shared library libdepthai_ros_driver_nn_nodes.so[0m
[ 76%] Built target depthai_ros_driver_nn_nodes
[ 80%] [32mBuilding CXX object CMakeFiles/depthai_ros_driver_sensor_nodes.dir/src/dai_nodes/stereo.cpp.o[0m
[ 84%] [32m[1mLinking CXX shared library libdepthai_ros_driver_sensor_nodes.so[0m
[ 84%] Built target depthai_ros_driver_sensor_nodes
[ 92%] [32mBuilding CXX object CMakeFiles/depthai_ros_driver.dir/src/pipeline/base_types.cpp.o[0m
[ 92%] [32mBuilding CXX object CMakeFiles/depthai_ros_driver.dir/src/camera.cpp.o[0m
[ 96%] [32mBuilding CXX object CMakeFiles/depthai_ros_driver.dir/src/pipeline/pipeline_generator.cpp.o[0m
[01m[K/home/strohmo/autonomous-system/src/drivers/depthai-ros/depthai_ros_driver/src/camera.cpp:[m[K In member function ‘[01m[Kvoid depthai_ros_driver::Camera::setIR()[m[K’:
[01m[K/home/strohmo/autonomous-system/src/drivers/depthai-ros/depthai_ros_driver/src/camera.cpp:255:49:[m[K [01;35m[Kwarning: [m[K‘[01m[Kbool dai::DeviceBase::setIrLaserDotProjectorBrightness(float, int)[m[K’ is deprecated: Use setIrLaserDotProjectorIntensity(float intensity) instead. [[01;35m[K-Wdeprecated-declarations[m[K]
  255 |         [01;35m[Kdevice->setIrLaserDotProjectorBrightness(ph->getParam<int>("i_laser_dot_brightness"))[m[K;
      |         [01;35m[K~~~~~~~~~~~~~~~~~~~~~~~~~~~~~~~~~~~~~~~~^~~~~~~~~~~~~~~~~~~~~~~~~~~~~~~~~~~~~~~~~~~~~[m[K
In file included from [01m[K/opt/ros/humble/include/depthai/device/Device.hpp:14[m[K,
                 from [01m[K/home/strohmo/autonomous-system/src/drivers/depthai-ros/depthai_ros_driver/src/camera.cpp:6[m[K:
[01m[K/opt/ros/humble/include/depthai/device/DeviceBase.hpp:510:90:[m[K [01;36m[Knote: [m[Kdeclared here
  510 |     [[deprecated("Use setIrLaserDotProjectorIntensity(float intensity) instead.")]] bool [01;36m[KsetIrLaserDotProjectorBrightness[m[K(float mA, int mask = -1);
      |                                                                                          [01;36m[K^~~~~~~~~~~~~~~~~~~~~~~~~~~~~~~~[m[K
[01m[K/home/strohmo/autonomous-system/src/drivers/depthai-ros/depthai_ros_driver/src/camera.cpp:256:42:[m[K [01;35m[Kwarning: [m[K‘[01m[Kbool dai::DeviceBase::setIrFloodLightBrightness(float, int)[m[K’ is deprecated: Use setIrFloodLightIntensity(float intensity) instead. [[01;35m[K-Wdeprecated-declarations[m[K]
  256 |         [01;35m[Kdevice->setIrFloodLightBrightness(ph->getParam<int>("i_floodlight_brightness"))[m[K;
      |         [01;35m[K~~~~~~~~~~~~~~~~~~~~~~~~~~~~~~~~~^~~~~~~~~~~~~~~~~~~~~~~~~~~~~~~~~~~~~~~~~~~~~~[m[K
In file included from [01m[K/opt/ros/humble/include/depthai/device/Device.hpp:14[m[K,
                 from [01m[K/home/strohmo/autonomous-system/src/drivers/depthai-ros/depthai_ros_driver/src/camera.cpp:6[m[K:
[01m[K/opt/ros/humble/include/depthai/device/DeviceBase.hpp:522:83:[m[K [01;36m[Knote: [m[Kdeclared here
  522 |     [[deprecated("Use setIrFloodLightIntensity(float intensity) instead.")]] bool [01;36m[KsetIrFloodLightBrightness[m[K(float mA, int mask = -1);
      |                                                                                   [01;36m[K^~~~~~~~~~~~~~~~~~~~~~~~~[m[K
[01m[K/home/strohmo/autonomous-system/src/drivers/depthai-ros/depthai_ros_driver/src/camera.cpp:[m[K In member function ‘[01m[Krcl_interfaces::msg::SetParametersResult depthai_ros_driver::Camera::parameterCB(const std::vector<rclcpp::Parameter>&)[m[K’:
[01m[K/home/strohmo/autonomous-system/src/drivers/depthai-ros/depthai_ros_driver/src/camera.cpp:264:57:[m[K [01;35m[Kwarning: [m[K‘[01m[Kbool dai::DeviceBase::setIrLaserDotProjectorBrightness(float, int)[m[K’ is deprecated: Use setIrLaserDotProjectorIntensity(float intensity) instead. [[01;35m[K-Wdeprecated-declarations[m[K]
  264 |                 [01;35m[Kdevice->setIrLaserDotProjectorBrightness(p.get_value<int>())[m[K;
      |                 [01;35m[K~~~~~~~~~~~~~~~~~~~~~~~~~~~~~~~~~~~~~~~~^~~~~~~~~~~~~~~~~~~~[m[K
In file included from [01m[K/opt/ros/humble/include/depthai/device/Device.hpp:14[m[K,
                 from [01m[K/home/strohmo/autonomous-system/src/drivers/depthai-ros/depthai_ros_driver/src/camera.cpp:6[m[K:
[01m[K/opt/ros/humble/include/depthai/device/DeviceBase.hpp:510:90:[m[K [01;36m[Knote: [m[Kdeclared here
  510 |     [[deprecated("Use setIrLaserDotProjectorIntensity(float intensity) instead.")]] bool [01;36m[KsetIrLaserDotProjectorBrightness[m[K(float mA, int mask = -1);
      |                                                                                          [01;36m[K^~~~~~~~~~~~~~~~~~~~~~~~~~~~~~~~[m[K
[01m[K/home/strohmo/autonomous-system/src/drivers/depthai-ros/depthai_ros_driver/src/camera.cpp:266:50:[m[K [01;35m[Kwarning: [m[K‘[01m[Kbool dai::DeviceBase::setIrFloodLightBrightness(float, int)[m[K’ is deprecated: Use setIrFloodLightIntensity(float intensity) instead. [[01;35m[K-Wdeprecated-declarations[m[K]
  266 |                 [01;35m[Kdevice->setIrFloodLightBrightness(p.get_value<int>())[m[K;
      |                 [01;35m[K~~~~~~~~~~~~~~~~~~~~~~~~~~~~~~~~~^~~~~~~~~~~~~~~~~~~~[m[K
In file included from [01m[K/opt/ros/humble/include/depthai/device/Device.hpp:14[m[K,
                 from [01m[K/home/strohmo/autonomous-system/src/drivers/depthai-ros/depthai_ros_driver/src/camera.cpp:6[m[K:
[01m[K/opt/ros/humble/include/depthai/device/DeviceBase.hpp:522:83:[m[K [01;36m[Knote: [m[Kdeclared here
  522 |     [[deprecated("Use setIrFloodLightIntensity(float intensity) instead.")]] bool [01;36m[KsetIrFloodLightBrightness[m[K(float mA, int mask = -1);
      |                                                                                   [01;36m[K^~~~~~~~~~~~~~~~~~~~~~~~~[m[K
[100%] [32m[1mLinking CXX shared library libdepthai_ros_driver.so[0m
[100%] Built target depthai_ros_driver
-- Install configuration: "Debug"
-- Execute custom install script
-- Symlinking: /home/strohmo/autonomous-system/install/depthai_ros_driver/share/depthai_ros_driver//plugins.xml
-- Symlinking: /home/strohmo/autonomous-system/install/depthai_ros_driver/share/depthai_ros_driver/environment/library_path.sh
-- Symlinking: /home/strohmo/autonomous-system/install/depthai_ros_driver/share/depthai_ros_driver/environment/library_path.dsv
-- Symlinking: /home/strohmo/autonomous-system/install/depthai_ros_driver/share/depthai_ros_driver/launch/calibration.launch.py
-- Symlinking: /home/strohmo/autonomous-system/install/depthai_ros_driver/share/depthai_ros_driver/launch/camera.launch.py
-- Symlinking: /home/strohmo/autonomous-system/install/depthai_ros_driver/share/depthai_ros_driver/launch/camera_as_part_of_a_robot.launch.py
-- Symlinking: /home/strohmo/autonomous-system/install/depthai_ros_driver/share/depthai_ros_driver/launch/example_marker_publish.launch.py
-- Symlinking: /home/strohmo/autonomous-system/install/depthai_ros_driver/share/depthai_ros_driver/launch/example_multicam.launch.py
-- Symlinking: /home/strohmo/autonomous-system/install/depthai_ros_driver/share/depthai_ros_driver/launch/example_segmentation.launch.py
-- Symlinking: /home/strohmo/autonomous-system/install/depthai_ros_driver/share/depthai_ros_driver/launch/pointcloud.launch.py
-- Symlinking: /home/strohmo/autonomous-system/install/depthai_ros_driver/share/depthai_ros_driver/launch/rgbd_pcl.launch.py
-- Symlinking: /home/strohmo/autonomous-system/install/depthai_ros_driver/share/depthai_ros_driver/launch/rtabmap.launch.py
-- Symlinking: /home/strohmo/autonomous-system/install/depthai_ros_driver/share/depthai_ros_driver/launch/sr_rgbd_pcl.launch.py
-- Symlinking: /home/strohmo/autonomous-system/install/depthai_ros_driver/share/depthai_ros_driver/launch/stereo_from_rosbag.launch.py
-- Symlinking: /home/strohmo/autonomous-system/install/depthai_ros_driver/share/depthai_ros_driver/config/calibration.yaml
-- Symlinking: /home/strohmo/autonomous-system/install/depthai_ros_driver/share/depthai_ros_driver/config/calibration/left.yaml
-- Symlinking: /home/strohmo/autonomous-system/install/depthai_ros_driver/share/depthai_ros_driver/config/calibration/rgb.yaml
-- Symlinking: /home/strohmo/autonomous-system/install/depthai_ros_driver/share/depthai_ros_driver/config/calibration/right.yaml
-- Symlinking: /home/strohmo/autonomous-system/install/depthai_ros_driver/share/depthai_ros_driver/config/camera.yaml
-- Symlinking: /home/strohmo/autonomous-system/install/depthai_ros_driver/share/depthai_ros_driver/config/isaac_vslam.yaml
-- Symlinking: /home/strohmo/autonomous-system/install/depthai_ros_driver/share/depthai_ros_driver/config/low_bandwidth.yaml
-- Symlinking: /home/strohmo/autonomous-system/install/depthai_ros_driver/share/depthai_ros_driver/config/multicam_example.yaml
-- Symlinking: /home/strohmo/autonomous-system/install/depthai_ros_driver/share/depthai_ros_driver/config/nn/custom_nn.json
-- Symlinking: /home/strohmo/autonomous-system/install/depthai_ros_driver/share/depthai_ros_driver/config/nn/mobilenet.json
-- Symlinking: /home/strohmo/autonomous-system/install/depthai_ros_driver/share/depthai_ros_driver/config/nn/segmentation.json
-- Symlinking: /home/strohmo/autonomous-system/install/depthai_ros_driver/share/depthai_ros_driver/config/nn/yolo.json
-- Symlinking: /home/strohmo/autonomous-system/install/depthai_ros_driver/share/depthai_ros_driver/config/oak_d_pro_w.yaml
-- Symlinking: /home/strohmo/autonomous-system/install/depthai_ros_driver/share/depthai_ros_driver/config/oak_d_sr.yaml
-- Symlinking: /home/strohmo/autonomous-system/install/depthai_ros_driver/share/depthai_ros_driver/config/pcl.yaml
-- Symlinking: /home/strohmo/autonomous-system/install/depthai_ros_driver/share/depthai_ros_driver/config/rgbd.yaml
-- Symlinking: /home/strohmo/autonomous-system/install/depthai_ros_driver/share/depthai_ros_driver/config/rviz/multicam.rviz
-- Symlinking: /home/strohmo/autonomous-system/install/depthai_ros_driver/share/depthai_ros_driver/config/rviz/rgbd.rviz
-- Symlinking: /home/strohmo/autonomous-system/install/depthai_ros_driver/share/depthai_ros_driver/config/rviz/segmentation.rviz
-- Symlinking: /home/strohmo/autonomous-system/install/depthai_ros_driver/share/depthai_ros_driver/config/segmentation.yaml
-- Symlinking: /home/strohmo/autonomous-system/install/depthai_ros_driver/share/depthai_ros_driver/config/spatial_yolo.yaml
-- Symlinking: /home/strohmo/autonomous-system/install/depthai_ros_driver/share/depthai_ros_driver/config/sr_rgbd.yaml
-- Symlinking: /home/strohmo/autonomous-system/install/depthai_ros_driver/share/depthai_ros_driver/config/stereo_from_rosbag.yaml
-- Symlinking: /home/strohmo/autonomous-system/install/depthai_ros_driver/share/depthai_ros_driver/environment/pythonpath.sh
-- Symlinking: /home/strohmo/autonomous-system/install/depthai_ros_driver/share/depthai_ros_driver/environment/pythonpath.dsv
-- Symlinking: /home/strohmo/autonomous-system/install/depthai_ros_driver/local/lib/python3.10/dist-packages/depthai_ros_driver-2.9.0-py3.10.egg-info/PKG-INFO
-- Symlinking: /home/strohmo/autonomous-system/install/depthai_ros_driver/local/lib/python3.10/dist-packages/depthai_ros_driver-2.9.0-py3.10.egg-info/SOURCES.txt
-- Symlinking: /home/strohmo/autonomous-system/install/depthai_ros_driver/local/lib/python3.10/dist-packages/depthai_ros_driver-2.9.0-py3.10.egg-info/dependency_links.txt
-- Symlinking: /home/strohmo/autonomous-system/install/depthai_ros_driver/local/lib/python3.10/dist-packages/depthai_ros_driver-2.9.0-py3.10.egg-info/top_level.txt
-- Symlinking: /home/strohmo/autonomous-system/install/depthai_ros_driver/local/lib/python3.10/dist-packages/depthai_ros_driver/__init__.py
-- Symlinking: /home/strohmo/autonomous-system/install/depthai_ros_driver/lib/depthai_ros_driver/obj_pub.py
-- Symlinking: /home/strohmo/autonomous-system/install/depthai_ros_driver/include/depthai_ros_driver/camera.hpp
-- Symlinking: /home/strohmo/autonomous-system/install/depthai_ros_driver/include/depthai_ros_driver/dai_nodes/base_node.hpp
-- Symlinking: /home/strohmo/autonomous-system/install/depthai_ros_driver/include/depthai_ros_driver/dai_nodes/nn/detection.hpp
-- Symlinking: /home/strohmo/autonomous-system/install/depthai_ros_driver/include/depthai_ros_driver/dai_nodes/nn/nn_helpers.hpp
-- Symlinking: /home/strohmo/autonomous-system/install/depthai_ros_driver/include/depthai_ros_driver/dai_nodes/nn/nn_wrapper.hpp
-- Symlinking: /home/strohmo/autonomous-system/install/depthai_ros_driver/include/depthai_ros_driver/dai_nodes/nn/segmentation.hpp
-- Symlinking: /home/strohmo/autonomous-system/install/depthai_ros_driver/include/depthai_ros_driver/dai_nodes/nn/spatial_detection.hpp
-- Symlinking: /home/strohmo/autonomous-system/install/depthai_ros_driver/include/depthai_ros_driver/dai_nodes/nn/spatial_nn_wrapper.hpp
-- Symlinking: /home/strohmo/autonomous-system/install/depthai_ros_driver/include/depthai_ros_driver/dai_nodes/sensors/feature_tracker.hpp
-- Symlinking: /home/strohmo/autonomous-system/install/depthai_ros_driver/include/depthai_ros_driver/dai_nodes/sensors/imu.hpp
-- Symlinking: /home/strohmo/autonomous-system/install/depthai_ros_driver/include/depthai_ros_driver/dai_nodes/sensors/mono.hpp
-- Symlinking: /home/strohmo/autonomous-system/install/depthai_ros_driver/include/depthai_ros_driver/dai_nodes/sensors/rgb.hpp
-- Symlinking: /home/strohmo/autonomous-system/install/depthai_ros_driver/include/depthai_ros_driver/dai_nodes/sensors/sensor_helpers.hpp
-- Symlinking: /home/strohmo/autonomous-system/install/depthai_ros_driver/include/depthai_ros_driver/dai_nodes/sensors/sensor_wrapper.hpp
-- Symlinking: /home/strohmo/autonomous-system/install/depthai_ros_driver/include/depthai_ros_driver/dai_nodes/stereo.hpp
-- Symlinking: /home/strohmo/autonomous-system/install/depthai_ros_driver/include/depthai_ros_driver/dai_nodes/sys_logger.hpp
-- Symlinking: /home/strohmo/autonomous-system/install/depthai_ros_driver/include/depthai_ros_driver/param_handlers/base_param_handler.hpp
-- Symlinking: /home/strohmo/autonomous-system/install/depthai_ros_driver/include/depthai_ros_driver/param_handlers/camera_param_handler.hpp
-- Symlinking: /home/strohmo/autonomous-system/install/depthai_ros_driver/include/depthai_ros_driver/param_handlers/feature_tracker_param_handler.hpp
-- Symlinking: /home/strohmo/autonomous-system/install/depthai_ros_driver/include/depthai_ros_driver/param_handlers/imu_param_handler.hpp
-- Symlinking: /home/strohmo/autonomous-system/install/depthai_ros_driver/include/depthai_ros_driver/param_handlers/nn_param_handler.hpp
-- Symlinking: /home/strohmo/autonomous-system/install/depthai_ros_driver/include/depthai_ros_driver/param_handlers/sensor_param_handler.hpp
-- Symlinking: /home/strohmo/autonomous-system/install/depthai_ros_driver/include/depthai_ros_driver/param_handlers/stereo_param_handler.hpp
-- Symlinking: /home/strohmo/autonomous-system/install/depthai_ros_driver/include/depthai_ros_driver/pipeline/base_pipeline.hpp
-- Symlinking: /home/strohmo/autonomous-system/install/depthai_ros_driver/include/depthai_ros_driver/pipeline/base_types.hpp
-- Symlinking: /home/strohmo/autonomous-system/install/depthai_ros_driver/include/depthai_ros_driver/pipeline/pipeline_generator.hpp
-- Symlinking: /home/strohmo/autonomous-system/install/depthai_ros_driver/include/depthai_ros_driver/utils.hpp
-- Symlinking: /home/strohmo/autonomous-system/install/depthai_ros_driver/share/ament_index/resource_index/package_run_dependencies/depthai_ros_driver
-- Symlinking: /home/strohmo/autonomous-system/install/depthai_ros_driver/share/ament_index/resource_index/parent_prefix_path/depthai_ros_driver
-- Symlinking: /home/strohmo/autonomous-system/install/depthai_ros_driver/share/depthai_ros_driver/environment/ament_prefix_path.sh
-- Symlinking: /home/strohmo/autonomous-system/install/depthai_ros_driver/share/depthai_ros_driver/environment/ament_prefix_path.dsv
-- Symlinking: /home/strohmo/autonomous-system/install/depthai_ros_driver/share/depthai_ros_driver/environment/path.sh
-- Symlinking: /home/strohmo/autonomous-system/install/depthai_ros_driver/share/depthai_ros_driver/environment/path.dsv
-- Symlinking: /home/strohmo/autonomous-system/install/depthai_ros_driver/share/depthai_ros_driver/local_setup.bash
-- Symlinking: /home/strohmo/autonomous-system/install/depthai_ros_driver/share/depthai_ros_driver/local_setup.sh
-- Symlinking: /home/strohmo/autonomous-system/install/depthai_ros_driver/share/depthai_ros_driver/local_setup.zsh
-- Symlinking: /home/strohmo/autonomous-system/install/depthai_ros_driver/share/depthai_ros_driver/local_setup.dsv
-- Symlinking: /home/strohmo/autonomous-system/install/depthai_ros_driver/share/depthai_ros_driver/package.dsv
-- Symlinking: /home/strohmo/autonomous-system/install/depthai_ros_driver/share/ament_index/resource_index/packages/depthai_ros_driver
-- Symlinking: /home/strohmo/autonomous-system/install/depthai_ros_driver/share/ament_index/resource_index/depthai_ros_driver__pluginlib__plugin/depthai_ros_driver
-- Symlinking: /home/strohmo/autonomous-system/install/depthai_ros_driver/share/ament_index/resource_index/rclcpp_components/depthai_ros_driver
-- Symlinking: /home/strohmo/autonomous-system/install/depthai_ros_driver/share/depthai_ros_driver/cmake/ament_cmake_export_include_directories-extras.cmake
-- Symlinking: /home/strohmo/autonomous-system/install/depthai_ros_driver/share/depthai_ros_driver/cmake/ament_cmake_export_targets-extras.cmake
-- Symlinking: /home/strohmo/autonomous-system/install/depthai_ros_driver/share/depthai_ros_driver/cmake/ament_cmake_export_libraries-extras.cmake
-- Symlinking: /home/strohmo/autonomous-system/install/depthai_ros_driver/share/depthai_ros_driver/cmake/ament_cmake_export_dependencies-extras.cmake
-- Symlinking: /home/strohmo/autonomous-system/install/depthai_ros_driver/share/depthai_ros_driver/cmake/depthai_ros_driverConfig.cmake
-- Symlinking: /home/strohmo/autonomous-system/install/depthai_ros_driver/share/depthai_ros_driver/cmake/depthai_ros_driverConfig-version.cmake
-- Symlinking: /home/strohmo/autonomous-system/install/depthai_ros_driver/share/depthai_ros_driver/package.xml
-- Installing: /home/strohmo/autonomous-system/install/depthai_ros_driver/lib/libdepthai_ros_driver.so
-- Set runtime path of "/home/strohmo/autonomous-system/install/depthai_ros_driver/lib/libdepthai_ros_driver.so" to ""
-- Installing: /home/strohmo/autonomous-system/install/depthai_ros_driver/lib/libdepthai_ros_driver_sensor_nodes.so
-- Set runtime path of "/home/strohmo/autonomous-system/install/depthai_ros_driver/lib/libdepthai_ros_driver_sensor_nodes.so" to ""
-- Installing: /home/strohmo/autonomous-system/install/depthai_ros_driver/lib/libdepthai_ros_driver_nn_nodes.so
-- Set runtime path of "/home/strohmo/autonomous-system/install/depthai_ros_driver/lib/libdepthai_ros_driver_nn_nodes.so" to ""
-- Installing: /home/strohmo/autonomous-system/install/depthai_ros_driver/lib/libdepthai_ros_driver_common.so
-- Set runtime path of "/home/strohmo/autonomous-system/install/depthai_ros_driver/lib/libdepthai_ros_driver_common.so" to ""
-- Installing: /home/strohmo/autonomous-system/install/depthai_ros_driver/share/depthai_ros_driver/cmake/depthai_ros_driverTargets.cmake
-- Installing: /home/strohmo/autonomous-system/install/depthai_ros_driver/share/depthai_ros_driver/cmake/depthai_ros_driverTargets-debug.cmake
Listing '/home/strohmo/autonomous-system/install/depthai_ros_driver/local/lib/python3.10/dist-packages/depthai_ros_driver'...
Compiling '/home/strohmo/autonomous-system/install/depthai_ros_driver/local/lib/python3.10/dist-packages/depthai_ros_driver/__init__.py'...
-- Installing: /home/strohmo/autonomous-system/install/depthai_ros_driver/share/depthai_ros_driver/cmake/depthai_ros_driverTargetsExport.cmake
-- Installing: /home/strohmo/autonomous-system/install/depthai_ros_driver/share/depthai_ros_driver/cmake/depthai_ros_driverTargetsExport-debug.cmake
