[0.031s] Invoking command in '/home/strohmo/autonomous-system/build/depthai_ros_driver': CMAKE_PREFIX_PATH=/home/strohmo/autonomous-system/install/depthai_bridge:/home/strohmo/autonomous-system/install/depthai_ros_msgs:/home/strohmo/autonomous-system/install/oak_cone_detect_interfaces:/home/strohmo/autonomous-system/install/descriptions:/home/strohmo/autonomous-system/install/depthai-ros:/home/strohmo/autonomous-system/install/depthai_ros_driver:/home/strohmo/autonomous-system/install/tensorrt_cone_detect:/home/strohmo/autonomous-system/install/random_cone_detect:/home/strohmo/autonomous-system/install/pytorch_cone_detect:/home/strohmo/autonomous-system/install/onnx_cone_detect:/home/strohmo/autonomous-system/install/array_cone_detect:/opt/ros/humble LD_LIBRARY_PATH=/home/strohmo/autonomous-system/install/depthai_bridge/lib:/home/strohmo/autonomous-system/install/depthai_ros_msgs/lib:/home/strohmo/autonomous-system/install/oak_cone_detect_interfaces/lib:/home/strohmo/autonomous-system/install/depthai_ros_driver/lib:/opt/ros/humble/opt/rviz_ogre_vendor/lib:/opt/ros/humble/lib/x86_64-linux-gnu:/opt/ros/humble/lib:/usr/local/cuda/lib64:/opt/onnxruntime/lib /usr/bin/cmake /home/strohmo/autonomous-system/src/drivers/depthai-ros/depthai_ros_driver -DCMAKE_BUILD_TYPE=Debug -DAMENT_CMAKE_SYMLINK_INSTALL=1 -DCMAKE_INSTALL_PREFIX=/home/strohmo/autonomous-system/install/depthai_ros_driver
[0.138s] -- The C compiler identification is GNU 11.4.0
[0.254s] -- The CXX compiler identification is GNU 11.4.0
[0.270s] -- Detecting C compiler ABI info
[0.424s] -- Detecting C compiler ABI info - done
[0.438s] -- Check for working C compiler: /usr/bin/cc - skipped
[0.440s] -- Detecting C compile features
[0.441s] -- Detecting C compile features - done
[0.450s] -- Detecting CXX compiler ABI info
[0.616s] -- Detecting CXX compiler ABI info - done
[0.637s] -- Check for working CXX compiler: /usr/bin/c++ - skipped
[0.638s] -- Detecting CXX compile features
[0.640s] -- Detecting CXX compile features - done
[0.649s] -- Found ament_cmake_auto: 1.3.11 (/opt/ros/humble/share/ament_cmake_auto/cmake)
[0.991s] -- Found Python3: /usr/local/python/current/bin/python3 (found version "3.10.12") found components: Interpreter 
[1.146s] -- Override CMake install command with custom implementation using symlinks instead of copying resources
[1.487s] -- Found rosidl_generator_c: 3.1.6 (/opt/ros/humble/share/rosidl_generator_c/cmake)
[1.502s] -- Found rosidl_adapter: 3.1.6 (/opt/ros/humble/share/rosidl_adapter/cmake)
[1.523s] -- Found rosidl_generator_cpp: 3.1.6 (/opt/ros/humble/share/rosidl_generator_cpp/cmake)
[1.552s] -- Using all available rosidl_typesupport_c: rosidl_typesupport_fastrtps_c;rosidl_typesupport_introspection_c
[1.589s] -- Using all available rosidl_typesupport_cpp: rosidl_typesupport_fastrtps_cpp;rosidl_typesupport_introspection_cpp
[1.695s] -- Found rmw_implementation_cmake: 6.1.2 (/opt/ros/humble/share/rmw_implementation_cmake/cmake)
[1.701s] -- Found rmw_fastrtps_cpp: 6.2.7 (/opt/ros/humble/share/rmw_fastrtps_cpp/cmake)
[1.905s] -- Found OpenSSL: /usr/lib/x86_64-linux-gnu/libcrypto.so (found version "3.0.2")  
[1.971s] -- Found FastRTPS: /opt/ros/humble/include  
[2.069s] -- Using RMW implementation 'rmw_fastrtps_cpp' as default
[2.096s] -- Looking for pthread.h
[2.244s] -- Looking for pthread.h - found
[2.245s] -- Performing Test CMAKE_HAVE_LIBC_PTHREAD
[2.397s] -- Performing Test CMAKE_HAVE_LIBC_PTHREAD - Success
[2.400s] -- Found Threads: TRUE  
[3.121s] -- Found eigen3_cmake_module: 0.1.1 (/opt/ros/humble/share/eigen3_cmake_module/cmake)
[3.126s] -- Found Eigen3: TRUE (found version "3.4.0") 
[3.127s] -- Ensuring Eigen3 include directory is part of orocos-kdl CMake target
[3.286s] -- Configuring done
[3.396s] -- Generating done
[3.422s] -- Build files have been written to: /home/strohmo/autonomous-system/build/depthai_ros_driver
[3.457s] Invoked command in '/home/strohmo/autonomous-system/build/depthai_ros_driver' returned '0': CMAKE_PREFIX_PATH=/home/strohmo/autonomous-system/install/depthai_bridge:/home/strohmo/autonomous-system/install/depthai_ros_msgs:/home/strohmo/autonomous-system/install/oak_cone_detect_interfaces:/home/strohmo/autonomous-system/install/descriptions:/home/strohmo/autonomous-system/install/depthai-ros:/home/strohmo/autonomous-system/install/depthai_ros_driver:/home/strohmo/autonomous-system/install/tensorrt_cone_detect:/home/strohmo/autonomous-system/install/random_cone_detect:/home/strohmo/autonomous-system/install/pytorch_cone_detect:/home/strohmo/autonomous-system/install/onnx_cone_detect:/home/strohmo/autonomous-system/install/array_cone_detect:/opt/ros/humble LD_LIBRARY_PATH=/home/strohmo/autonomous-system/install/depthai_bridge/lib:/home/strohmo/autonomous-system/install/depthai_ros_msgs/lib:/home/strohmo/autonomous-system/install/oak_cone_detect_interfaces/lib:/home/strohmo/autonomous-system/install/depthai_ros_driver/lib:/opt/ros/humble/opt/rviz_ogre_vendor/lib:/opt/ros/humble/lib/x86_64-linux-gnu:/opt/ros/humble/lib:/usr/local/cuda/lib64:/opt/onnxruntime/lib /usr/bin/cmake /home/strohmo/autonomous-system/src/drivers/depthai-ros/depthai_ros_driver -DCMAKE_BUILD_TYPE=Debug -DAMENT_CMAKE_SYMLINK_INSTALL=1 -DCMAKE_INSTALL_PREFIX=/home/strohmo/autonomous-system/install/depthai_ros_driver
[3.463s] Invoking command in '/home/strohmo/autonomous-system/build/depthai_ros_driver': CMAKE_PREFIX_PATH=/home/strohmo/autonomous-system/install/depthai_bridge:/home/strohmo/autonomous-system/install/depthai_ros_msgs:/home/strohmo/autonomous-system/install/oak_cone_detect_interfaces:/home/strohmo/autonomous-system/install/descriptions:/home/strohmo/autonomous-system/install/depthai-ros:/home/strohmo/autonomous-system/install/depthai_ros_driver:/home/strohmo/autonomous-system/install/tensorrt_cone_detect:/home/strohmo/autonomous-system/install/random_cone_detect:/home/strohmo/autonomous-system/install/pytorch_cone_detect:/home/strohmo/autonomous-system/install/onnx_cone_detect:/home/strohmo/autonomous-system/install/array_cone_detect:/opt/ros/humble LD_LIBRARY_PATH=/home/strohmo/autonomous-system/install/depthai_bridge/lib:/home/strohmo/autonomous-system/install/depthai_ros_msgs/lib:/home/strohmo/autonomous-system/install/oak_cone_detect_interfaces/lib:/home/strohmo/autonomous-system/install/depthai_ros_driver/lib:/opt/ros/humble/opt/rviz_ogre_vendor/lib:/opt/ros/humble/lib/x86_64-linux-gnu:/opt/ros/humble/lib:/usr/local/cuda/lib64:/opt/onnxruntime/lib /usr/bin/cmake --build /home/strohmo/autonomous-system/build/depthai_ros_driver -- -j8 -l8
[3.565s] [  3%] [32mBuilding CXX object CMakeFiles/depthai_ros_driver_common.dir/src/utils.cpp.o[0m
[3.568s] [  7%] [32mBuilding CXX object CMakeFiles/depthai_ros_driver_common.dir/src/dai_nodes/sensors/sensor_helpers.cpp.o[0m
[3.568s] [ 11%] [32mBuilding CXX object CMakeFiles/depthai_ros_driver_common.dir/src/dai_nodes/base_node.cpp.o[0m
[3.569s] [ 15%] [32mBuilding CXX object CMakeFiles/depthai_ros_driver_common.dir/src/dai_nodes/sys_logger.cpp.o[0m
[3.570s] [ 19%] [32mBuilding CXX object CMakeFiles/depthai_ros_driver_common.dir/src/param_handlers/camera_param_handler.cpp.o[0m
[3.596s] [ 19%] Built target ament_cmake_python_symlink_depthai_ros_driver
[4.236s] running egg_info
[4.238s] creating depthai_ros_driver.egg-info
[4.241s] writing depthai_ros_driver.egg-info/PKG-INFO
[4.244s] writing dependency_links to depthai_ros_driver.egg-info/dependency_links.txt
[4.246s] writing top-level names to depthai_ros_driver.egg-info/top_level.txt
[4.247s] writing manifest file 'depthai_ros_driver.egg-info/SOURCES.txt'
[4.253s] reading manifest file 'depthai_ros_driver.egg-info/SOURCES.txt'
[4.254s] writing manifest file 'depthai_ros_driver.egg-info/SOURCES.txt'
[4.365s] [ 19%] Built target ament_cmake_python_build_depthai_ros_driver_egg
[4.398s] [ 23%] [32mBuilding CXX object CMakeFiles/depthai_ros_driver_common.dir/src/param_handlers/sensor_param_handler.cpp.o[0m
[4.418s] [ 26%] [32mBuilding CXX object CMakeFiles/depthai_ros_driver_common.dir/src/param_handlers/nn_param_handler.cpp.o[0m
[4.433s] [ 30%] [32mBuilding CXX object CMakeFiles/depthai_ros_driver_common.dir/src/param_handlers/imu_param_handler.cpp.o[0m
[16.268s] [01m[K/home/strohmo/autonomous-system/src/drivers/depthai-ros/depthai_ros_driver/src/param_handlers/sensor_param_handler.cpp:[m[K In member function ‘[01m[Kvoid depthai_ros_driver::param_handlers::SensorParamHandler::declareParams(std::shared_ptr<dai::node::MonoCamera>, depthai_ros_driver::dai_nodes::sensor_helpers::ImageSensor, bool)[m[K’:
[16.268s] [01m[K/home/strohmo/autonomous-system/src/drivers/depthai-ros/depthai_ros_driver/src/param_handlers/sensor_param_handler.cpp:71:29:[m[K [01;35m[Kwarning: [m[K‘[01m[Kvoid dai::node::MonoCamera::setIsp3aFps(int)[m[K’ is deprecated: setIsp3aFps is unstable [[01;35m[K-Wdeprecated-declarations[m[K]
[16.269s]    71 |         [01;35m[KmonoCam->setIsp3aFps(declareAndLogParam<int>("i_isp3a_fps", 10))[m[K;
[16.269s]       |         [01;35m[K~~~~~~~~~~~~~~~~~~~~^~~~~~~~~~~~~~~~~~~~~~~~~~~~~~~~~~~~~~~~~~~~[m[K
[16.270s] In file included from [01m[K/home/strohmo/autonomous-system/src/drivers/depthai-ros/depthai_ros_driver/src/param_handlers/sensor_param_handler.cpp:6[m[K:
[16.270s] [01m[K/opt/ros/humble/include/depthai/pipeline/node/MonoCamera.hpp:128:52:[m[K [01;36m[Knote: [m[Kdeclared here
[16.270s]   128 |     [[deprecated("setIsp3aFps is unstable")]] void [01;36m[KsetIsp3aFps[m[K(int isp3aFps);
[16.271s]       |                                                    [01;36m[K^~~~~~~~~~~[m[K
[16.305s] [01m[K/home/strohmo/autonomous-system/src/drivers/depthai-ros/depthai_ros_driver/src/param_handlers/sensor_param_handler.cpp:[m[K In member function ‘[01m[Kvoid depthai_ros_driver::param_handlers::SensorParamHandler::declareParams(std::shared_ptr<dai::node::ColorCamera>, depthai_ros_driver::dai_nodes::sensor_helpers::ImageSensor, bool)[m[K’:
[16.306s] [01m[K/home/strohmo/autonomous-system/src/drivers/depthai-ros/depthai_ros_driver/src/param_handlers/sensor_param_handler.cpp:170:30:[m[K [01;35m[Kwarning: [m[K‘[01m[Kvoid dai::node::ColorCamera::setIsp3aFps(int)[m[K’ is deprecated: setIsp3aFps is unstable [[01;35m[K-Wdeprecated-declarations[m[K]
[16.308s]   170 |         [01;35m[KcolorCam->setIsp3aFps(declareAndLogParam<int>("i_isp3a_fps", 10))[m[K;
[16.311s]       |         [01;35m[K~~~~~~~~~~~~~~~~~~~~~^~~~~~~~~~~~~~~~~~~~~~~~~~~~~~~~~~~~~~~~~~~~[m[K
[16.315s] In file included from [01m[K/home/strohmo/autonomous-system/src/drivers/depthai-ros/depthai_ros_driver/src/param_handlers/sensor_param_handler.cpp:5[m[K:
[16.317s] [01m[K/opt/ros/humble/include/depthai/pipeline/node/ColorCamera.hpp:233:52:[m[K [01;36m[Knote: [m[Kdeclared here
[16.317s]   233 |     [[deprecated("setIsp3aFps is unstable")]] void [01;36m[KsetIsp3aFps[m[K(int isp3aFps);
[16.318s]       |                                                    [01;36m[K^~~~~~~~~~~[m[K
[31.388s] [ 34%] [32mBuilding CXX object CMakeFiles/depthai_ros_driver_common.dir/src/param_handlers/stereo_param_handler.cpp.o[0m
[35.203s] [ 38%] [32mBuilding CXX object CMakeFiles/depthai_ros_driver_common.dir/src/param_handlers/feature_tracker_param_handler.cpp.o[0m
[38.527s] [01m[K/home/strohmo/autonomous-system/src/drivers/depthai-ros/depthai_ros_driver/src/param_handlers/stereo_param_handler.cpp:[m[K In constructor ‘[01m[Kdepthai_ros_driver::param_handlers::StereoParamHandler::StereoParamHandler(rclcpp::Node*, const string&)[m[K’:
[38.528s] [01m[K/home/strohmo/autonomous-system/src/drivers/depthai-ros/depthai_ros_driver/src/param_handlers/stereo_param_handler.cpp:14:63:[m[K [01;35m[Kwarning: [m[K‘[01m[Kdai::node::StereoDepth::PresetMode::HIGH_ACCURACY[m[K’ is deprecated: Will be removed in future releases and replaced with DEFAULT [[01;35m[K-Wdeprecated-declarations[m[K]
[38.529s]    14 |         {"HIGH_ACCURACY", dai::node::StereoDepth::PresetMode::[01;35m[KHIGH_ACCURACY[m[K},
[38.530s]       |                                                               [01;35m[K^~~~~~~~~~~~~[m[K
[38.530s] In file included from [01m[K/home/strohmo/autonomous-system/src/drivers/depthai-ros/depthai_ros_driver/include/depthai_ros_driver/param_handlers/stereo_param_handler.hpp:9[m[K,
[38.531s]                  from [01m[K/home/strohmo/autonomous-system/src/drivers/depthai-ros/depthai_ros_driver/src/param_handlers/stereo_param_handler.cpp:1[m[K:
[38.531s] [01m[K/opt/ros/humble/include/depthai/pipeline/node/StereoDepth.hpp:26:9:[m[K [01;36m[Knote: [m[Kdeclared here
[38.532s]    26 |         [01;36m[KHIGH_ACCURACY[m[K [[deprecated("Will be removed in future releases and replaced with DEFAULT")]],
[38.532s]       |         [01;36m[K^~~~~~~~~~~~~[m[K
[38.532s] [01m[K/home/strohmo/autonomous-system/src/drivers/depthai-ros/depthai_ros_driver/src/param_handlers/stereo_param_handler.cpp:14:63:[m[K [01;35m[Kwarning: [m[K‘[01m[Kdai::node::StereoDepth::PresetMode::HIGH_ACCURACY[m[K’ is deprecated: Will be removed in future releases and replaced with DEFAULT [[01;35m[K-Wdeprecated-declarations[m[K]
[38.532s]    14 |         {"HIGH_ACCURACY", dai::node::StereoDepth::PresetMode::[01;35m[KHIGH_ACCURACY[m[K},
[38.533s]       |                                                               [01;35m[K^~~~~~~~~~~~~[m[K
[38.533s] In file included from [01m[K/home/strohmo/autonomous-system/src/drivers/depthai-ros/depthai_ros_driver/include/depthai_ros_driver/param_handlers/stereo_param_handler.hpp:9[m[K,
[38.533s]                  from [01m[K/home/strohmo/autonomous-system/src/drivers/depthai-ros/depthai_ros_driver/src/param_handlers/stereo_param_handler.cpp:1[m[K:
[38.533s] [01m[K/opt/ros/humble/include/depthai/pipeline/node/StereoDepth.hpp:26:9:[m[K [01;36m[Knote: [m[Kdeclared here
[38.534s]    26 |         [01;36m[KHIGH_ACCURACY[m[K [[deprecated("Will be removed in future releases and replaced with DEFAULT")]],
[38.534s]       |         [01;36m[K^~~~~~~~~~~~~[m[K
[38.534s] [01m[K/home/strohmo/autonomous-system/src/drivers/depthai-ros/depthai_ros_driver/src/param_handlers/stereo_param_handler.cpp:15:62:[m[K [01;35m[Kwarning: [m[K‘[01m[Kdai::node::StereoDepth::PresetMode::HIGH_DENSITY[m[K’ is deprecated: Will be removed in future releases and replaced with DEFAULT [[01;35m[K-Wdeprecated-declarations[m[K]
[38.534s]    15 |         {"HIGH_DENSITY", dai::node::StereoDepth::PresetMode::[01;35m[KHIGH_DENSITY[m[K},
[38.535s]       |                                                              [01;35m[K^~~~~~~~~~~~[m[K
[38.535s] In file included from [01m[K/home/strohmo/autonomous-system/src/drivers/depthai-ros/depthai_ros_driver/include/depthai_ros_driver/param_handlers/stereo_param_handler.hpp:9[m[K,
[38.535s]                  from [01m[K/home/strohmo/autonomous-system/src/drivers/depthai-ros/depthai_ros_driver/src/param_handlers/stereo_param_handler.cpp:1[m[K:
[38.535s] [01m[K/opt/ros/humble/include/depthai/pipeline/node/StereoDepth.hpp:30:9:[m[K [01;36m[Knote: [m[Kdeclared here
[38.536s]    30 |         [01;36m[KHIGH_DENSITY[m[K [[deprecated("Will be removed in future releases and replaced with DEFAULT")]],
[38.536s]       |         [01;36m[K^~~~~~~~~~~~[m[K
[38.536s] [01m[K/home/strohmo/autonomous-system/src/drivers/depthai-ros/depthai_ros_driver/src/param_handlers/stereo_param_handler.cpp:15:62:[m[K [01;35m[Kwarning: [m[K‘[01m[Kdai::node::StereoDepth::PresetMode::HIGH_DENSITY[m[K’ is deprecated: Will be removed in future releases and replaced with DEFAULT [[01;35m[K-Wdeprecated-declarations[m[K]
[38.536s]    15 |         {"HIGH_DENSITY", dai::node::StereoDepth::PresetMode::[01;35m[KHIGH_DENSITY[m[K},
[38.536s]       |                                                              [01;35m[K^~~~~~~~~~~~[m[K
[38.536s] In file included from [01m[K/home/strohmo/autonomous-system/src/drivers/depthai-ros/depthai_ros_driver/include/depthai_ros_driver/param_handlers/stereo_param_handler.hpp:9[m[K,
[38.536s]                  from [01m[K/home/strohmo/autonomous-system/src/drivers/depthai-ros/depthai_ros_driver/src/param_handlers/stereo_param_handler.cpp:1[m[K:
[38.536s] [01m[K/opt/ros/humble/include/depthai/pipeline/node/StereoDepth.hpp:30:9:[m[K [01;36m[Knote: [m[Kdeclared here
[38.537s]    30 |         [01;36m[KHIGH_DENSITY[m[K [[deprecated("Will be removed in future releases and replaced with DEFAULT")]],
[38.537s]       |         [01;36m[K^~~~~~~~~~~~[m[K
[45.021s] [ 42%] [32m[1mLinking CXX shared library libdepthai_ros_driver_common.so[0m
[47.154s] [ 42%] Built target depthai_ros_driver_common
[47.205s] [ 50%] [32mBuilding CXX object CMakeFiles/depthai_ros_driver_nn_nodes.dir/src/dai_nodes/nn/nn_wrapper.cpp.o[0m
[47.206s] [ 50%] [32mBuilding CXX object CMakeFiles/depthai_ros_driver_sensor_nodes.dir/src/dai_nodes/sensors/imu.cpp.o[0m
[47.207s] [ 53%] [32mBuilding CXX object CMakeFiles/depthai_ros_driver_nn_nodes.dir/src/dai_nodes/nn/segmentation.cpp.o[0m
[47.208s] [ 57%] [32mBuilding CXX object CMakeFiles/depthai_ros_driver_sensor_nodes.dir/src/dai_nodes/sensors/mono.cpp.o[0m
[47.211s] [ 61%] [32mBuilding CXX object CMakeFiles/depthai_ros_driver_sensor_nodes.dir/src/dai_nodes/sensors/rgb.cpp.o[0m
[47.221s] [ 65%] [32mBuilding CXX object CMakeFiles/depthai_ros_driver_nn_nodes.dir/src/dai_nodes/nn/spatial_nn_wrapper.cpp.o[0m
[47.229s] [ 69%] [32mBuilding CXX object CMakeFiles/depthai_ros_driver_sensor_nodes.dir/src/dai_nodes/sensors/feature_tracker.cpp.o[0m
[47.234s] [ 73%] [32mBuilding CXX object CMakeFiles/depthai_ros_driver_sensor_nodes.dir/src/dai_nodes/sensors/sensor_wrapper.cpp.o[0m
[93.720s] [ 76%] [32m[1mLinking CXX shared library libdepthai_ros_driver_nn_nodes.so[0m
[96.344s] [ 76%] Built target depthai_ros_driver_nn_nodes
[97.422s] [ 80%] [32mBuilding CXX object CMakeFiles/depthai_ros_driver_sensor_nodes.dir/src/dai_nodes/stereo.cpp.o[0m
[121.412s] [ 84%] [32m[1mLinking CXX shared library libdepthai_ros_driver_sensor_nodes.so[0m
[125.227s] [ 84%] Built target depthai_ros_driver_sensor_nodes
[125.275s] [ 92%] [32mBuilding CXX object CMakeFiles/depthai_ros_driver.dir/src/pipeline/base_types.cpp.o[0m
[125.276s] [ 92%] [32mBuilding CXX object CMakeFiles/depthai_ros_driver.dir/src/camera.cpp.o[0m
[125.277s] [ 96%] [32mBuilding CXX object CMakeFiles/depthai_ros_driver.dir/src/pipeline/pipeline_generator.cpp.o[0m
[137.907s] [01m[K/home/strohmo/autonomous-system/src/drivers/depthai-ros/depthai_ros_driver/src/camera.cpp:[m[K In member function ‘[01m[Kvoid depthai_ros_driver::Camera::setIR()[m[K’:
[137.908s] [01m[K/home/strohmo/autonomous-system/src/drivers/depthai-ros/depthai_ros_driver/src/camera.cpp:255:49:[m[K [01;35m[Kwarning: [m[K‘[01m[Kbool dai::DeviceBase::setIrLaserDotProjectorBrightness(float, int)[m[K’ is deprecated: Use setIrLaserDotProjectorIntensity(float intensity) instead. [[01;35m[K-Wdeprecated-declarations[m[K]
[137.908s]   255 |         [01;35m[Kdevice->setIrLaserDotProjectorBrightness(ph->getParam<int>("i_laser_dot_brightness"))[m[K;
[137.908s]       |         [01;35m[K~~~~~~~~~~~~~~~~~~~~~~~~~~~~~~~~~~~~~~~~^~~~~~~~~~~~~~~~~~~~~~~~~~~~~~~~~~~~~~~~~~~~~[m[K
[137.908s] In file included from [01m[K/opt/ros/humble/include/depthai/device/Device.hpp:14[m[K,
[137.908s]                  from [01m[K/home/strohmo/autonomous-system/src/drivers/depthai-ros/depthai_ros_driver/src/camera.cpp:6[m[K:
[137.909s] [01m[K/opt/ros/humble/include/depthai/device/DeviceBase.hpp:510:90:[m[K [01;36m[Knote: [m[Kdeclared here
[137.909s]   510 |     [[deprecated("Use setIrLaserDotProjectorIntensity(float intensity) instead.")]] bool [01;36m[KsetIrLaserDotProjectorBrightness[m[K(float mA, int mask = -1);
[137.909s]       |                                                                                          [01;36m[K^~~~~~~~~~~~~~~~~~~~~~~~~~~~~~~~[m[K
[137.909s] [01m[K/home/strohmo/autonomous-system/src/drivers/depthai-ros/depthai_ros_driver/src/camera.cpp:256:42:[m[K [01;35m[Kwarning: [m[K‘[01m[Kbool dai::DeviceBase::setIrFloodLightBrightness(float, int)[m[K’ is deprecated: Use setIrFloodLightIntensity(float intensity) instead. [[01;35m[K-Wdeprecated-declarations[m[K]
[137.909s]   256 |         [01;35m[Kdevice->setIrFloodLightBrightness(ph->getParam<int>("i_floodlight_brightness"))[m[K;
[137.909s]       |         [01;35m[K~~~~~~~~~~~~~~~~~~~~~~~~~~~~~~~~~^~~~~~~~~~~~~~~~~~~~~~~~~~~~~~~~~~~~~~~~~~~~~~[m[K
[137.909s] In file included from [01m[K/opt/ros/humble/include/depthai/device/Device.hpp:14[m[K,
[137.910s]                  from [01m[K/home/strohmo/autonomous-system/src/drivers/depthai-ros/depthai_ros_driver/src/camera.cpp:6[m[K:
[137.910s] [01m[K/opt/ros/humble/include/depthai/device/DeviceBase.hpp:522:83:[m[K [01;36m[Knote: [m[Kdeclared here
[137.910s]   522 |     [[deprecated("Use setIrFloodLightIntensity(float intensity) instead.")]] bool [01;36m[KsetIrFloodLightBrightness[m[K(float mA, int mask = -1);
[137.910s]       |                                                                                   [01;36m[K^~~~~~~~~~~~~~~~~~~~~~~~~[m[K
[137.917s] [01m[K/home/strohmo/autonomous-system/src/drivers/depthai-ros/depthai_ros_driver/src/camera.cpp:[m[K In member function ‘[01m[Krcl_interfaces::msg::SetParametersResult depthai_ros_driver::Camera::parameterCB(const std::vector<rclcpp::Parameter>&)[m[K’:
[137.918s] [01m[K/home/strohmo/autonomous-system/src/drivers/depthai-ros/depthai_ros_driver/src/camera.cpp:264:57:[m[K [01;35m[Kwarning: [m[K‘[01m[Kbool dai::DeviceBase::setIrLaserDotProjectorBrightness(float, int)[m[K’ is deprecated: Use setIrLaserDotProjectorIntensity(float intensity) instead. [[01;35m[K-Wdeprecated-declarations[m[K]
[137.919s]   264 |                 [01;35m[Kdevice->setIrLaserDotProjectorBrightness(p.get_value<int>())[m[K;
[137.920s]       |                 [01;35m[K~~~~~~~~~~~~~~~~~~~~~~~~~~~~~~~~~~~~~~~~^~~~~~~~~~~~~~~~~~~~[m[K
[137.920s] In file included from [01m[K/opt/ros/humble/include/depthai/device/Device.hpp:14[m[K,
[137.921s]                  from [01m[K/home/strohmo/autonomous-system/src/drivers/depthai-ros/depthai_ros_driver/src/camera.cpp:6[m[K:
[137.921s] [01m[K/opt/ros/humble/include/depthai/device/DeviceBase.hpp:510:90:[m[K [01;36m[Knote: [m[Kdeclared here
[137.921s]   510 |     [[deprecated("Use setIrLaserDotProjectorIntensity(float intensity) instead.")]] bool [01;36m[KsetIrLaserDotProjectorBrightness[m[K(float mA, int mask = -1);
[137.921s]       |                                                                                          [01;36m[K^~~~~~~~~~~~~~~~~~~~~~~~~~~~~~~~[m[K
[137.921s] [01m[K/home/strohmo/autonomous-system/src/drivers/depthai-ros/depthai_ros_driver/src/camera.cpp:266:50:[m[K [01;35m[Kwarning: [m[K‘[01m[Kbool dai::DeviceBase::setIrFloodLightBrightness(float, int)[m[K’ is deprecated: Use setIrFloodLightIntensity(float intensity) instead. [[01;35m[K-Wdeprecated-declarations[m[K]
[137.922s]   266 |                 [01;35m[Kdevice->setIrFloodLightBrightness(p.get_value<int>())[m[K;
[137.922s]       |                 [01;35m[K~~~~~~~~~~~~~~~~~~~~~~~~~~~~~~~~~^~~~~~~~~~~~~~~~~~~~[m[K
[137.922s] In file included from [01m[K/opt/ros/humble/include/depthai/device/Device.hpp:14[m[K,
[137.922s]                  from [01m[K/home/strohmo/autonomous-system/src/drivers/depthai-ros/depthai_ros_driver/src/camera.cpp:6[m[K:
[137.922s] [01m[K/opt/ros/humble/include/depthai/device/DeviceBase.hpp:522:83:[m[K [01;36m[Knote: [m[Kdeclared here
[137.923s]   522 |     [[deprecated("Use setIrFloodLightIntensity(float intensity) instead.")]] bool [01;36m[KsetIrFloodLightBrightness[m[K(float mA, int mask = -1);
[137.923s]       |                                                                                   [01;36m[K^~~~~~~~~~~~~~~~~~~~~~~~~[m[K
[163.610s] [100%] [32m[1mLinking CXX shared library libdepthai_ros_driver.so[0m
[167.523s] [100%] Built target depthai_ros_driver
[167.547s] Invoked command in '/home/strohmo/autonomous-system/build/depthai_ros_driver' returned '0': CMAKE_PREFIX_PATH=/home/strohmo/autonomous-system/install/depthai_bridge:/home/strohmo/autonomous-system/install/depthai_ros_msgs:/home/strohmo/autonomous-system/install/oak_cone_detect_interfaces:/home/strohmo/autonomous-system/install/descriptions:/home/strohmo/autonomous-system/install/depthai-ros:/home/strohmo/autonomous-system/install/depthai_ros_driver:/home/strohmo/autonomous-system/install/tensorrt_cone_detect:/home/strohmo/autonomous-system/install/random_cone_detect:/home/strohmo/autonomous-system/install/pytorch_cone_detect:/home/strohmo/autonomous-system/install/onnx_cone_detect:/home/strohmo/autonomous-system/install/array_cone_detect:/opt/ros/humble LD_LIBRARY_PATH=/home/strohmo/autonomous-system/install/depthai_bridge/lib:/home/strohmo/autonomous-system/install/depthai_ros_msgs/lib:/home/strohmo/autonomous-system/install/oak_cone_detect_interfaces/lib:/home/strohmo/autonomous-system/install/depthai_ros_driver/lib:/opt/ros/humble/opt/rviz_ogre_vendor/lib:/opt/ros/humble/lib/x86_64-linux-gnu:/opt/ros/humble/lib:/usr/local/cuda/lib64:/opt/onnxruntime/lib /usr/bin/cmake --build /home/strohmo/autonomous-system/build/depthai_ros_driver -- -j8 -l8
[167.555s] Invoking command in '/home/strohmo/autonomous-system/build/depthai_ros_driver': CMAKE_PREFIX_PATH=/home/strohmo/autonomous-system/install/depthai_bridge:/home/strohmo/autonomous-system/install/depthai_ros_msgs:/home/strohmo/autonomous-system/install/oak_cone_detect_interfaces:/home/strohmo/autonomous-system/install/descriptions:/home/strohmo/autonomous-system/install/depthai-ros:/home/strohmo/autonomous-system/install/depthai_ros_driver:/home/strohmo/autonomous-system/install/tensorrt_cone_detect:/home/strohmo/autonomous-system/install/random_cone_detect:/home/strohmo/autonomous-system/install/pytorch_cone_detect:/home/strohmo/autonomous-system/install/onnx_cone_detect:/home/strohmo/autonomous-system/install/array_cone_detect:/opt/ros/humble LD_LIBRARY_PATH=/home/strohmo/autonomous-system/install/depthai_bridge/lib:/home/strohmo/autonomous-system/install/depthai_ros_msgs/lib:/home/strohmo/autonomous-system/install/oak_cone_detect_interfaces/lib:/home/strohmo/autonomous-system/install/depthai_ros_driver/lib:/opt/ros/humble/opt/rviz_ogre_vendor/lib:/opt/ros/humble/lib/x86_64-linux-gnu:/opt/ros/humble/lib:/usr/local/cuda/lib64:/opt/onnxruntime/lib /usr/bin/cmake --install /home/strohmo/autonomous-system/build/depthai_ros_driver
[167.566s] -- Install configuration: "Debug"
[167.568s] -- Execute custom install script
[167.569s] -- Symlinking: /home/strohmo/autonomous-system/install/depthai_ros_driver/share/depthai_ros_driver//plugins.xml
[167.591s] -- Symlinking: /home/strohmo/autonomous-system/install/depthai_ros_driver/share/depthai_ros_driver/environment/library_path.sh
[167.612s] -- Symlinking: /home/strohmo/autonomous-system/install/depthai_ros_driver/share/depthai_ros_driver/environment/library_path.dsv
[167.632s] -- Symlinking: /home/strohmo/autonomous-system/install/depthai_ros_driver/share/depthai_ros_driver/launch/calibration.launch.py
[167.652s] -- Symlinking: /home/strohmo/autonomous-system/install/depthai_ros_driver/share/depthai_ros_driver/launch/camera.launch.py
[167.676s] -- Symlinking: /home/strohmo/autonomous-system/install/depthai_ros_driver/share/depthai_ros_driver/launch/camera_as_part_of_a_robot.launch.py
[167.696s] -- Symlinking: /home/strohmo/autonomous-system/install/depthai_ros_driver/share/depthai_ros_driver/launch/example_marker_publish.launch.py
[167.715s] -- Symlinking: /home/strohmo/autonomous-system/install/depthai_ros_driver/share/depthai_ros_driver/launch/example_multicam.launch.py
[167.738s] -- Symlinking: /home/strohmo/autonomous-system/install/depthai_ros_driver/share/depthai_ros_driver/launch/example_segmentation.launch.py
[167.760s] -- Symlinking: /home/strohmo/autonomous-system/install/depthai_ros_driver/share/depthai_ros_driver/launch/pointcloud.launch.py
[167.781s] -- Symlinking: /home/strohmo/autonomous-system/install/depthai_ros_driver/share/depthai_ros_driver/launch/rgbd_pcl.launch.py
[167.804s] -- Symlinking: /home/strohmo/autonomous-system/install/depthai_ros_driver/share/depthai_ros_driver/launch/rtabmap.launch.py
[167.825s] -- Symlinking: /home/strohmo/autonomous-system/install/depthai_ros_driver/share/depthai_ros_driver/launch/sr_rgbd_pcl.launch.py
[167.845s] -- Symlinking: /home/strohmo/autonomous-system/install/depthai_ros_driver/share/depthai_ros_driver/launch/stereo_from_rosbag.launch.py
[167.869s] -- Symlinking: /home/strohmo/autonomous-system/install/depthai_ros_driver/share/depthai_ros_driver/config/calibration.yaml
[167.890s] -- Symlinking: /home/strohmo/autonomous-system/install/depthai_ros_driver/share/depthai_ros_driver/config/calibration/left.yaml
[167.910s] -- Symlinking: /home/strohmo/autonomous-system/install/depthai_ros_driver/share/depthai_ros_driver/config/calibration/rgb.yaml
[167.933s] -- Symlinking: /home/strohmo/autonomous-system/install/depthai_ros_driver/share/depthai_ros_driver/config/calibration/right.yaml
[167.955s] -- Symlinking: /home/strohmo/autonomous-system/install/depthai_ros_driver/share/depthai_ros_driver/config/camera.yaml
[167.979s] -- Symlinking: /home/strohmo/autonomous-system/install/depthai_ros_driver/share/depthai_ros_driver/config/isaac_vslam.yaml
[168.003s] -- Symlinking: /home/strohmo/autonomous-system/install/depthai_ros_driver/share/depthai_ros_driver/config/low_bandwidth.yaml
[168.033s] -- Symlinking: /home/strohmo/autonomous-system/install/depthai_ros_driver/share/depthai_ros_driver/config/multicam_example.yaml
[168.062s] -- Symlinking: /home/strohmo/autonomous-system/install/depthai_ros_driver/share/depthai_ros_driver/config/nn/custom_nn.json
[168.096s] -- Symlinking: /home/strohmo/autonomous-system/install/depthai_ros_driver/share/depthai_ros_driver/config/nn/mobilenet.json
[168.122s] -- Symlinking: /home/strohmo/autonomous-system/install/depthai_ros_driver/share/depthai_ros_driver/config/nn/segmentation.json
[168.146s] -- Symlinking: /home/strohmo/autonomous-system/install/depthai_ros_driver/share/depthai_ros_driver/config/nn/yolo.json
[168.171s] -- Symlinking: /home/strohmo/autonomous-system/install/depthai_ros_driver/share/depthai_ros_driver/config/oak_d_pro_w.yaml
[168.194s] -- Symlinking: /home/strohmo/autonomous-system/install/depthai_ros_driver/share/depthai_ros_driver/config/oak_d_sr.yaml
[168.213s] -- Symlinking: /home/strohmo/autonomous-system/install/depthai_ros_driver/share/depthai_ros_driver/config/pcl.yaml
[168.235s] -- Symlinking: /home/strohmo/autonomous-system/install/depthai_ros_driver/share/depthai_ros_driver/config/rgbd.yaml
[168.254s] -- Symlinking: /home/strohmo/autonomous-system/install/depthai_ros_driver/share/depthai_ros_driver/config/rviz/multicam.rviz
[168.277s] -- Symlinking: /home/strohmo/autonomous-system/install/depthai_ros_driver/share/depthai_ros_driver/config/rviz/rgbd.rviz
[168.298s] -- Symlinking: /home/strohmo/autonomous-system/install/depthai_ros_driver/share/depthai_ros_driver/config/rviz/segmentation.rviz
[168.320s] -- Symlinking: /home/strohmo/autonomous-system/install/depthai_ros_driver/share/depthai_ros_driver/config/segmentation.yaml
[168.343s] -- Symlinking: /home/strohmo/autonomous-system/install/depthai_ros_driver/share/depthai_ros_driver/config/spatial_yolo.yaml
[168.363s] -- Symlinking: /home/strohmo/autonomous-system/install/depthai_ros_driver/share/depthai_ros_driver/config/sr_rgbd.yaml
[168.385s] -- Symlinking: /home/strohmo/autonomous-system/install/depthai_ros_driver/share/depthai_ros_driver/config/stereo_from_rosbag.yaml
[168.410s] -- Symlinking: /home/strohmo/autonomous-system/install/depthai_ros_driver/share/depthai_ros_driver/environment/pythonpath.sh
[168.429s] -- Symlinking: /home/strohmo/autonomous-system/install/depthai_ros_driver/share/depthai_ros_driver/environment/pythonpath.dsv
[168.451s] -- Symlinking: /home/strohmo/autonomous-system/install/depthai_ros_driver/local/lib/python3.10/dist-packages/depthai_ros_driver-2.9.0-py3.10.egg-info/PKG-INFO
[168.472s] -- Symlinking: /home/strohmo/autonomous-system/install/depthai_ros_driver/local/lib/python3.10/dist-packages/depthai_ros_driver-2.9.0-py3.10.egg-info/SOURCES.txt
[168.495s] -- Symlinking: /home/strohmo/autonomous-system/install/depthai_ros_driver/local/lib/python3.10/dist-packages/depthai_ros_driver-2.9.0-py3.10.egg-info/dependency_links.txt
[168.513s] -- Symlinking: /home/strohmo/autonomous-system/install/depthai_ros_driver/local/lib/python3.10/dist-packages/depthai_ros_driver-2.9.0-py3.10.egg-info/top_level.txt
[168.534s] -- Symlinking: /home/strohmo/autonomous-system/install/depthai_ros_driver/local/lib/python3.10/dist-packages/depthai_ros_driver/__init__.py
[168.556s] -- Symlinking: /home/strohmo/autonomous-system/install/depthai_ros_driver/lib/depthai_ros_driver/obj_pub.py
[168.579s] -- Symlinking: /home/strohmo/autonomous-system/install/depthai_ros_driver/include/depthai_ros_driver/camera.hpp
[168.603s] -- Symlinking: /home/strohmo/autonomous-system/install/depthai_ros_driver/include/depthai_ros_driver/dai_nodes/base_node.hpp
[168.624s] -- Symlinking: /home/strohmo/autonomous-system/install/depthai_ros_driver/include/depthai_ros_driver/dai_nodes/nn/detection.hpp
[168.646s] -- Symlinking: /home/strohmo/autonomous-system/install/depthai_ros_driver/include/depthai_ros_driver/dai_nodes/nn/nn_helpers.hpp
[168.670s] -- Symlinking: /home/strohmo/autonomous-system/install/depthai_ros_driver/include/depthai_ros_driver/dai_nodes/nn/nn_wrapper.hpp
[168.694s] -- Symlinking: /home/strohmo/autonomous-system/install/depthai_ros_driver/include/depthai_ros_driver/dai_nodes/nn/segmentation.hpp
[168.713s] -- Symlinking: /home/strohmo/autonomous-system/install/depthai_ros_driver/include/depthai_ros_driver/dai_nodes/nn/spatial_detection.hpp
[168.733s] -- Symlinking: /home/strohmo/autonomous-system/install/depthai_ros_driver/include/depthai_ros_driver/dai_nodes/nn/spatial_nn_wrapper.hpp
[168.757s] -- Symlinking: /home/strohmo/autonomous-system/install/depthai_ros_driver/include/depthai_ros_driver/dai_nodes/sensors/feature_tracker.hpp
[168.780s] -- Symlinking: /home/strohmo/autonomous-system/install/depthai_ros_driver/include/depthai_ros_driver/dai_nodes/sensors/imu.hpp
[168.804s] -- Symlinking: /home/strohmo/autonomous-system/install/depthai_ros_driver/include/depthai_ros_driver/dai_nodes/sensors/mono.hpp
[168.826s] -- Symlinking: /home/strohmo/autonomous-system/install/depthai_ros_driver/include/depthai_ros_driver/dai_nodes/sensors/rgb.hpp
[168.845s] -- Symlinking: /home/strohmo/autonomous-system/install/depthai_ros_driver/include/depthai_ros_driver/dai_nodes/sensors/sensor_helpers.hpp
[168.867s] -- Symlinking: /home/strohmo/autonomous-system/install/depthai_ros_driver/include/depthai_ros_driver/dai_nodes/sensors/sensor_wrapper.hpp
[168.888s] -- Symlinking: /home/strohmo/autonomous-system/install/depthai_ros_driver/include/depthai_ros_driver/dai_nodes/stereo.hpp
[168.910s] -- Symlinking: /home/strohmo/autonomous-system/install/depthai_ros_driver/include/depthai_ros_driver/dai_nodes/sys_logger.hpp
[168.928s] -- Symlinking: /home/strohmo/autonomous-system/install/depthai_ros_driver/include/depthai_ros_driver/param_handlers/base_param_handler.hpp
[168.950s] -- Symlinking: /home/strohmo/autonomous-system/install/depthai_ros_driver/include/depthai_ros_driver/param_handlers/camera_param_handler.hpp
[168.971s] -- Symlinking: /home/strohmo/autonomous-system/install/depthai_ros_driver/include/depthai_ros_driver/param_handlers/feature_tracker_param_handler.hpp
[168.994s] -- Symlinking: /home/strohmo/autonomous-system/install/depthai_ros_driver/include/depthai_ros_driver/param_handlers/imu_param_handler.hpp
[169.014s] -- Symlinking: /home/strohmo/autonomous-system/install/depthai_ros_driver/include/depthai_ros_driver/param_handlers/nn_param_handler.hpp
[169.035s] -- Symlinking: /home/strohmo/autonomous-system/install/depthai_ros_driver/include/depthai_ros_driver/param_handlers/sensor_param_handler.hpp
[169.056s] -- Symlinking: /home/strohmo/autonomous-system/install/depthai_ros_driver/include/depthai_ros_driver/param_handlers/stereo_param_handler.hpp
[169.078s] -- Symlinking: /home/strohmo/autonomous-system/install/depthai_ros_driver/include/depthai_ros_driver/pipeline/base_pipeline.hpp
[169.103s] -- Symlinking: /home/strohmo/autonomous-system/install/depthai_ros_driver/include/depthai_ros_driver/pipeline/base_types.hpp
[169.123s] -- Symlinking: /home/strohmo/autonomous-system/install/depthai_ros_driver/include/depthai_ros_driver/pipeline/pipeline_generator.hpp
[169.143s] -- Symlinking: /home/strohmo/autonomous-system/install/depthai_ros_driver/include/depthai_ros_driver/utils.hpp
[169.162s] -- Symlinking: /home/strohmo/autonomous-system/install/depthai_ros_driver/share/ament_index/resource_index/package_run_dependencies/depthai_ros_driver
[169.186s] -- Symlinking: /home/strohmo/autonomous-system/install/depthai_ros_driver/share/ament_index/resource_index/parent_prefix_path/depthai_ros_driver
[169.208s] -- Symlinking: /home/strohmo/autonomous-system/install/depthai_ros_driver/share/depthai_ros_driver/environment/ament_prefix_path.sh
[169.230s] -- Symlinking: /home/strohmo/autonomous-system/install/depthai_ros_driver/share/depthai_ros_driver/environment/ament_prefix_path.dsv
[169.254s] -- Symlinking: /home/strohmo/autonomous-system/install/depthai_ros_driver/share/depthai_ros_driver/environment/path.sh
[169.274s] -- Symlinking: /home/strohmo/autonomous-system/install/depthai_ros_driver/share/depthai_ros_driver/environment/path.dsv
[169.299s] -- Symlinking: /home/strohmo/autonomous-system/install/depthai_ros_driver/share/depthai_ros_driver/local_setup.bash
[169.323s] -- Symlinking: /home/strohmo/autonomous-system/install/depthai_ros_driver/share/depthai_ros_driver/local_setup.sh
[169.346s] -- Symlinking: /home/strohmo/autonomous-system/install/depthai_ros_driver/share/depthai_ros_driver/local_setup.zsh
[169.370s] -- Symlinking: /home/strohmo/autonomous-system/install/depthai_ros_driver/share/depthai_ros_driver/local_setup.dsv
[169.390s] -- Symlinking: /home/strohmo/autonomous-system/install/depthai_ros_driver/share/depthai_ros_driver/package.dsv
[169.411s] -- Symlinking: /home/strohmo/autonomous-system/install/depthai_ros_driver/share/ament_index/resource_index/packages/depthai_ros_driver
[169.432s] -- Symlinking: /home/strohmo/autonomous-system/install/depthai_ros_driver/share/ament_index/resource_index/depthai_ros_driver__pluginlib__plugin/depthai_ros_driver
[169.457s] -- Symlinking: /home/strohmo/autonomous-system/install/depthai_ros_driver/share/ament_index/resource_index/rclcpp_components/depthai_ros_driver
[169.480s] -- Symlinking: /home/strohmo/autonomous-system/install/depthai_ros_driver/share/depthai_ros_driver/cmake/ament_cmake_export_include_directories-extras.cmake
[169.505s] -- Symlinking: /home/strohmo/autonomous-system/install/depthai_ros_driver/share/depthai_ros_driver/cmake/ament_cmake_export_targets-extras.cmake
[169.527s] -- Symlinking: /home/strohmo/autonomous-system/install/depthai_ros_driver/share/depthai_ros_driver/cmake/ament_cmake_export_libraries-extras.cmake
[169.546s] -- Symlinking: /home/strohmo/autonomous-system/install/depthai_ros_driver/share/depthai_ros_driver/cmake/ament_cmake_export_dependencies-extras.cmake
[169.569s] -- Symlinking: /home/strohmo/autonomous-system/install/depthai_ros_driver/share/depthai_ros_driver/cmake/depthai_ros_driverConfig.cmake
[169.589s] -- Symlinking: /home/strohmo/autonomous-system/install/depthai_ros_driver/share/depthai_ros_driver/cmake/depthai_ros_driverConfig-version.cmake
[169.610s] -- Symlinking: /home/strohmo/autonomous-system/install/depthai_ros_driver/share/depthai_ros_driver/package.xml
[169.630s] -- Installing: /home/strohmo/autonomous-system/install/depthai_ros_driver/lib/libdepthai_ros_driver.so
[169.675s] -- Set runtime path of "/home/strohmo/autonomous-system/install/depthai_ros_driver/lib/libdepthai_ros_driver.so" to ""
[169.675s] -- Installing: /home/strohmo/autonomous-system/install/depthai_ros_driver/lib/libdepthai_ros_driver_sensor_nodes.so
[169.725s] -- Set runtime path of "/home/strohmo/autonomous-system/install/depthai_ros_driver/lib/libdepthai_ros_driver_sensor_nodes.so" to ""
[169.725s] -- Installing: /home/strohmo/autonomous-system/install/depthai_ros_driver/lib/libdepthai_ros_driver_nn_nodes.so
[169.745s] -- Set runtime path of "/home/strohmo/autonomous-system/install/depthai_ros_driver/lib/libdepthai_ros_driver_nn_nodes.so" to ""
[169.746s] -- Installing: /home/strohmo/autonomous-system/install/depthai_ros_driver/lib/libdepthai_ros_driver_common.so
[169.775s] -- Set runtime path of "/home/strohmo/autonomous-system/install/depthai_ros_driver/lib/libdepthai_ros_driver_common.so" to ""
[169.775s] -- Installing: /home/strohmo/autonomous-system/install/depthai_ros_driver/share/depthai_ros_driver/cmake/depthai_ros_driverTargets.cmake
[169.775s] -- Installing: /home/strohmo/autonomous-system/install/depthai_ros_driver/share/depthai_ros_driver/cmake/depthai_ros_driverTargets-debug.cmake
[169.856s] Listing '/home/strohmo/autonomous-system/install/depthai_ros_driver/local/lib/python3.10/dist-packages/depthai_ros_driver'...
[169.857s] Compiling '/home/strohmo/autonomous-system/install/depthai_ros_driver/local/lib/python3.10/dist-packages/depthai_ros_driver/__init__.py'...
[169.869s] -- Installing: /home/strohmo/autonomous-system/install/depthai_ros_driver/share/depthai_ros_driver/cmake/depthai_ros_driverTargetsExport.cmake
[169.870s] -- Installing: /home/strohmo/autonomous-system/install/depthai_ros_driver/share/depthai_ros_driver/cmake/depthai_ros_driverTargetsExport-debug.cmake
[169.877s] Invoked command in '/home/strohmo/autonomous-system/build/depthai_ros_driver' returned '0': CMAKE_PREFIX_PATH=/home/strohmo/autonomous-system/install/depthai_bridge:/home/strohmo/autonomous-system/install/depthai_ros_msgs:/home/strohmo/autonomous-system/install/oak_cone_detect_interfaces:/home/strohmo/autonomous-system/install/descriptions:/home/strohmo/autonomous-system/install/depthai-ros:/home/strohmo/autonomous-system/install/depthai_ros_driver:/home/strohmo/autonomous-system/install/tensorrt_cone_detect:/home/strohmo/autonomous-system/install/random_cone_detect:/home/strohmo/autonomous-system/install/pytorch_cone_detect:/home/strohmo/autonomous-system/install/onnx_cone_detect:/home/strohmo/autonomous-system/install/array_cone_detect:/opt/ros/humble LD_LIBRARY_PATH=/home/strohmo/autonomous-system/install/depthai_bridge/lib:/home/strohmo/autonomous-system/install/depthai_ros_msgs/lib:/home/strohmo/autonomous-system/install/oak_cone_detect_interfaces/lib:/home/strohmo/autonomous-system/install/depthai_ros_driver/lib:/opt/ros/humble/opt/rviz_ogre_vendor/lib:/opt/ros/humble/lib/x86_64-linux-gnu:/opt/ros/humble/lib:/usr/local/cuda/lib64:/opt/onnxruntime/lib /usr/bin/cmake --install /home/strohmo/autonomous-system/build/depthai_ros_driver
