[4.553s] Invoking command in '/home/strohmo/autonomous-system/build/array_cone_detect': CMAKE_PREFIX_PATH=/home/strohmo/autonomous-system/install/depthai_ros_driver:/home/strohmo/autonomous-system/install/depthai_bridge:/home/strohmo/autonomous-system/install/oak_cone_detect_interfaces:/home/strohmo/autonomous-system/install/depthai_ros_msgs:/home/strohmo/autonomous-system/install/descriptions:/home/strohmo/autonomous-system/install/depthai-ros LD_LIBRARY_PATH=/home/strohmo/autonomous-system/install/depthai_ros_driver/lib:/home/strohmo/autonomous-system/install/depthai_bridge/lib:/home/strohmo/autonomous-system/install/oak_cone_detect_interfaces/lib:/home/strohmo/autonomous-system/install/depthai_ros_msgs/lib:/opt/ros/humble/opt/rviz_ogre_vendor/lib:/opt/ros/humble/lib/x86_64-linux-gnu:/opt/ros/humble/lib:/usr/local/cuda/lib64:/opt/onnxruntime/lib PYTHONPATH=/home/strohmo/autonomous-system/build/array_cone_detect/prefix_override:/usr/lib/python3/dist-packages/colcon_core/task/python/colcon_distutils_commands:/home/strohmo/autonomous-system/install/array_cone_detect/lib/python3.10/site-packages:${PYTHONPATH} /usr/bin/python3 -W ignore:setup.py install is deprecated -W ignore:easy_install command is deprecated setup.py develop --editable --build-directory /home/strohmo/autonomous-system/build/array_cone_detect/build --no-deps symlink_data
[5.530s] running develop
[6.197s] running egg_info
[6.202s] creating array_cone_detect.egg-info
[6.205s] writing array_cone_detect.egg-info/PKG-INFO
[6.205s] writing dependency_links to array_cone_detect.egg-info/dependency_links.txt
[6.207s] writing entry points to array_cone_detect.egg-info/entry_points.txt
[6.211s] writing requirements to array_cone_detect.egg-info/requires.txt
[6.213s] writing top-level names to array_cone_detect.egg-info/top_level.txt
[6.214s] writing manifest file 'array_cone_detect.egg-info/SOURCES.txt'
[6.215s] reading manifest file 'array_cone_detect.egg-info/SOURCES.txt'
[6.219s] writing manifest file 'array_cone_detect.egg-info/SOURCES.txt'
[6.222s] running build_ext
[6.223s] Creating /home/strohmo/autonomous-system/install/array_cone_detect/lib/python3.10/site-packages/array-cone-detect.egg-link (link to .)
[6.224s] Installing depth_node script to /home/strohmo/autonomous-system/install/array_cone_detect/lib/array_cone_detect
[6.224s] Installing detection_node script to /home/strohmo/autonomous-system/install/array_cone_detect/lib/array_cone_detect
[6.225s] Installing imu_viz_node script to /home/strohmo/autonomous-system/install/array_cone_detect/lib/array_cone_detect
[6.226s] Installing multi_node_main script to /home/strohmo/autonomous-system/install/array_cone_detect/lib/array_cone_detect
[6.227s] Installing pathfinding_node script to /home/strohmo/autonomous-system/install/array_cone_detect/lib/array_cone_detect
[6.227s] 
[6.230s] Installed /home/strohmo/autonomous-system/build/array_cone_detect
[6.234s] running symlink_data
[6.234s] symbolically linking /home/strohmo/autonomous-system/build/array_cone_detect/package.xml -> /home/strohmo/autonomous-system/install/array_cone_detect/share/array_cone_detect
[6.236s] creating /home/strohmo/autonomous-system/install/array_cone_detect/share/array_cone_detect/launch
[6.238s] symbolically linking /home/strohmo/autonomous-system/build/array_cone_detect/launch/detection_node.launch.py -> /home/strohmo/autonomous-system/install/array_cone_detect/share/array_cone_detect/launch
[6.246s] creating /home/strohmo/autonomous-system/install/array_cone_detect/share/array_cone_detect/config
[6.247s] symbolically linking /home/strohmo/autonomous-system/build/array_cone_detect/config/oak_camera.yaml -> /home/strohmo/autonomous-system/install/array_cone_detect/share/array_cone_detect/config
[6.247s] creating /home/strohmo/autonomous-system/install/array_cone_detect/share/array_cone_detect/resource
[6.248s] symbolically linking /home/strohmo/autonomous-system/build/array_cone_detect/resource/best.pt -> /home/strohmo/autonomous-system/install/array_cone_detect/share/array_cone_detect/resource
[6.248s] symbolically linking /home/strohmo/autonomous-system/build/array_cone_detect/resource/best416.onnx -> /home/strohmo/autonomous-system/install/array_cone_detect/share/array_cone_detect/resource
[6.248s] symbolically linking /home/strohmo/autonomous-system/build/array_cone_detect/resource/cone_set2.json -> /home/strohmo/autonomous-system/install/array_cone_detect/share/array_cone_detect/resource
[6.248s] symbolically linking /home/strohmo/autonomous-system/build/array_cone_detect/resource/best640.onnx -> /home/strohmo/autonomous-system/install/array_cone_detect/share/array_cone_detect/resource
[6.249s] symbolically linking /home/strohmo/autonomous-system/build/array_cone_detect/resource/cone_set1.json -> /home/strohmo/autonomous-system/install/array_cone_detect/share/array_cone_detect/resource
[6.249s] symbolically linking /home/strohmo/autonomous-system/build/array_cone_detect/resource/v11n_416x416.onnx -> /home/strohmo/autonomous-system/install/array_cone_detect/share/array_cone_detect/resource
[6.407s] Invoked command in '/home/strohmo/autonomous-system/build/array_cone_detect' returned '0': CMAKE_PREFIX_PATH=/home/strohmo/autonomous-system/install/depthai_ros_driver:/home/strohmo/autonomous-system/install/depthai_bridge:/home/strohmo/autonomous-system/install/oak_cone_detect_interfaces:/home/strohmo/autonomous-system/install/depthai_ros_msgs:/home/strohmo/autonomous-system/install/descriptions:/home/strohmo/autonomous-system/install/depthai-ros LD_LIBRARY_PATH=/home/strohmo/autonomous-system/install/depthai_ros_driver/lib:/home/strohmo/autonomous-system/install/depthai_bridge/lib:/home/strohmo/autonomous-system/install/oak_cone_detect_interfaces/lib:/home/strohmo/autonomous-system/install/depthai_ros_msgs/lib:/opt/ros/humble/opt/rviz_ogre_vendor/lib:/opt/ros/humble/lib/x86_64-linux-gnu:/opt/ros/humble/lib:/usr/local/cuda/lib64:/opt/onnxruntime/lib PYTHONPATH=/home/strohmo/autonomous-system/build/array_cone_detect/prefix_override:/usr/lib/python3/dist-packages/colcon_core/task/python/colcon_distutils_commands:/home/strohmo/autonomous-system/install/array_cone_detect/lib/python3.10/site-packages:${PYTHONPATH} /usr/bin/python3 -W ignore:setup.py install is deprecated -W ignore:easy_install command is deprecated setup.py develop --editable --build-directory /home/strohmo/autonomous-system/build/array_cone_detect/build --no-deps symlink_data
