-- The C compiler identification is GNU 11.4.0
-- The CXX compiler identification is GNU 11.4.0
-- Detecting C compiler ABI info
-- Detecting C compiler ABI info - done
-- Check for working C compiler: /usr/bin/cc - skipped
-- Detecting C compile features
-- Detecting C compile features - done
-- Detecting CXX compiler ABI info
-- Detecting CXX compiler ABI info - done
-- Check for working CXX compiler: /usr/bin/c++ - skipped
-- Detecting CXX compile features
-- Detecting CXX compile features - done
-- Found ament_cmake: 1.3.11 (/opt/ros/humble/share/ament_cmake/cmake)
-- Found Python3: /usr/local/python/current/bin/python3 (found version "3.10.12") found components: Interpreter 
-- Override CMake install command with custom implementation using symlinks instead of copying resources
-- Found std_msgs: 4.8.0 (/opt/ros/humble/share/std_msgs/cmake)
-- Found rosidl_generator_c: 3.1.6 (/opt/ros/humble/share/rosidl_generator_c/cmake)
-- Found rosidl_adapter: 3.1.6 (/opt/ros/humble/share/rosidl_adapter/cmake)
-- Found rosidl_generator_cpp: 3.1.6 (/opt/ros/humble/share/rosidl_generator_cpp/cmake)
-- Using all available rosidl_typesupport_c: rosidl_typesupport_fastrtps_c;rosidl_typesupport_introspection_c
-- Using all available rosidl_typesupport_cpp: rosidl_typesupport_fastrtps_cpp;rosidl_typesupport_introspection_cpp
-- Found geometry_msgs: 4.8.0 (/opt/ros/humble/share/geometry_msgs/cmake)
-- Found rosidl_default_generators: 1.2.0 (/opt/ros/humble/share/rosidl_default_generators/cmake)
-- Found ament_cmake_ros: 0.10.0 (/opt/ros/humble/share/ament_cmake_ros/cmake)
-- Using all available rosidl_typesupport_c: rosidl_typesupport_fastrtps_c;rosidl_typesupport_introspection_c
-- Using all available rosidl_typesupport_cpp: rosidl_typesupport_fastrtps_cpp;rosidl_typesupport_introspection_cpp
-- Found PythonInterp: /usr/local/python/current/bin/python3 (found suitable version "3.10.12", minimum required is "3.6") 
-- Found python_cmake_module: 0.10.0 (/opt/ros/humble/share/python_cmake_module/cmake)
-- Found PythonLibs: /usr/lib/x86_64-linux-gnu/libpython3.10.so (found suitable version "3.10.12", minimum required is "3.5") 
-- Using PYTHON_EXECUTABLE: /usr/local/python/current/bin/python3
-- Using PYTHON_INCLUDE_DIRS: /usr/include/python3.10
-- Using PYTHON_LIBRARIES: /usr/lib/x86_64-linux-gnu/libpython3.10.so
-- Found PythonExtra: .so  
-- Configuring done
-- Generating done
-- Build files have been written to: /home/strohmo/autonomous-system/build/oak_cone_detect_interfaces
[  1%] [34m[1mGenerating C++ code for ROS interfaces[0m
[  1%] Built target oak_cone_detect_interfaces__cpp
[  1%] Built target ament_cmake_python_symlink_oak_cone_detect_interfaces
[  3%] [34m[1mGenerating C++ introspection for ROS interfaces[0m
[  5%] [32mBuilding CXX object CMakeFiles/oak_cone_detect_interfaces__rosidl_typesupport_introspection_cpp.dir/rosidl_typesupport_introspection_cpp/oak_cone_detect_interfaces/msg/detail/cone3_d__type_support.cpp.o[0m
[  7%] [32mBuilding CXX object CMakeFiles/oak_cone_detect_interfaces__rosidl_typesupport_introspection_cpp.dir/rosidl_typesupport_introspection_cpp/oak_cone_detect_interfaces/msg/detail/cone_array2_d__type_support.cpp.o[0m
[  9%] [32mBuilding CXX object CMakeFiles/oak_cone_detect_interfaces__rosidl_typesupport_introspection_cpp.dir/rosidl_typesupport_introspection_cpp/oak_cone_detect_interfaces/msg/detail/cone2_d__type_support.cpp.o[0m
[ 10%] [32mBuilding CXX object CMakeFiles/oak_cone_detect_interfaces__rosidl_typesupport_introspection_cpp.dir/rosidl_typesupport_introspection_cpp/oak_cone_detect_interfaces/msg/detail/cone_array3_d__type_support.cpp.o[0m
[ 12%] [32m[1mLinking CXX shared library liboak_cone_detect_interfaces__rosidl_typesupport_introspection_cpp.so[0m
[ 12%] Built target oak_cone_detect_interfaces__rosidl_typesupport_introspection_cpp
running egg_info
creating oak_cone_detect_interfaces.egg-info
writing oak_cone_detect_interfaces.egg-info/PKG-INFO
writing dependency_links to oak_cone_detect_interfaces.egg-info/dependency_links.txt
writing top-level names to oak_cone_detect_interfaces.egg-info/top_level.txt
writing manifest file 'oak_cone_detect_interfaces.egg-info/SOURCES.txt'
reading manifest file 'oak_cone_detect_interfaces.egg-info/SOURCES.txt'
writing manifest file 'oak_cone_detect_interfaces.egg-info/SOURCES.txt'
[ 12%] Built target ament_cmake_python_build_oak_cone_detect_interfaces_egg
[ 14%] [34m[1mGenerating C++ type support for eProsima Fast-RTPS[0m
[ 16%] [32mBuilding CXX object CMakeFiles/oak_cone_detect_interfaces__rosidl_typesupport_fastrtps_cpp.dir/rosidl_typesupport_fastrtps_cpp/oak_cone_detect_interfaces/msg/detail/dds_fastrtps/cone3_d__type_support.cpp.o[0m
[ 18%] [32mBuilding CXX object CMakeFiles/oak_cone_detect_interfaces__rosidl_typesupport_fastrtps_cpp.dir/rosidl_typesupport_fastrtps_cpp/oak_cone_detect_interfaces/msg/detail/dds_fastrtps/cone_array2_d__type_support.cpp.o[0m
[ 20%] [32mBuilding CXX object CMakeFiles/oak_cone_detect_interfaces__rosidl_typesupport_fastrtps_cpp.dir/rosidl_typesupport_fastrtps_cpp/oak_cone_detect_interfaces/msg/detail/dds_fastrtps/cone2_d__type_support.cpp.o[0m
[ 21%] [32mBuilding CXX object CMakeFiles/oak_cone_detect_interfaces__rosidl_typesupport_fastrtps_cpp.dir/rosidl_typesupport_fastrtps_cpp/oak_cone_detect_interfaces/msg/detail/dds_fastrtps/cone_array3_d__type_support.cpp.o[0m
[ 23%] [32m[1mLinking CXX shared library liboak_cone_detect_interfaces__rosidl_typesupport_fastrtps_cpp.so[0m
[ 23%] Built target oak_cone_detect_interfaces__rosidl_typesupport_fastrtps_cpp
[ 25%] [34m[1mGenerating C++ type support dispatch for ROS interfaces[0m
[ 27%] [32mBuilding CXX object CMakeFiles/oak_cone_detect_interfaces__rosidl_typesupport_cpp.dir/rosidl_typesupport_cpp/oak_cone_detect_interfaces/msg/cone3_d__type_support.cpp.o[0m
[ 29%] [32mBuilding CXX object CMakeFiles/oak_cone_detect_interfaces__rosidl_typesupport_cpp.dir/rosidl_typesupport_cpp/oak_cone_detect_interfaces/msg/cone_array2_d__type_support.cpp.o[0m
[ 30%] [32mBuilding CXX object CMakeFiles/oak_cone_detect_interfaces__rosidl_typesupport_cpp.dir/rosidl_typesupport_cpp/oak_cone_detect_interfaces/msg/cone2_d__type_support.cpp.o[0m
[ 32%] [32mBuilding CXX object CMakeFiles/oak_cone_detect_interfaces__rosidl_typesupport_cpp.dir/rosidl_typesupport_cpp/oak_cone_detect_interfaces/msg/cone_array3_d__type_support.cpp.o[0m
[ 34%] [32m[1mLinking CXX shared library liboak_cone_detect_interfaces__rosidl_typesupport_cpp.so[0m
[ 34%] Built target oak_cone_detect_interfaces__rosidl_typesupport_cpp
[ 36%] [34m[1mGenerating C code for ROS interfaces[0m
[ 38%] [32mBuilding C object CMakeFiles/oak_cone_detect_interfaces__rosidl_generator_c.dir/rosidl_generator_c/oak_cone_detect_interfaces/msg/detail/cone3_d__functions.c.o[0m
[ 40%] [32mBuilding C object CMakeFiles/oak_cone_detect_interfaces__rosidl_generator_c.dir/rosidl_generator_c/oak_cone_detect_interfaces/msg/detail/cone_array2_d__functions.c.o[0m
[ 41%] [32mBuilding C object CMakeFiles/oak_cone_detect_interfaces__rosidl_generator_c.dir/rosidl_generator_c/oak_cone_detect_interfaces/msg/detail/cone2_d__functions.c.o[0m
[ 43%] [32mBuilding C object CMakeFiles/oak_cone_detect_interfaces__rosidl_generator_c.dir/rosidl_generator_c/oak_cone_detect_interfaces/msg/detail/cone_array3_d__functions.c.o[0m
[ 45%] [32m[1mLinking C shared library liboak_cone_detect_interfaces__rosidl_generator_c.so[0m
[ 45%] Built target oak_cone_detect_interfaces__rosidl_generator_c
[ 47%] [34m[1mGenerating C type support for eProsima Fast-RTPS[0m
[ 49%] [32mBuilding CXX object CMakeFiles/oak_cone_detect_interfaces__rosidl_typesupport_fastrtps_c.dir/rosidl_typesupport_fastrtps_c/oak_cone_detect_interfaces/msg/detail/cone3_d__type_support_c.cpp.o[0m
[ 50%] [32mBuilding CXX object CMakeFiles/oak_cone_detect_interfaces__rosidl_typesupport_fastrtps_c.dir/rosidl_typesupport_fastrtps_c/oak_cone_detect_interfaces/msg/detail/cone_array2_d__type_support_c.cpp.o[0m
[ 52%] [32mBuilding CXX object CMakeFiles/oak_cone_detect_interfaces__rosidl_typesupport_fastrtps_c.dir/rosidl_typesupport_fastrtps_c/oak_cone_detect_interfaces/msg/detail/cone2_d__type_support_c.cpp.o[0m
[ 54%] [32mBuilding CXX object CMakeFiles/oak_cone_detect_interfaces__rosidl_typesupport_fastrtps_c.dir/rosidl_typesupport_fastrtps_c/oak_cone_detect_interfaces/msg/detail/cone_array3_d__type_support_c.cpp.o[0m
[ 56%] [32m[1mLinking CXX shared library liboak_cone_detect_interfaces__rosidl_typesupport_fastrtps_c.so[0m
[ 56%] Built target oak_cone_detect_interfaces__rosidl_typesupport_fastrtps_c
[ 58%] [34m[1mGenerating C type support dispatch for ROS interfaces[0m
[ 60%] [32mBuilding CXX object CMakeFiles/oak_cone_detect_interfaces__rosidl_typesupport_c.dir/rosidl_typesupport_c/oak_cone_detect_interfaces/msg/cone3_d__type_support.cpp.o[0m
[ 61%] [32mBuilding CXX object CMakeFiles/oak_cone_detect_interfaces__rosidl_typesupport_c.dir/rosidl_typesupport_c/oak_cone_detect_interfaces/msg/cone_array2_d__type_support.cpp.o[0m
[ 63%] [32mBuilding CXX object CMakeFiles/oak_cone_detect_interfaces__rosidl_typesupport_c.dir/rosidl_typesupport_c/oak_cone_detect_interfaces/msg/cone2_d__type_support.cpp.o[0m
[ 65%] [32mBuilding CXX object CMakeFiles/oak_cone_detect_interfaces__rosidl_typesupport_c.dir/rosidl_typesupport_c/oak_cone_detect_interfaces/msg/cone_array3_d__type_support.cpp.o[0m
[ 67%] [32m[1mLinking CXX shared library liboak_cone_detect_interfaces__rosidl_typesupport_c.so[0m
[ 67%] Built target oak_cone_detect_interfaces__rosidl_typesupport_c
[ 69%] [34m[1mGenerating C introspection for ROS interfaces[0m
[ 70%] [32mBuilding C object CMakeFiles/oak_cone_detect_interfaces__rosidl_typesupport_introspection_c.dir/rosidl_typesupport_introspection_c/oak_cone_detect_interfaces/msg/detail/cone3_d__type_support.c.o[0m
[ 72%] [32mBuilding C object CMakeFiles/oak_cone_detect_interfaces__rosidl_typesupport_introspection_c.dir/rosidl_typesupport_introspection_c/oak_cone_detect_interfaces/msg/detail/cone_array2_d__type_support.c.o[0m
[ 74%] [32mBuilding C object CMakeFiles/oak_cone_detect_interfaces__rosidl_typesupport_introspection_c.dir/rosidl_typesupport_introspection_c/oak_cone_detect_interfaces/msg/detail/cone2_d__type_support.c.o[0m
[ 76%] [32mBuilding C object CMakeFiles/oak_cone_detect_interfaces__rosidl_typesupport_introspection_c.dir/rosidl_typesupport_introspection_c/oak_cone_detect_interfaces/msg/detail/cone_array3_d__type_support.c.o[0m
[ 78%] [32m[1mLinking C shared library liboak_cone_detect_interfaces__rosidl_typesupport_introspection_c.so[0m
[ 78%] Built target oak_cone_detect_interfaces__rosidl_typesupport_introspection_c
[ 78%] Built target oak_cone_detect_interfaces
[ 80%] [34m[1mGenerating Python code for ROS interfaces[0m
[ 80%] Built target oak_cone_detect_interfaces__py
[ 81%] [32mBuilding C object CMakeFiles/oak_cone_detect_interfaces__rosidl_generator_py.dir/rosidl_generator_py/oak_cone_detect_interfaces/msg/_cone3_d_s.c.o[0m
[ 83%] [32mBuilding C object CMakeFiles/oak_cone_detect_interfaces__rosidl_generator_py.dir/rosidl_generator_py/oak_cone_detect_interfaces/msg/_cone_array2_d_s.c.o[0m
[ 85%] [32mBuilding C object CMakeFiles/oak_cone_detect_interfaces__rosidl_generator_py.dir/rosidl_generator_py/oak_cone_detect_interfaces/msg/_cone2_d_s.c.o[0m
[ 87%] [32mBuilding C object CMakeFiles/oak_cone_detect_interfaces__rosidl_generator_py.dir/rosidl_generator_py/oak_cone_detect_interfaces/msg/_cone_array3_d_s.c.o[0m
[ 89%] [32m[1mLinking C shared library rosidl_generator_py/oak_cone_detect_interfaces/liboak_cone_detect_interfaces__rosidl_generator_py.so[0m
[ 89%] Built target oak_cone_detect_interfaces__rosidl_generator_py
[ 90%] [32mBuilding C object CMakeFiles/oak_cone_detect_interfaces__rosidl_typesupport_fastrtps_c__pyext.dir/rosidl_generator_py/oak_cone_detect_interfaces/_oak_cone_detect_interfaces_s.ep.rosidl_typesupport_fastrtps_c.c.o[0m
[ 92%] [32m[1mLinking C shared library rosidl_generator_py/oak_cone_detect_interfaces/oak_cone_detect_interfaces_s__rosidl_typesupport_fastrtps_c.cpython-310-x86_64-linux-gnu.so[0m
[ 92%] Built target oak_cone_detect_interfaces__rosidl_typesupport_fastrtps_c__pyext
[ 94%] [32mBuilding C object CMakeFiles/oak_cone_detect_interfaces__rosidl_typesupport_c__pyext.dir/rosidl_generator_py/oak_cone_detect_interfaces/_oak_cone_detect_interfaces_s.ep.rosidl_typesupport_c.c.o[0m
[ 96%] [32m[1mLinking C shared library rosidl_generator_py/oak_cone_detect_interfaces/oak_cone_detect_interfaces_s__rosidl_typesupport_c.cpython-310-x86_64-linux-gnu.so[0m
[ 96%] Built target oak_cone_detect_interfaces__rosidl_typesupport_c__pyext
[ 98%] [32mBuilding C object CMakeFiles/oak_cone_detect_interfaces__rosidl_typesupport_introspection_c__pyext.dir/rosidl_generator_py/oak_cone_detect_interfaces/_oak_cone_detect_interfaces_s.ep.rosidl_typesupport_introspection_c.c.o[0m
[100%] [32m[1mLinking C shared library rosidl_generator_py/oak_cone_detect_interfaces/oak_cone_detect_interfaces_s__rosidl_typesupport_introspection_c.cpython-310-x86_64-linux-gnu.so[0m
[100%] Built target oak_cone_detect_interfaces__rosidl_typesupport_introspection_c__pyext
-- Install configuration: "Debug"
-- Execute custom install script
-- Symlinking: /home/strohmo/autonomous-system/install/oak_cone_detect_interfaces/share/ament_index/resource_index/rosidl_interfaces/oak_cone_detect_interfaces
-- Symlinking: /home/strohmo/autonomous-system/install/oak_cone_detect_interfaces/include/oak_cone_detect_interfaces/oak_cone_detect_interfaces/msg/cone2_d.h
-- Symlinking: /home/strohmo/autonomous-system/install/oak_cone_detect_interfaces/include/oak_cone_detect_interfaces/oak_cone_detect_interfaces/msg/cone3_d.h
-- Symlinking: /home/strohmo/autonomous-system/install/oak_cone_detect_interfaces/include/oak_cone_detect_interfaces/oak_cone_detect_interfaces/msg/cone_array2_d.h
-- Symlinking: /home/strohmo/autonomous-system/install/oak_cone_detect_interfaces/include/oak_cone_detect_interfaces/oak_cone_detect_interfaces/msg/cone_array3_d.h
-- Symlinking: /home/strohmo/autonomous-system/install/oak_cone_detect_interfaces/include/oak_cone_detect_interfaces/oak_cone_detect_interfaces/msg/detail/cone2_d__functions.h
-- Symlinking: /home/strohmo/autonomous-system/install/oak_cone_detect_interfaces/include/oak_cone_detect_interfaces/oak_cone_detect_interfaces/msg/detail/cone2_d__struct.h
-- Symlinking: /home/strohmo/autonomous-system/install/oak_cone_detect_interfaces/include/oak_cone_detect_interfaces/oak_cone_detect_interfaces/msg/detail/cone2_d__type_support.h
-- Symlinking: /home/strohmo/autonomous-system/install/oak_cone_detect_interfaces/include/oak_cone_detect_interfaces/oak_cone_detect_interfaces/msg/detail/cone3_d__functions.h
-- Symlinking: /home/strohmo/autonomous-system/install/oak_cone_detect_interfaces/include/oak_cone_detect_interfaces/oak_cone_detect_interfaces/msg/detail/cone3_d__struct.h
-- Symlinking: /home/strohmo/autonomous-system/install/oak_cone_detect_interfaces/include/oak_cone_detect_interfaces/oak_cone_detect_interfaces/msg/detail/cone3_d__type_support.h
-- Symlinking: /home/strohmo/autonomous-system/install/oak_cone_detect_interfaces/include/oak_cone_detect_interfaces/oak_cone_detect_interfaces/msg/detail/cone_array2_d__functions.h
-- Symlinking: /home/strohmo/autonomous-system/install/oak_cone_detect_interfaces/include/oak_cone_detect_interfaces/oak_cone_detect_interfaces/msg/detail/cone_array2_d__struct.h
-- Symlinking: /home/strohmo/autonomous-system/install/oak_cone_detect_interfaces/include/oak_cone_detect_interfaces/oak_cone_detect_interfaces/msg/detail/cone_array2_d__type_support.h
-- Symlinking: /home/strohmo/autonomous-system/install/oak_cone_detect_interfaces/include/oak_cone_detect_interfaces/oak_cone_detect_interfaces/msg/detail/cone_array3_d__functions.h
-- Symlinking: /home/strohmo/autonomous-system/install/oak_cone_detect_interfaces/include/oak_cone_detect_interfaces/oak_cone_detect_interfaces/msg/detail/cone_array3_d__struct.h
-- Symlinking: /home/strohmo/autonomous-system/install/oak_cone_detect_interfaces/include/oak_cone_detect_interfaces/oak_cone_detect_interfaces/msg/detail/cone_array3_d__type_support.h
-- Symlinking: /home/strohmo/autonomous-system/install/oak_cone_detect_interfaces/include/oak_cone_detect_interfaces/oak_cone_detect_interfaces/msg/rosidl_generator_c__visibility_control.h
-- Symlinking: /home/strohmo/autonomous-system/install/oak_cone_detect_interfaces/share/oak_cone_detect_interfaces/environment/library_path.sh
-- Symlinking: /home/strohmo/autonomous-system/install/oak_cone_detect_interfaces/share/oak_cone_detect_interfaces/environment/library_path.dsv
-- Symlinking: /home/strohmo/autonomous-system/install/oak_cone_detect_interfaces/include/oak_cone_detect_interfaces/oak_cone_detect_interfaces/msg/detail/cone2_d__rosidl_typesupport_fastrtps_c.h
-- Symlinking: /home/strohmo/autonomous-system/install/oak_cone_detect_interfaces/include/oak_cone_detect_interfaces/oak_cone_detect_interfaces/msg/detail/cone3_d__rosidl_typesupport_fastrtps_c.h
-- Symlinking: /home/strohmo/autonomous-system/install/oak_cone_detect_interfaces/include/oak_cone_detect_interfaces/oak_cone_detect_interfaces/msg/detail/cone_array2_d__rosidl_typesupport_fastrtps_c.h
-- Symlinking: /home/strohmo/autonomous-system/install/oak_cone_detect_interfaces/include/oak_cone_detect_interfaces/oak_cone_detect_interfaces/msg/detail/cone_array3_d__rosidl_typesupport_fastrtps_c.h
-- Symlinking: /home/strohmo/autonomous-system/install/oak_cone_detect_interfaces/include/oak_cone_detect_interfaces/oak_cone_detect_interfaces/msg/rosidl_typesupport_fastrtps_c__visibility_control.h
-- Symlinking: /home/strohmo/autonomous-system/install/oak_cone_detect_interfaces/include/oak_cone_detect_interfaces/oak_cone_detect_interfaces/msg/cone2_d.hpp
-- Symlinking: /home/strohmo/autonomous-system/install/oak_cone_detect_interfaces/include/oak_cone_detect_interfaces/oak_cone_detect_interfaces/msg/cone3_d.hpp
-- Symlinking: /home/strohmo/autonomous-system/install/oak_cone_detect_interfaces/include/oak_cone_detect_interfaces/oak_cone_detect_interfaces/msg/cone_array2_d.hpp
-- Symlinking: /home/strohmo/autonomous-system/install/oak_cone_detect_interfaces/include/oak_cone_detect_interfaces/oak_cone_detect_interfaces/msg/cone_array3_d.hpp
-- Symlinking: /home/strohmo/autonomous-system/install/oak_cone_detect_interfaces/include/oak_cone_detect_interfaces/oak_cone_detect_interfaces/msg/detail/cone2_d__builder.hpp
-- Symlinking: /home/strohmo/autonomous-system/install/oak_cone_detect_interfaces/include/oak_cone_detect_interfaces/oak_cone_detect_interfaces/msg/detail/cone2_d__struct.hpp
-- Symlinking: /home/strohmo/autonomous-system/install/oak_cone_detect_interfaces/include/oak_cone_detect_interfaces/oak_cone_detect_interfaces/msg/detail/cone2_d__traits.hpp
-- Symlinking: /home/strohmo/autonomous-system/install/oak_cone_detect_interfaces/include/oak_cone_detect_interfaces/oak_cone_detect_interfaces/msg/detail/cone2_d__type_support.hpp
-- Symlinking: /home/strohmo/autonomous-system/install/oak_cone_detect_interfaces/include/oak_cone_detect_interfaces/oak_cone_detect_interfaces/msg/detail/cone3_d__builder.hpp
-- Symlinking: /home/strohmo/autonomous-system/install/oak_cone_detect_interfaces/include/oak_cone_detect_interfaces/oak_cone_detect_interfaces/msg/detail/cone3_d__struct.hpp
-- Symlinking: /home/strohmo/autonomous-system/install/oak_cone_detect_interfaces/include/oak_cone_detect_interfaces/oak_cone_detect_interfaces/msg/detail/cone3_d__traits.hpp
-- Symlinking: /home/strohmo/autonomous-system/install/oak_cone_detect_interfaces/include/oak_cone_detect_interfaces/oak_cone_detect_interfaces/msg/detail/cone3_d__type_support.hpp
-- Symlinking: /home/strohmo/autonomous-system/install/oak_cone_detect_interfaces/include/oak_cone_detect_interfaces/oak_cone_detect_interfaces/msg/detail/cone_array2_d__builder.hpp
-- Symlinking: /home/strohmo/autonomous-system/install/oak_cone_detect_interfaces/include/oak_cone_detect_interfaces/oak_cone_detect_interfaces/msg/detail/cone_array2_d__struct.hpp
-- Symlinking: /home/strohmo/autonomous-system/install/oak_cone_detect_interfaces/include/oak_cone_detect_interfaces/oak_cone_detect_interfaces/msg/detail/cone_array2_d__traits.hpp
-- Symlinking: /home/strohmo/autonomous-system/install/oak_cone_detect_interfaces/include/oak_cone_detect_interfaces/oak_cone_detect_interfaces/msg/detail/cone_array2_d__type_support.hpp
-- Symlinking: /home/strohmo/autonomous-system/install/oak_cone_detect_interfaces/include/oak_cone_detect_interfaces/oak_cone_detect_interfaces/msg/detail/cone_array3_d__builder.hpp
-- Symlinking: /home/strohmo/autonomous-system/install/oak_cone_detect_interfaces/include/oak_cone_detect_interfaces/oak_cone_detect_interfaces/msg/detail/cone_array3_d__struct.hpp
-- Symlinking: /home/strohmo/autonomous-system/install/oak_cone_detect_interfaces/include/oak_cone_detect_interfaces/oak_cone_detect_interfaces/msg/detail/cone_array3_d__traits.hpp
-- Symlinking: /home/strohmo/autonomous-system/install/oak_cone_detect_interfaces/include/oak_cone_detect_interfaces/oak_cone_detect_interfaces/msg/detail/cone_array3_d__type_support.hpp
-- Symlinking: /home/strohmo/autonomous-system/install/oak_cone_detect_interfaces/include/oak_cone_detect_interfaces/oak_cone_detect_interfaces/msg/rosidl_generator_cpp__visibility_control.hpp
-- Symlinking: /home/strohmo/autonomous-system/install/oak_cone_detect_interfaces/include/oak_cone_detect_interfaces/oak_cone_detect_interfaces/msg/detail/cone2_d__rosidl_typesupport_fastrtps_cpp.hpp
-- Symlinking: /home/strohmo/autonomous-system/install/oak_cone_detect_interfaces/include/oak_cone_detect_interfaces/oak_cone_detect_interfaces/msg/detail/cone3_d__rosidl_typesupport_fastrtps_cpp.hpp
-- Symlinking: /home/strohmo/autonomous-system/install/oak_cone_detect_interfaces/include/oak_cone_detect_interfaces/oak_cone_detect_interfaces/msg/detail/cone_array2_d__rosidl_typesupport_fastrtps_cpp.hpp
-- Symlinking: /home/strohmo/autonomous-system/install/oak_cone_detect_interfaces/include/oak_cone_detect_interfaces/oak_cone_detect_interfaces/msg/detail/cone_array3_d__rosidl_typesupport_fastrtps_cpp.hpp
-- Symlinking: /home/strohmo/autonomous-system/install/oak_cone_detect_interfaces/include/oak_cone_detect_interfaces/oak_cone_detect_interfaces/msg/rosidl_typesupport_fastrtps_cpp__visibility_control.h
-- Symlinking: /home/strohmo/autonomous-system/install/oak_cone_detect_interfaces/include/oak_cone_detect_interfaces/oak_cone_detect_interfaces/msg/detail/cone2_d__rosidl_typesupport_introspection_c.h
-- Symlinking: /home/strohmo/autonomous-system/install/oak_cone_detect_interfaces/include/oak_cone_detect_interfaces/oak_cone_detect_interfaces/msg/detail/cone3_d__rosidl_typesupport_introspection_c.h
-- Symlinking: /home/strohmo/autonomous-system/install/oak_cone_detect_interfaces/include/oak_cone_detect_interfaces/oak_cone_detect_interfaces/msg/detail/cone_array2_d__rosidl_typesupport_introspection_c.h
-- Symlinking: /home/strohmo/autonomous-system/install/oak_cone_detect_interfaces/include/oak_cone_detect_interfaces/oak_cone_detect_interfaces/msg/detail/cone_array3_d__rosidl_typesupport_introspection_c.h
-- Symlinking: /home/strohmo/autonomous-system/install/oak_cone_detect_interfaces/include/oak_cone_detect_interfaces/oak_cone_detect_interfaces/msg/rosidl_typesupport_introspection_c__visibility_control.h
-- Symlinking: /home/strohmo/autonomous-system/install/oak_cone_detect_interfaces/include/oak_cone_detect_interfaces/oak_cone_detect_interfaces/msg/detail/cone2_d__rosidl_typesupport_introspection_cpp.hpp
-- Symlinking: /home/strohmo/autonomous-system/install/oak_cone_detect_interfaces/include/oak_cone_detect_interfaces/oak_cone_detect_interfaces/msg/detail/cone3_d__rosidl_typesupport_introspection_cpp.hpp
-- Symlinking: /home/strohmo/autonomous-system/install/oak_cone_detect_interfaces/include/oak_cone_detect_interfaces/oak_cone_detect_interfaces/msg/detail/cone_array2_d__rosidl_typesupport_introspection_cpp.hpp
-- Symlinking: /home/strohmo/autonomous-system/install/oak_cone_detect_interfaces/include/oak_cone_detect_interfaces/oak_cone_detect_interfaces/msg/detail/cone_array3_d__rosidl_typesupport_introspection_cpp.hpp
-- Symlinking: /home/strohmo/autonomous-system/install/oak_cone_detect_interfaces/share/oak_cone_detect_interfaces/environment/pythonpath.sh
-- Symlinking: /home/strohmo/autonomous-system/install/oak_cone_detect_interfaces/share/oak_cone_detect_interfaces/environment/pythonpath.dsv
-- Symlinking: /home/strohmo/autonomous-system/install/oak_cone_detect_interfaces/local/lib/python3.10/dist-packages/oak_cone_detect_interfaces-0.0.1-py3.10.egg-info/PKG-INFO
-- Symlinking: /home/strohmo/autonomous-system/install/oak_cone_detect_interfaces/local/lib/python3.10/dist-packages/oak_cone_detect_interfaces-0.0.1-py3.10.egg-info/SOURCES.txt
-- Symlinking: /home/strohmo/autonomous-system/install/oak_cone_detect_interfaces/local/lib/python3.10/dist-packages/oak_cone_detect_interfaces-0.0.1-py3.10.egg-info/dependency_links.txt
-- Symlinking: /home/strohmo/autonomous-system/install/oak_cone_detect_interfaces/local/lib/python3.10/dist-packages/oak_cone_detect_interfaces-0.0.1-py3.10.egg-info/top_level.txt
-- Symlinking: /home/strohmo/autonomous-system/install/oak_cone_detect_interfaces/local/lib/python3.10/dist-packages/oak_cone_detect_interfaces/__init__.py
-- Symlinking: /home/strohmo/autonomous-system/install/oak_cone_detect_interfaces/local/lib/python3.10/dist-packages/oak_cone_detect_interfaces/_oak_cone_detect_interfaces_s.ep.rosidl_typesupport_c.c
-- Symlinking: /home/strohmo/autonomous-system/install/oak_cone_detect_interfaces/local/lib/python3.10/dist-packages/oak_cone_detect_interfaces/_oak_cone_detect_interfaces_s.ep.rosidl_typesupport_fastrtps_c.c
-- Symlinking: /home/strohmo/autonomous-system/install/oak_cone_detect_interfaces/local/lib/python3.10/dist-packages/oak_cone_detect_interfaces/_oak_cone_detect_interfaces_s.ep.rosidl_typesupport_introspection_c.c
-- Symlinking: /home/strohmo/autonomous-system/install/oak_cone_detect_interfaces/local/lib/python3.10/dist-packages/oak_cone_detect_interfaces/liboak_cone_detect_interfaces__rosidl_generator_py.so
-- Symlinking: /home/strohmo/autonomous-system/install/oak_cone_detect_interfaces/local/lib/python3.10/dist-packages/oak_cone_detect_interfaces/msg/__init__.py
-- Symlinking: /home/strohmo/autonomous-system/install/oak_cone_detect_interfaces/local/lib/python3.10/dist-packages/oak_cone_detect_interfaces/msg/_cone2_d.py
-- Symlinking: /home/strohmo/autonomous-system/install/oak_cone_detect_interfaces/local/lib/python3.10/dist-packages/oak_cone_detect_interfaces/msg/_cone2_d_s.c
-- Symlinking: /home/strohmo/autonomous-system/install/oak_cone_detect_interfaces/local/lib/python3.10/dist-packages/oak_cone_detect_interfaces/msg/_cone3_d.py
-- Symlinking: /home/strohmo/autonomous-system/install/oak_cone_detect_interfaces/local/lib/python3.10/dist-packages/oak_cone_detect_interfaces/msg/_cone3_d_s.c
-- Symlinking: /home/strohmo/autonomous-system/install/oak_cone_detect_interfaces/local/lib/python3.10/dist-packages/oak_cone_detect_interfaces/msg/_cone_array2_d.py
-- Symlinking: /home/strohmo/autonomous-system/install/oak_cone_detect_interfaces/local/lib/python3.10/dist-packages/oak_cone_detect_interfaces/msg/_cone_array2_d_s.c
-- Symlinking: /home/strohmo/autonomous-system/install/oak_cone_detect_interfaces/local/lib/python3.10/dist-packages/oak_cone_detect_interfaces/msg/_cone_array3_d.py
-- Symlinking: /home/strohmo/autonomous-system/install/oak_cone_detect_interfaces/local/lib/python3.10/dist-packages/oak_cone_detect_interfaces/msg/_cone_array3_d_s.c
-- Symlinking: /home/strohmo/autonomous-system/install/oak_cone_detect_interfaces/local/lib/python3.10/dist-packages/oak_cone_detect_interfaces/oak_cone_detect_interfaces_s__rosidl_typesupport_c.cpython-310-x86_64-linux-gnu.so
-- Symlinking: /home/strohmo/autonomous-system/install/oak_cone_detect_interfaces/local/lib/python3.10/dist-packages/oak_cone_detect_interfaces/oak_cone_detect_interfaces_s__rosidl_typesupport_fastrtps_c.cpython-310-x86_64-linux-gnu.so
-- Symlinking: /home/strohmo/autonomous-system/install/oak_cone_detect_interfaces/local/lib/python3.10/dist-packages/oak_cone_detect_interfaces/oak_cone_detect_interfaces_s__rosidl_typesupport_introspection_c.cpython-310-x86_64-linux-gnu.so
-- Up-to-date symlink: /home/strohmo/autonomous-system/install/oak_cone_detect_interfaces/local/lib/python3.10/dist-packages/oak_cone_detect_interfaces/oak_cone_detect_interfaces_s__rosidl_typesupport_fastrtps_c.cpython-310-x86_64-linux-gnu.so
-- Up-to-date symlink: /home/strohmo/autonomous-system/install/oak_cone_detect_interfaces/local/lib/python3.10/dist-packages/oak_cone_detect_interfaces/oak_cone_detect_interfaces_s__rosidl_typesupport_introspection_c.cpython-310-x86_64-linux-gnu.so
-- Up-to-date symlink: /home/strohmo/autonomous-system/install/oak_cone_detect_interfaces/local/lib/python3.10/dist-packages/oak_cone_detect_interfaces/oak_cone_detect_interfaces_s__rosidl_typesupport_c.cpython-310-x86_64-linux-gnu.so
-- Symlinking: /home/strohmo/autonomous-system/install/oak_cone_detect_interfaces/share/oak_cone_detect_interfaces/msg/Cone3D.idl
-- Symlinking: /home/strohmo/autonomous-system/install/oak_cone_detect_interfaces/share/oak_cone_detect_interfaces/msg/ConeArray3D.idl
-- Symlinking: /home/strohmo/autonomous-system/install/oak_cone_detect_interfaces/share/oak_cone_detect_interfaces/msg/Cone2D.idl
-- Symlinking: /home/strohmo/autonomous-system/install/oak_cone_detect_interfaces/share/oak_cone_detect_interfaces/msg/ConeArray2D.idl
-- Symlinking: /home/strohmo/autonomous-system/install/oak_cone_detect_interfaces/share/oak_cone_detect_interfaces/msg/Cone3D.msg
-- Symlinking: /home/strohmo/autonomous-system/install/oak_cone_detect_interfaces/share/oak_cone_detect_interfaces/msg/ConeArray3D.msg
-- Symlinking: /home/strohmo/autonomous-system/install/oak_cone_detect_interfaces/share/oak_cone_detect_interfaces/msg/Cone2D.msg
-- Symlinking: /home/strohmo/autonomous-system/install/oak_cone_detect_interfaces/share/oak_cone_detect_interfaces/msg/ConeArray2D.msg
-- Symlinking: /home/strohmo/autonomous-system/install/oak_cone_detect_interfaces/share/ament_index/resource_index/package_run_dependencies/oak_cone_detect_interfaces
-- Symlinking: /home/strohmo/autonomous-system/install/oak_cone_detect_interfaces/share/ament_index/resource_index/parent_prefix_path/oak_cone_detect_interfaces
-- Symlinking: /home/strohmo/autonomous-system/install/oak_cone_detect_interfaces/share/oak_cone_detect_interfaces/environment/ament_prefix_path.sh
-- Symlinking: /home/strohmo/autonomous-system/install/oak_cone_detect_interfaces/share/oak_cone_detect_interfaces/environment/ament_prefix_path.dsv
-- Symlinking: /home/strohmo/autonomous-system/install/oak_cone_detect_interfaces/share/oak_cone_detect_interfaces/environment/path.sh
-- Symlinking: /home/strohmo/autonomous-system/install/oak_cone_detect_interfaces/share/oak_cone_detect_interfaces/environment/path.dsv
-- Symlinking: /home/strohmo/autonomous-system/install/oak_cone_detect_interfaces/share/oak_cone_detect_interfaces/local_setup.bash
-- Symlinking: /home/strohmo/autonomous-system/install/oak_cone_detect_interfaces/share/oak_cone_detect_interfaces/local_setup.sh
-- Symlinking: /home/strohmo/autonomous-system/install/oak_cone_detect_interfaces/share/oak_cone_detect_interfaces/local_setup.zsh
-- Symlinking: /home/strohmo/autonomous-system/install/oak_cone_detect_interfaces/share/oak_cone_detect_interfaces/local_setup.dsv
-- Symlinking: /home/strohmo/autonomous-system/install/oak_cone_detect_interfaces/share/oak_cone_detect_interfaces/package.dsv
-- Symlinking: /home/strohmo/autonomous-system/install/oak_cone_detect_interfaces/share/ament_index/resource_index/packages/oak_cone_detect_interfaces
-- Symlinking: /home/strohmo/autonomous-system/install/oak_cone_detect_interfaces/share/oak_cone_detect_interfaces/cmake/rosidl_cmake-extras.cmake
-- Symlinking: /home/strohmo/autonomous-system/install/oak_cone_detect_interfaces/share/oak_cone_detect_interfaces/cmake/ament_cmake_export_dependencies-extras.cmake
-- Symlinking: /home/strohmo/autonomous-system/install/oak_cone_detect_interfaces/share/oak_cone_detect_interfaces/cmake/ament_cmake_export_include_directories-extras.cmake
-- Symlinking: /home/strohmo/autonomous-system/install/oak_cone_detect_interfaces/share/oak_cone_detect_interfaces/cmake/ament_cmake_export_libraries-extras.cmake
-- Symlinking: /home/strohmo/autonomous-system/install/oak_cone_detect_interfaces/share/oak_cone_detect_interfaces/cmake/ament_cmake_export_targets-extras.cmake
-- Symlinking: /home/strohmo/autonomous-system/install/oak_cone_detect_interfaces/share/oak_cone_detect_interfaces/cmake/rosidl_cmake_export_typesupport_targets-extras.cmake
-- Symlinking: /home/strohmo/autonomous-system/install/oak_cone_detect_interfaces/share/oak_cone_detect_interfaces/cmake/rosidl_cmake_export_typesupport_libraries-extras.cmake
-- Symlinking: /home/strohmo/autonomous-system/install/oak_cone_detect_interfaces/share/oak_cone_detect_interfaces/cmake/oak_cone_detect_interfacesConfig.cmake
-- Symlinking: /home/strohmo/autonomous-system/install/oak_cone_detect_interfaces/share/oak_cone_detect_interfaces/cmake/oak_cone_detect_interfacesConfig-version.cmake
-- Symlinking: /home/strohmo/autonomous-system/install/oak_cone_detect_interfaces/share/oak_cone_detect_interfaces/package.xml
-- Installing: /home/strohmo/autonomous-system/install/oak_cone_detect_interfaces/lib/liboak_cone_detect_interfaces__rosidl_generator_c.so
-- Set runtime path of "/home/strohmo/autonomous-system/install/oak_cone_detect_interfaces/lib/liboak_cone_detect_interfaces__rosidl_generator_c.so" to ""
-- Installing: /home/strohmo/autonomous-system/install/oak_cone_detect_interfaces/lib/liboak_cone_detect_interfaces__rosidl_typesupport_fastrtps_c.so
-- Set runtime path of "/home/strohmo/autonomous-system/install/oak_cone_detect_interfaces/lib/liboak_cone_detect_interfaces__rosidl_typesupport_fastrtps_c.so" to ""
-- Installing: /home/strohmo/autonomous-system/install/oak_cone_detect_interfaces/lib/liboak_cone_detect_interfaces__rosidl_typesupport_fastrtps_cpp.so
-- Set runtime path of "/home/strohmo/autonomous-system/install/oak_cone_detect_interfaces/lib/liboak_cone_detect_interfaces__rosidl_typesupport_fastrtps_cpp.so" to ""
-- Installing: /home/strohmo/autonomous-system/install/oak_cone_detect_interfaces/lib/liboak_cone_detect_interfaces__rosidl_typesupport_introspection_c.so
-- Set runtime path of "/home/strohmo/autonomous-system/install/oak_cone_detect_interfaces/lib/liboak_cone_detect_interfaces__rosidl_typesupport_introspection_c.so" to ""
-- Installing: /home/strohmo/autonomous-system/install/oak_cone_detect_interfaces/lib/liboak_cone_detect_interfaces__rosidl_typesupport_c.so
-- Set runtime path of "/home/strohmo/autonomous-system/install/oak_cone_detect_interfaces/lib/liboak_cone_detect_interfaces__rosidl_typesupport_c.so" to ""
-- Installing: /home/strohmo/autonomous-system/install/oak_cone_detect_interfaces/lib/liboak_cone_detect_interfaces__rosidl_typesupport_introspection_cpp.so
-- Set runtime path of "/home/strohmo/autonomous-system/install/oak_cone_detect_interfaces/lib/liboak_cone_detect_interfaces__rosidl_typesupport_introspection_cpp.so" to ""
-- Installing: /home/strohmo/autonomous-system/install/oak_cone_detect_interfaces/lib/liboak_cone_detect_interfaces__rosidl_typesupport_cpp.so
-- Set runtime path of "/home/strohmo/autonomous-system/install/oak_cone_detect_interfaces/lib/liboak_cone_detect_interfaces__rosidl_typesupport_cpp.so" to ""
Listing '/home/strohmo/autonomous-system/install/oak_cone_detect_interfaces/local/lib/python3.10/dist-packages/oak_cone_detect_interfaces'...
Compiling '/home/strohmo/autonomous-system/install/oak_cone_detect_interfaces/local/lib/python3.10/dist-packages/oak_cone_detect_interfaces/__init__.py'...
Listing '/home/strohmo/autonomous-system/install/oak_cone_detect_interfaces/local/lib/python3.10/dist-packages/oak_cone_detect_interfaces/msg'...
Compiling '/home/strohmo/autonomous-system/install/oak_cone_detect_interfaces/local/lib/python3.10/dist-packages/oak_cone_detect_interfaces/msg/__init__.py'...
Compiling '/home/strohmo/autonomous-system/install/oak_cone_detect_interfaces/local/lib/python3.10/dist-packages/oak_cone_detect_interfaces/msg/_cone2_d.py'...
Compiling '/home/strohmo/autonomous-system/install/oak_cone_detect_interfaces/local/lib/python3.10/dist-packages/oak_cone_detect_interfaces/msg/_cone3_d.py'...
Compiling '/home/strohmo/autonomous-system/install/oak_cone_detect_interfaces/local/lib/python3.10/dist-packages/oak_cone_detect_interfaces/msg/_cone_array2_d.py'...
Compiling '/home/strohmo/autonomous-system/install/oak_cone_detect_interfaces/local/lib/python3.10/dist-packages/oak_cone_detect_interfaces/msg/_cone_array3_d.py'...
-- Installing: /home/strohmo/autonomous-system/install/oak_cone_detect_interfaces/lib/liboak_cone_detect_interfaces__rosidl_generator_py.so
-- Set runtime path of "/home/strohmo/autonomous-system/install/oak_cone_detect_interfaces/lib/liboak_cone_detect_interfaces__rosidl_generator_py.so" to ""
-- Installing: /home/strohmo/autonomous-system/install/oak_cone_detect_interfaces/share/oak_cone_detect_interfaces/cmake/export_oak_cone_detect_interfaces__rosidl_generator_cExport.cmake
-- Installing: /home/strohmo/autonomous-system/install/oak_cone_detect_interfaces/share/oak_cone_detect_interfaces/cmake/export_oak_cone_detect_interfaces__rosidl_generator_cExport-debug.cmake
-- Installing: /home/strohmo/autonomous-system/install/oak_cone_detect_interfaces/share/oak_cone_detect_interfaces/cmake/export_oak_cone_detect_interfaces__rosidl_typesupport_fastrtps_cExport.cmake
-- Installing: /home/strohmo/autonomous-system/install/oak_cone_detect_interfaces/share/oak_cone_detect_interfaces/cmake/export_oak_cone_detect_interfaces__rosidl_typesupport_fastrtps_cExport-debug.cmake
-- Installing: /home/strohmo/autonomous-system/install/oak_cone_detect_interfaces/share/oak_cone_detect_interfaces/cmake/export_oak_cone_detect_interfaces__rosidl_generator_cppExport.cmake
-- Installing: /home/strohmo/autonomous-system/install/oak_cone_detect_interfaces/share/oak_cone_detect_interfaces/cmake/export_oak_cone_detect_interfaces__rosidl_typesupport_fastrtps_cppExport.cmake
-- Installing: /home/strohmo/autonomous-system/install/oak_cone_detect_interfaces/share/oak_cone_detect_interfaces/cmake/export_oak_cone_detect_interfaces__rosidl_typesupport_fastrtps_cppExport-debug.cmake
-- Installing: /home/strohmo/autonomous-system/install/oak_cone_detect_interfaces/share/oak_cone_detect_interfaces/cmake/oak_cone_detect_interfaces__rosidl_typesupport_introspection_cExport.cmake
-- Installing: /home/strohmo/autonomous-system/install/oak_cone_detect_interfaces/share/oak_cone_detect_interfaces/cmake/oak_cone_detect_interfaces__rosidl_typesupport_introspection_cExport-debug.cmake
-- Installing: /home/strohmo/autonomous-system/install/oak_cone_detect_interfaces/share/oak_cone_detect_interfaces/cmake/oak_cone_detect_interfaces__rosidl_typesupport_cExport.cmake
-- Installing: /home/strohmo/autonomous-system/install/oak_cone_detect_interfaces/share/oak_cone_detect_interfaces/cmake/oak_cone_detect_interfaces__rosidl_typesupport_cExport-debug.cmake
-- Installing: /home/strohmo/autonomous-system/install/oak_cone_detect_interfaces/share/oak_cone_detect_interfaces/cmake/oak_cone_detect_interfaces__rosidl_typesupport_introspection_cppExport.cmake
-- Installing: /home/strohmo/autonomous-system/install/oak_cone_detect_interfaces/share/oak_cone_detect_interfaces/cmake/oak_cone_detect_interfaces__rosidl_typesupport_introspection_cppExport-debug.cmake
-- Installing: /home/strohmo/autonomous-system/install/oak_cone_detect_interfaces/share/oak_cone_detect_interfaces/cmake/oak_cone_detect_interfaces__rosidl_typesupport_cppExport.cmake
-- Installing: /home/strohmo/autonomous-system/install/oak_cone_detect_interfaces/share/oak_cone_detect_interfaces/cmake/oak_cone_detect_interfaces__rosidl_typesupport_cppExport-debug.cmake
-- Installing: /home/strohmo/autonomous-system/install/oak_cone_detect_interfaces/share/oak_cone_detect_interfaces/cmake/export_oak_cone_detect_interfaces__rosidl_generator_pyExport.cmake
-- Installing: /home/strohmo/autonomous-system/install/oak_cone_detect_interfaces/share/oak_cone_detect_interfaces/cmake/export_oak_cone_detect_interfaces__rosidl_generator_pyExport-debug.cmake
