[4.535s] Invoking command in '/home/strohmo/autonomous-system/build/onnx_cone_detect': CMAKE_PREFIX_PATH=/home/strohmo/autonomous-system/install/depthai_ros_driver:/home/strohmo/autonomous-system/install/depthai_bridge:/home/strohmo/autonomous-system/install/oak_cone_detect_interfaces:/home/strohmo/autonomous-system/install/depthai_ros_msgs:/home/strohmo/autonomous-system/install/descriptions:/home/strohmo/autonomous-system/install/depthai-ros LD_LIBRARY_PATH=/home/strohmo/autonomous-system/install/depthai_ros_driver/lib:/home/strohmo/autonomous-system/install/depthai_bridge/lib:/home/strohmo/autonomous-system/install/oak_cone_detect_interfaces/lib:/home/strohmo/autonomous-system/install/depthai_ros_msgs/lib:/opt/ros/humble/opt/rviz_ogre_vendor/lib:/opt/ros/humble/lib/x86_64-linux-gnu:/opt/ros/humble/lib:/usr/local/cuda/lib64:/opt/onnxruntime/lib PYTHONPATH=/home/strohmo/autonomous-system/build/onnx_cone_detect/prefix_override:/usr/lib/python3/dist-packages/colcon_core/task/python/colcon_distutils_commands:/home/strohmo/autonomous-system/install/onnx_cone_detect/lib/python3.10/site-packages:${PYTHONPATH} /usr/bin/python3 -W ignore:setup.py install is deprecated -W ignore:easy_install command is deprecated setup.py develop --editable --build-directory /home/strohmo/autonomous-system/build/onnx_cone_detect/build --no-deps symlink_data
[5.412s] running develop
[5.931s] running egg_info
[5.932s] creating onnx_cone_detect.egg-info
[5.934s] writing onnx_cone_detect.egg-info/PKG-INFO
[5.937s] writing dependency_links to onnx_cone_detect.egg-info/dependency_links.txt
[5.938s] writing entry points to onnx_cone_detect.egg-info/entry_points.txt
[5.940s] writing requirements to onnx_cone_detect.egg-info/requires.txt
[5.942s] writing top-level names to onnx_cone_detect.egg-info/top_level.txt
[5.943s] writing manifest file 'onnx_cone_detect.egg-info/SOURCES.txt'
[5.948s] reading manifest file 'onnx_cone_detect.egg-info/SOURCES.txt'
[5.954s] writing manifest file 'onnx_cone_detect.egg-info/SOURCES.txt'
[5.961s] running build_ext
[5.964s] Creating /home/strohmo/autonomous-system/install/onnx_cone_detect/lib/python3.10/site-packages/onnx-cone-detect.egg-link (link to .)
[5.965s] Installing depth_node script to /home/strohmo/autonomous-system/install/onnx_cone_detect/lib/onnx_cone_detect
[5.967s] Installing detection_node script to /home/strohmo/autonomous-system/install/onnx_cone_detect/lib/onnx_cone_detect
[5.969s] Installing imu_viz_node script to /home/strohmo/autonomous-system/install/onnx_cone_detect/lib/onnx_cone_detect
[5.972s] Installing multi_node_main script to /home/strohmo/autonomous-system/install/onnx_cone_detect/lib/onnx_cone_detect
[5.973s] Installing pathfinding_node script to /home/strohmo/autonomous-system/install/onnx_cone_detect/lib/onnx_cone_detect
[5.978s] 
[5.978s] Installed /home/strohmo/autonomous-system/build/onnx_cone_detect
[5.979s] running symlink_data
[5.988s] symbolically linking /home/strohmo/autonomous-system/build/onnx_cone_detect/package.xml -> /home/strohmo/autonomous-system/install/onnx_cone_detect/share/onnx_cone_detect
[5.988s] creating /home/strohmo/autonomous-system/install/onnx_cone_detect/share/onnx_cone_detect/launch
[5.988s] symbolically linking /home/strohmo/autonomous-system/build/onnx_cone_detect/launch/detection_node.launch.py -> /home/strohmo/autonomous-system/install/onnx_cone_detect/share/onnx_cone_detect/launch
[5.988s] creating /home/strohmo/autonomous-system/install/onnx_cone_detect/share/onnx_cone_detect/config
[5.989s] symbolically linking /home/strohmo/autonomous-system/build/onnx_cone_detect/config/oak_camera.yaml -> /home/strohmo/autonomous-system/install/onnx_cone_detect/share/onnx_cone_detect/config
[5.989s] creating /home/strohmo/autonomous-system/install/onnx_cone_detect/share/onnx_cone_detect/resource
[5.989s] symbolically linking /home/strohmo/autonomous-system/build/onnx_cone_detect/resource/best.pt -> /home/strohmo/autonomous-system/install/onnx_cone_detect/share/onnx_cone_detect/resource
[5.989s] symbolically linking /home/strohmo/autonomous-system/build/onnx_cone_detect/resource/best416.onnx -> /home/strohmo/autonomous-system/install/onnx_cone_detect/share/onnx_cone_detect/resource
[5.991s] symbolically linking /home/strohmo/autonomous-system/build/onnx_cone_detect/resource/best640.onnx -> /home/strohmo/autonomous-system/install/onnx_cone_detect/share/onnx_cone_detect/resource
[5.992s] symbolically linking /home/strohmo/autonomous-system/build/onnx_cone_detect/resource/v11n_416x416.onnx -> /home/strohmo/autonomous-system/install/onnx_cone_detect/share/onnx_cone_detect/resource
[6.146s] Invoked command in '/home/strohmo/autonomous-system/build/onnx_cone_detect' returned '0': CMAKE_PREFIX_PATH=/home/strohmo/autonomous-system/install/depthai_ros_driver:/home/strohmo/autonomous-system/install/depthai_bridge:/home/strohmo/autonomous-system/install/oak_cone_detect_interfaces:/home/strohmo/autonomous-system/install/depthai_ros_msgs:/home/strohmo/autonomous-system/install/descriptions:/home/strohmo/autonomous-system/install/depthai-ros LD_LIBRARY_PATH=/home/strohmo/autonomous-system/install/depthai_ros_driver/lib:/home/strohmo/autonomous-system/install/depthai_bridge/lib:/home/strohmo/autonomous-system/install/oak_cone_detect_interfaces/lib:/home/strohmo/autonomous-system/install/depthai_ros_msgs/lib:/opt/ros/humble/opt/rviz_ogre_vendor/lib:/opt/ros/humble/lib/x86_64-linux-gnu:/opt/ros/humble/lib:/usr/local/cuda/lib64:/opt/onnxruntime/lib PYTHONPATH=/home/strohmo/autonomous-system/build/onnx_cone_detect/prefix_override:/usr/lib/python3/dist-packages/colcon_core/task/python/colcon_distutils_commands:/home/strohmo/autonomous-system/install/onnx_cone_detect/lib/python3.10/site-packages:${PYTHONPATH} /usr/bin/python3 -W ignore:setup.py install is deprecated -W ignore:easy_install command is deprecated setup.py develop --editable --build-directory /home/strohmo/autonomous-system/build/onnx_cone_detect/build --no-deps symlink_data
